     PID         DATE      TIME      ELAPSED    CPU    MEM       RSS     VSIZE       CMD
   34488   2021-04-29  15:22:26  02-01:58:39    0.0    1.3    110696   5851780  /Applications/Microsoft Teams.app/Contents/MacOS/Teams --updateSucceeded 489f9d1e-36f6-4524-bb50-864be3382d2f
   34488   2021-04-29  15:22:27  02-01:58:40    0.3    1.3    110688   5851780  /Applications/Microsoft Teams.app/Contents/MacOS/Teams --updateSucceeded 489f9d1e-36f6-4524-bb50-864be3382d2f
   34488   2021-04-29  15:22:28  02-01:58:41    0.0    1.3    110688   5851780  /Applications/Microsoft Teams.app/Contents/MacOS/Teams --updateSucceeded 489f9d1e-36f6-4524-bb50-864be3382d2f
   34488   2021-04-29  15:22:29  02-01:58:42    4.5    1.3    110772   5852304  /Applications/Microsoft Teams.app/Contents/MacOS/Teams --updateSucceeded 489f9d1e-36f6-4524-bb50-864be3382d2f
   34488   2021-04-29  15:22:30  02-01:58:43    6.1    1.3    110784   5852304  /Applications/Microsoft Teams.app/Contents/MacOS/Teams --updateSucceeded 489f9d1e-36f6-4524-bb50-864be3382d2f
   34488   2021-04-29  15:22:31  02-01:58:44    8.7    1.3    111112   5860560  /Applications/Microsoft Teams.app/Contents/MacOS/Teams --updateSucceeded 489f9d1e-36f6-4524-bb50-864be3382d2f
   34488   2021-04-29  15:22:32  02-01:58:45    4.4    1.3    109280   5860560  /Applications/Microsoft Teams.app/Contents/MacOS/Teams --updateSucceeded 489f9d1e-36f6-4524-bb50-864be3382d2f
   34488   2021-04-29  15:22:33  02-01:58:46   16.1    1.3    111040   5861572  /Applications/Microsoft Teams.app/Contents/MacOS/Teams --updateSucceeded 489f9d1e-36f6-4524-bb50-864be3382d2f
   34488   2021-04-29  15:22:34  02-01:58:47   11.0    1.3    110456   5862072  /Applications/Microsoft Teams.app/Contents/MacOS/Teams --updateSucceeded 489f9d1e-36f6-4524-bb50-864be3382d2f
   34488   2021-04-29  15:22:35  02-01:58:49   11.0    1.3    110668   5862072  /Applications/Microsoft Teams.app/Contents/MacOS/Teams --updateSucceeded 489f9d1e-36f6-4524-bb50-864be3382d2f
   34488   2021-04-29  15:22:37  02-01:58:50    8.4    1.3    110908   5862072  /Applications/Microsoft Teams.app/Contents/MacOS/Teams --updateSucceeded 489f9d1e-36f6-4524-bb50-864be3382d2f
   34488   2021-04-29  15:22:38  02-01:58:51   14.9    1.3    111160   5862072  /Applications/Microsoft Teams.app/Contents/MacOS/Teams --updateSucceeded 489f9d1e-36f6-4524-bb50-864be3382d2f
   34488   2021-04-29  15:22:39  02-01:58:52    8.9    1.3    111156   5862072  /Applications/Microsoft Teams.app/Contents/MacOS/Teams --updateSucceeded 489f9d1e-36f6-4524-bb50-864be3382d2f
   34488   2021-04-29  15:22:40  02-01:58:53    5.1    1.3    111208   5862020  /Applications/Microsoft Teams.app/Contents/MacOS/Teams --updateSucceeded 489f9d1e-36f6-4524-bb50-864be3382d2f
   34488   2021-04-29  15:22:41  02-01:58:54    3.2    1.3    111260   5862020  /Applications/Microsoft Teams.app/Contents/MacOS/Teams --updateSucceeded 489f9d1e-36f6-4524-bb50-864be3382d2f
   34488   2021-04-29  15:22:42  02-01:58:55   18.1    1.3    111276   5862020  /Applications/Microsoft Teams.app/Contents/MacOS/Teams --updateSucceeded 489f9d1e-36f6-4524-bb50-864be3382d2f
   34488   2021-04-29  15:22:43  02-01:58:56    8.0    1.3    111296   5862020  /Applications/Microsoft Teams.app/Contents/MacOS/Teams --updateSucceeded 489f9d1e-36f6-4524-bb50-864be3382d2f
   34488   2021-04-29  15:22:44  02-01:58:57   15.4    1.3    111316   5862020  /Applications/Microsoft Teams.app/Contents/MacOS/Teams --updateSucceeded 489f9d1e-36f6-4524-bb50-864be3382d2f
   34488   2021-04-29  15:22:45  02-01:58:58    4.3    1.3    111308   5861496  /Applications/Microsoft Teams.app/Contents/MacOS/Teams --updateSucceeded 489f9d1e-36f6-4524-bb50-864be3382d2f
   34488   2021-04-29  15:22:46  02-01:58:59    3.9    1.3    111360   5861496  /Applications/Microsoft Teams.app/Contents/MacOS/Teams --updateSucceeded 489f9d1e-36f6-4524-bb50-864be3382d2f
   34488   2021-04-29  15:22:47  02-01:59:00    0.3    1.3    111360   5861496  /Applications/Microsoft Teams.app/Contents/MacOS/Teams --updateSucceeded 489f9d1e-36f6-4524-bb50-864be3382d2f
   34488   2021-04-29  15:22:48  02-01:59:02   16.1    1.3    112232   5861752  /Applications/Microsoft Teams.app/Contents/MacOS/Teams --updateSucceeded 489f9d1e-36f6-4524-bb50-864be3382d2f
   34488   2021-04-29  15:22:50  02-01:59:03    0.9    1.3    112272   5861752  /Applications/Microsoft Teams.app/Contents/MacOS/Teams --updateSucceeded 489f9d1e-36f6-4524-bb50-864be3382d2f
   34488   2021-04-29  15:22:51  02-01:59:04    0.3    1.3    112272   5861752  /Applications/Microsoft Teams.app/Contents/MacOS/Teams --updateSucceeded 489f9d1e-36f6-4524-bb50-864be3382d2f
   34488   2021-04-29  15:22:52  02-01:59:05    9.7    1.4    113728   5861228  /Applications/Microsoft Teams.app/Contents/MacOS/Teams --updateSucceeded 489f9d1e-36f6-4524-bb50-864be3382d2f
   34488   2021-04-29  15:22:53  02-01:59:06    4.2    1.4    113764   5861228  /Applications/Microsoft Teams.app/Contents/MacOS/Teams --updateSucceeded 489f9d1e-36f6-4524-bb50-864be3382d2f
   34488   2021-04-29  15:22:54  02-01:59:07   17.3    1.4    113952   5861228  /Applications/Microsoft Teams.app/Contents/MacOS/Teams --updateSucceeded 489f9d1e-36f6-4524-bb50-864be3382d2f
   34488   2021-04-29  15:22:55  02-01:59:08   16.6    1.4    113984   5861228  /Applications/Microsoft Teams.app/Contents/MacOS/Teams --updateSucceeded 489f9d1e-36f6-4524-bb50-864be3382d2f
   34488   2021-04-29  15:22:56  02-01:59:09    2.4    1.4    114024   5861228  /Applications/Microsoft Teams.app/Contents/MacOS/Teams --updateSucceeded 489f9d1e-36f6-4524-bb50-864be3382d2f
   34488   2021-04-29  15:22:57  02-01:59:10   16.3    1.4    114132   5861228  /Applications/Microsoft Teams.app/Contents/MacOS/Teams --updateSucceeded 489f9d1e-36f6-4524-bb50-864be3382d2f
   34488   2021-04-29  15:22:58  02-01:59:11    8.5    1.4    114160   5861752  /Applications/Microsoft Teams.app/Contents/MacOS/Teams --updateSucceeded 489f9d1e-36f6-4524-bb50-864be3382d2f
   34488   2021-04-29  15:22:59  02-01:59:12    8.1    1.4    113672   5861752  /Applications/Microsoft Teams.app/Contents/MacOS/Teams --updateSucceeded 489f9d1e-36f6-4524-bb50-864be3382d2f
   34488   2021-04-29  15:23:00  02-01:59:13    8.8    1.4    115172   5862800  /Applications/Microsoft Teams.app/Contents/MacOS/Teams --updateSucceeded 489f9d1e-36f6-4524-bb50-864be3382d2f
   34488   2021-04-29  15:23:01  02-01:59:14    0.7    1.4    115712   5863252  /Applications/Microsoft Teams.app/Contents/MacOS/Teams --updateSucceeded 489f9d1e-36f6-4524-bb50-864be3382d2f
   34488   2021-04-29  15:23:02  02-01:59:16    9.7    1.4    115732   5863252  /Applications/Microsoft Teams.app/Contents/MacOS/Teams --updateSucceeded 489f9d1e-36f6-4524-bb50-864be3382d2f
   34488   2021-04-29  15:23:04  02-01:59:17   18.4    1.4    115788   5863252  /Applications/Microsoft Teams.app/Contents/MacOS/Teams --updateSucceeded 489f9d1e-36f6-4524-bb50-864be3382d2f
   34488   2021-04-29  15:23:05  02-01:59:18   24.7    1.4    115808   5863252  /Applications/Microsoft Teams.app/Contents/MacOS/Teams --updateSucceeded 489f9d1e-36f6-4524-bb50-864be3382d2f
   34488   2021-04-29  15:23:06  02-01:59:19    5.5    1.4    115784   5863192  /Applications/Microsoft Teams.app/Contents/MacOS/Teams --updateSucceeded 489f9d1e-36f6-4524-bb50-864be3382d2f
   34488   2021-04-29  15:23:07  02-01:59:20    6.6    1.4    114984   5863192  /Applications/Microsoft Teams.app/Contents/MacOS/Teams --updateSucceeded 489f9d1e-36f6-4524-bb50-864be3382d2f
   34488   2021-04-29  15:23:08  02-01:59:21    1.2    1.4    114864   5863192  /Applications/Microsoft Teams.app/Contents/MacOS/Teams --updateSucceeded 489f9d1e-36f6-4524-bb50-864be3382d2f
   34488   2021-04-29  15:23:09  02-01:59:22    4.6    1.4    114900   5863192  /Applications/Microsoft Teams.app/Contents/MacOS/Teams --updateSucceeded 489f9d1e-36f6-4524-bb50-864be3382d2f
   34488   2021-04-29  15:23:10  02-01:59:23    9.3    1.4    114960   5863192  /Applications/Microsoft Teams.app/Contents/MacOS/Teams --updateSucceeded 489f9d1e-36f6-4524-bb50-864be3382d2f
   34488   2021-04-29  15:23:11  02-01:59:24   24.4    1.4    115036   5863192  /Applications/Microsoft Teams.app/Contents/MacOS/Teams --updateSucceeded 489f9d1e-36f6-4524-bb50-864be3382d2f
   34488   2021-04-29  15:23:12  02-01:59:25    0.8    1.4    115052   5862668  /Applications/Microsoft Teams.app/Contents/MacOS/Teams --updateSucceeded 489f9d1e-36f6-4524-bb50-864be3382d2f
   34488   2021-04-29  15:23:13  02-01:59:26   12.3    1.4    114500   5863056  /Applications/Microsoft Teams.app/Contents/MacOS/Teams --updateSucceeded 489f9d1e-36f6-4524-bb50-864be3382d2f
   34488   2021-04-29  15:23:14  02-01:59:28    1.0    1.4    114548   5863056  /Applications/Microsoft Teams.app/Contents/MacOS/Teams --updateSucceeded 489f9d1e-36f6-4524-bb50-864be3382d2f
   34488   2021-04-29  15:23:16  02-01:59:29    0.3    1.4    114588   5863056  /Applications/Microsoft Teams.app/Contents/MacOS/Teams --updateSucceeded 489f9d1e-36f6-4524-bb50-864be3382d2f
   34488   2021-04-29  15:23:17  02-01:59:30    0.2    1.4    114588   5863056  /Applications/Microsoft Teams.app/Contents/MacOS/Teams --updateSucceeded 489f9d1e-36f6-4524-bb50-864be3382d2f
   34488   2021-04-29  15:23:18  02-01:59:31    0.1    1.4    114588   5863056  /Applications/Microsoft Teams.app/Contents/MacOS/Teams --updateSucceeded 489f9d1e-36f6-4524-bb50-864be3382d2f
   34488   2021-04-29  15:23:19  02-01:59:32   23.9    1.4    114448   5861448  /Applications/Microsoft Teams.app/Contents/MacOS/Teams --updateSucceeded 489f9d1e-36f6-4524-bb50-864be3382d2f
   34488   2021-04-29  15:23:20  02-01:59:33   15.2    1.4    114660   5862496  /Applications/Microsoft Teams.app/Contents/MacOS/Teams --updateSucceeded 489f9d1e-36f6-4524-bb50-864be3382d2f
   34488   2021-04-29  15:23:21  02-01:59:34   21.7    1.4    114740   5862496  /Applications/Microsoft Teams.app/Contents/MacOS/Teams --updateSucceeded 489f9d1e-36f6-4524-bb50-864be3382d2f
   34488   2021-04-29  15:23:22  02-01:59:35   11.3    1.4    114848   5862496  /Applications/Microsoft Teams.app/Contents/MacOS/Teams --updateSucceeded 489f9d1e-36f6-4524-bb50-864be3382d2f
   34488   2021-04-29  15:23:23  02-01:59:36    0.4    1.4    114868   5862496  /Applications/Microsoft Teams.app/Contents/MacOS/Teams --updateSucceeded 489f9d1e-36f6-4524-bb50-864be3382d2f
   34488   2021-04-29  15:23:24  02-01:59:37    5.2    1.4    115044   5863020  /Applications/Microsoft Teams.app/Contents/MacOS/Teams --updateSucceeded 489f9d1e-36f6-4524-bb50-864be3382d2f
   34488   2021-04-29  15:23:25  02-01:59:38    6.0    1.4    115104   5863020  /Applications/Microsoft Teams.app/Contents/MacOS/Teams --updateSucceeded 489f9d1e-36f6-4524-bb50-864be3382d2f
   34488   2021-04-29  15:23:26  02-01:59:39    0.4    1.4    115264   5863020  /Applications/Microsoft Teams.app/Contents/MacOS/Teams --updateSucceeded 489f9d1e-36f6-4524-bb50-864be3382d2f
   34488   2021-04-29  15:23:27  02-01:59:40    0.1    1.4    115264   5863020  /Applications/Microsoft Teams.app/Contents/MacOS/Teams --updateSucceeded 489f9d1e-36f6-4524-bb50-864be3382d2f
   34488   2021-04-29  15:23:29  02-01:59:42    0.0    1.4    115264   5863020  /Applications/Microsoft Teams.app/Contents/MacOS/Teams --updateSucceeded 489f9d1e-36f6-4524-bb50-864be3382d2f
   34488   2021-04-29  15:23:30  02-01:59:43    2.6    1.4    115284   5863020  /Applications/Microsoft Teams.app/Contents/MacOS/Teams --updateSucceeded 489f9d1e-36f6-4524-bb50-864be3382d2f
   34488   2021-04-29  15:23:31  02-01:59:44    0.9    1.4    115268   5862496  /Applications/Microsoft Teams.app/Contents/MacOS/Teams --updateSucceeded 489f9d1e-36f6-4524-bb50-864be3382d2f
   34488   2021-04-29  15:23:32  02-01:59:45    0.1    1.4    115268   5862496  /Applications/Microsoft Teams.app/Contents/MacOS/Teams --updateSucceeded 489f9d1e-36f6-4524-bb50-864be3382d2f
   34488   2021-04-29  15:23:33  02-01:59:46    0.0    1.4    115268   5862496  /Applications/Microsoft Teams.app/Contents/MacOS/Teams --updateSucceeded 489f9d1e-36f6-4524-bb50-864be3382d2f
   34488   2021-04-29  15:23:34  02-01:59:47    0.0    1.4    115268   5862496  /Applications/Microsoft Teams.app/Contents/MacOS/Teams --updateSucceeded 489f9d1e-36f6-4524-bb50-864be3382d2f
   34488   2021-04-29  15:23:35  02-01:59:48    0.1    1.4    115268   5862496  /Applications/Microsoft Teams.app/Contents/MacOS/Teams --updateSucceeded 489f9d1e-36f6-4524-bb50-864be3382d2f
   34488   2021-04-29  15:23:36  02-01:59:49    0.5    1.4    115388   5862608  /Applications/Microsoft Teams.app/Contents/MacOS/Teams --updateSucceeded 489f9d1e-36f6-4524-bb50-864be3382d2f
   34488   2021-04-29  15:23:37  02-01:59:50   11.2    1.4    115636   5862608  /Applications/Microsoft Teams.app/Contents/MacOS/Teams --updateSucceeded 489f9d1e-36f6-4524-bb50-864be3382d2f
   34488   2021-04-29  15:23:38  02-01:59:51    1.8    1.4    115688   5863132  /Applications/Microsoft Teams.app/Contents/MacOS/Teams --updateSucceeded 489f9d1e-36f6-4524-bb50-864be3382d2f
   34488   2021-04-29  15:23:39  02-01:59:52   12.0    1.4    115704   5863132  /Applications/Microsoft Teams.app/Contents/MacOS/Teams --updateSucceeded 489f9d1e-36f6-4524-bb50-864be3382d2f
   34488   2021-04-29  15:23:40  02-01:59:53   14.6    1.4    115736   5863132  /Applications/Microsoft Teams.app/Contents/MacOS/Teams --updateSucceeded 489f9d1e-36f6-4524-bb50-864be3382d2f
   34488   2021-04-29  15:23:42  02-01:59:55    7.1    1.4    115752   5863132  /Applications/Microsoft Teams.app/Contents/MacOS/Teams --updateSucceeded 489f9d1e-36f6-4524-bb50-864be3382d2f
   34488   2021-04-29  15:23:43  02-01:59:56   23.1    1.4    115752   5863132  /Applications/Microsoft Teams.app/Contents/MacOS/Teams --updateSucceeded 489f9d1e-36f6-4524-bb50-864be3382d2f
   34488   2021-04-29  15:23:44  02-01:59:57    4.7    1.4    115756   5863132  /Applications/Microsoft Teams.app/Contents/MacOS/Teams --updateSucceeded 489f9d1e-36f6-4524-bb50-864be3382d2f
   34488   2021-04-29  15:23:45  02-01:59:58   12.9    1.4    115816   5863132  /Applications/Microsoft Teams.app/Contents/MacOS/Teams --updateSucceeded 489f9d1e-36f6-4524-bb50-864be3382d2f
   34488   2021-04-29  15:23:46  02-01:59:59   13.3    1.4    115840   5863132  /Applications/Microsoft Teams.app/Contents/MacOS/Teams --updateSucceeded 489f9d1e-36f6-4524-bb50-864be3382d2f
   34488   2021-04-29  15:23:47  02-02:00:00    0.5    1.4    115928   5863132  /Applications/Microsoft Teams.app/Contents/MacOS/Teams --updateSucceeded 489f9d1e-36f6-4524-bb50-864be3382d2f
   34488   2021-04-29  15:23:48  02-02:00:01   17.8    1.4    117020   5905972  /Applications/Microsoft Teams.app/Contents/MacOS/Teams --updateSucceeded 489f9d1e-36f6-4524-bb50-864be3382d2f
   34488   2021-04-29  15:23:49  02-02:00:02    8.4    1.4    116760   5906388  /Applications/Microsoft Teams.app/Contents/MacOS/Teams --updateSucceeded 489f9d1e-36f6-4524-bb50-864be3382d2f
   34488   2021-04-29  15:23:50  02-02:00:03   14.1    1.4    117056   5906340  /Applications/Microsoft Teams.app/Contents/MacOS/Teams --updateSucceeded 489f9d1e-36f6-4524-bb50-864be3382d2f
   34488   2021-04-29  15:23:51  02-02:00:04    6.9    1.4    117124   5906340  /Applications/Microsoft Teams.app/Contents/MacOS/Teams --updateSucceeded 489f9d1e-36f6-4524-bb50-864be3382d2f
   34488   2021-04-29  15:23:52  02-02:00:05   20.6    1.4    117140   5906340  /Applications/Microsoft Teams.app/Contents/MacOS/Teams --updateSucceeded 489f9d1e-36f6-4524-bb50-864be3382d2f
   34488   2021-04-29  15:23:53  02-02:00:06    5.2    1.4    117196   5906300  /Applications/Microsoft Teams.app/Contents/MacOS/Teams --updateSucceeded 489f9d1e-36f6-4524-bb50-864be3382d2f
   34488   2021-04-29  15:23:54  02-02:00:07    8.7    1.4    117444   5906296  /Applications/Microsoft Teams.app/Contents/MacOS/Teams --updateSucceeded 489f9d1e-36f6-4524-bb50-864be3382d2f
   34488   2021-04-29  15:23:55  02-02:00:09    3.6    1.4    117436   5906232  /Applications/Microsoft Teams.app/Contents/MacOS/Teams --updateSucceeded 489f9d1e-36f6-4524-bb50-864be3382d2f
   34488   2021-04-29  15:23:57  02-02:00:10    2.3    1.4    117556   5906232  /Applications/Microsoft Teams.app/Contents/MacOS/Teams --updateSucceeded 489f9d1e-36f6-4524-bb50-864be3382d2f
   34488   2021-04-29  15:23:58  02-02:00:11    0.6    1.4    117564   5906232  /Applications/Microsoft Teams.app/Contents/MacOS/Teams --updateSucceeded 489f9d1e-36f6-4524-bb50-864be3382d2f
   34488   2021-04-29  15:23:59  02-02:00:12   10.7    1.4    117608   5905708  /Applications/Microsoft Teams.app/Contents/MacOS/Teams --updateSucceeded 489f9d1e-36f6-4524-bb50-864be3382d2f
   34488   2021-04-29  15:24:00  02-02:00:13   13.9    1.4    117660   5905708  /Applications/Microsoft Teams.app/Contents/MacOS/Teams --updateSucceeded 489f9d1e-36f6-4524-bb50-864be3382d2f
   34488   2021-04-29  15:24:01  02-02:00:14    0.3    1.4    117660   5905708  /Applications/Microsoft Teams.app/Contents/MacOS/Teams --updateSucceeded 489f9d1e-36f6-4524-bb50-864be3382d2f
   34488   2021-04-29  15:24:02  02-02:00:15   24.2    1.4    117708   5905708  /Applications/Microsoft Teams.app/Contents/MacOS/Teams --updateSucceeded 489f9d1e-36f6-4524-bb50-864be3382d2f
   34488   2021-04-29  15:24:03  02-02:00:16   21.4    1.4    117744   5905708  /Applications/Microsoft Teams.app/Contents/MacOS/Teams --updateSucceeded 489f9d1e-36f6-4524-bb50-864be3382d2f
   34488   2021-04-29  15:24:04  02-02:00:17    8.4    1.4    117744   5905708  /Applications/Microsoft Teams.app/Contents/MacOS/Teams --updateSucceeded 489f9d1e-36f6-4524-bb50-864be3382d2f
   34488   2021-04-29  15:24:05  02-02:00:18   23.6    1.4    117792   5905708  /Applications/Microsoft Teams.app/Contents/MacOS/Teams --updateSucceeded 489f9d1e-36f6-4524-bb50-864be3382d2f
   34488   2021-04-29  15:24:06  02-02:00:19   20.5    1.4    117828   5905708  /Applications/Microsoft Teams.app/Contents/MacOS/Teams --updateSucceeded 489f9d1e-36f6-4524-bb50-864be3382d2f
   34488   2021-04-29  15:24:07  02-02:00:20   21.3    1.4    117860   5905708  /Applications/Microsoft Teams.app/Contents/MacOS/Teams --updateSucceeded 489f9d1e-36f6-4524-bb50-864be3382d2f
   34488   2021-04-29  15:24:08  02-02:00:21    2.5    1.4    117600   5905292  /Applications/Microsoft Teams.app/Contents/MacOS/Teams --updateSucceeded 489f9d1e-36f6-4524-bb50-864be3382d2f
   34488   2021-04-29  15:24:09  02-02:00:23    9.5    1.4    117616   5905292  /Applications/Microsoft Teams.app/Contents/MacOS/Teams --updateSucceeded 489f9d1e-36f6-4524-bb50-864be3382d2f
   34488   2021-04-29  15:24:11  02-02:00:24   10.3    1.4    117696   5905292  /Applications/Microsoft Teams.app/Contents/MacOS/Teams --updateSucceeded 489f9d1e-36f6-4524-bb50-864be3382d2f
   34488   2021-04-29  15:24:12  02-02:00:25    1.9    1.4    117732   5905292  /Applications/Microsoft Teams.app/Contents/MacOS/Teams --updateSucceeded 489f9d1e-36f6-4524-bb50-864be3382d2f
   34488   2021-04-29  15:24:13  02-02:00:26   13.2    1.4    117768   5905292  /Applications/Microsoft Teams.app/Contents/MacOS/Teams --updateSucceeded 489f9d1e-36f6-4524-bb50-864be3382d2f
   34488   2021-04-29  15:24:14  02-02:00:27   19.0    1.4    117804   5905292  /Applications/Microsoft Teams.app/Contents/MacOS/Teams --updateSucceeded 489f9d1e-36f6-4524-bb50-864be3382d2f
   34488   2021-04-29  15:24:15  02-02:00:28   17.4    1.4    117836   5905292  /Applications/Microsoft Teams.app/Contents/MacOS/Teams --updateSucceeded 489f9d1e-36f6-4524-bb50-864be3382d2f
   34488   2021-04-29  15:24:16  02-02:00:29   24.0    1.4    117868   5905292  /Applications/Microsoft Teams.app/Contents/MacOS/Teams --updateSucceeded 489f9d1e-36f6-4524-bb50-864be3382d2f
   34488   2021-04-29  15:24:17  02-02:00:30   15.7    1.4    117916   5905292  /Applications/Microsoft Teams.app/Contents/MacOS/Teams --updateSucceeded 489f9d1e-36f6-4524-bb50-864be3382d2f
   34488   2021-04-29  15:24:18  02-02:00:31   28.8    1.4    116212   5902640  /Applications/Microsoft Teams.app/Contents/MacOS/Teams --updateSucceeded 489f9d1e-36f6-4524-bb50-864be3382d2f
   34488   2021-04-29  15:24:19  02-02:00:32   12.8    1.4    116272   5902640  /Applications/Microsoft Teams.app/Contents/MacOS/Teams --updateSucceeded 489f9d1e-36f6-4524-bb50-864be3382d2f
   34488   2021-04-29  15:24:20  02-02:00:33   10.4    1.4    116236   5869824  /Applications/Microsoft Teams.app/Contents/MacOS/Teams --updateSucceeded 489f9d1e-36f6-4524-bb50-864be3382d2f
   34488   2021-04-29  15:24:21  02-02:00:34   11.4    1.4    116300   5869824  /Applications/Microsoft Teams.app/Contents/MacOS/Teams --updateSucceeded 489f9d1e-36f6-4524-bb50-864be3382d2f
   34488   2021-04-29  15:24:22  02-02:00:36    4.1    1.4    116332   5861620  /Applications/Microsoft Teams.app/Contents/MacOS/Teams --updateSucceeded 489f9d1e-36f6-4524-bb50-864be3382d2f
   34488   2021-04-29  15:24:24  02-02:00:37    3.2    1.4    116436   5861968  /Applications/Microsoft Teams.app/Contents/MacOS/Teams --updateSucceeded 489f9d1e-36f6-4524-bb50-864be3382d2f
   34488   2021-04-29  15:24:25  02-02:00:38    4.4    1.4    116440   5861968  /Applications/Microsoft Teams.app/Contents/MacOS/Teams --updateSucceeded 489f9d1e-36f6-4524-bb50-864be3382d2f
   34488   2021-04-29  15:24:26  02-02:00:39    2.8    1.4    116444   5861968  /Applications/Microsoft Teams.app/Contents/MacOS/Teams --updateSucceeded 489f9d1e-36f6-4524-bb50-864be3382d2f
   34488   2021-04-29  15:24:27  02-02:00:40    3.9    1.4    116448   5861968  /Applications/Microsoft Teams.app/Contents/MacOS/Teams --updateSucceeded 489f9d1e-36f6-4524-bb50-864be3382d2f
   34488   2021-04-29  15:24:28  02-02:00:41    6.6    1.4    116464   5861968  /Applications/Microsoft Teams.app/Contents/MacOS/Teams --updateSucceeded 489f9d1e-36f6-4524-bb50-864be3382d2f
   34488   2021-04-29  15:24:29  02-02:00:42   20.0    1.4    113912   5861968  /Applications/Microsoft Teams.app/Contents/MacOS/Teams --updateSucceeded 489f9d1e-36f6-4524-bb50-864be3382d2f
   34488   2021-04-29  15:24:30  02-02:00:43   19.9    1.3    110652   5862992  /Applications/Microsoft Teams.app/Contents/MacOS/Teams --updateSucceeded 489f9d1e-36f6-4524-bb50-864be3382d2f
   34488   2021-04-29  15:24:31  02-02:00:44    6.5    1.3    109804   5862992  /Applications/Microsoft Teams.app/Contents/MacOS/Teams --updateSucceeded 489f9d1e-36f6-4524-bb50-864be3382d2f
   34488   2021-04-29  15:24:32  02-02:00:46    6.9    1.3    109140   5864016  /Applications/Microsoft Teams.app/Contents/MacOS/Teams --updateSucceeded 489f9d1e-36f6-4524-bb50-864be3382d2f
   34488   2021-04-29  15:24:34  02-02:00:47   13.3    1.3    109360   5864016  /Applications/Microsoft Teams.app/Contents/MacOS/Teams --updateSucceeded 489f9d1e-36f6-4524-bb50-864be3382d2f
   34488   2021-04-29  15:24:35  02-02:00:48   18.4    1.3    109608   5864016  /Applications/Microsoft Teams.app/Contents/MacOS/Teams --updateSucceeded 489f9d1e-36f6-4524-bb50-864be3382d2f
   34488   2021-04-29  15:24:36  02-02:00:49   11.5    1.3    109608   5864016  /Applications/Microsoft Teams.app/Contents/MacOS/Teams --updateSucceeded 489f9d1e-36f6-4524-bb50-864be3382d2f
   34488   2021-04-29  15:24:37  02-02:00:50   18.6    1.3    109344   5864016  /Applications/Microsoft Teams.app/Contents/MacOS/Teams --updateSucceeded 489f9d1e-36f6-4524-bb50-864be3382d2f
   34488   2021-04-29  15:24:38  02-02:00:51   13.9    1.3    110444   5866568  /Applications/Microsoft Teams.app/Contents/MacOS/Teams --updateSucceeded 489f9d1e-36f6-4524-bb50-864be3382d2f
   34488   2021-04-29  15:24:39  02-02:00:52    5.3    1.3    110352   5866568  /Applications/Microsoft Teams.app/Contents/MacOS/Teams --updateSucceeded 489f9d1e-36f6-4524-bb50-864be3382d2f
   34488   2021-04-29  15:24:40  02-02:00:53   11.5    1.3    110476   5866568  /Applications/Microsoft Teams.app/Contents/MacOS/Teams --updateSucceeded 489f9d1e-36f6-4524-bb50-864be3382d2f
   34488   2021-04-29  15:24:41  02-02:00:54    2.5    1.3    110644   5866556  /Applications/Microsoft Teams.app/Contents/MacOS/Teams --updateSucceeded 489f9d1e-36f6-4524-bb50-864be3382d2f
   34488   2021-04-29  15:24:42  02-02:00:55   16.6    1.3    110708   5866556  /Applications/Microsoft Teams.app/Contents/MacOS/Teams --updateSucceeded 489f9d1e-36f6-4524-bb50-864be3382d2f
   34488   2021-04-29  15:24:43  02-02:00:56   21.6    1.3    110604   5866388  /Applications/Microsoft Teams.app/Contents/MacOS/Teams --updateSucceeded 489f9d1e-36f6-4524-bb50-864be3382d2f
   34488   2021-04-29  15:24:44  02-02:00:57   23.0    1.4    113332   5891584  /Applications/Microsoft Teams.app/Contents/MacOS/Teams --updateSucceeded 489f9d1e-36f6-4524-bb50-864be3382d2f
   34488   2021-04-29  15:24:45  02-02:00:58    7.3    1.3    112224   5899788  /Applications/Microsoft Teams.app/Contents/MacOS/Teams --updateSucceeded 489f9d1e-36f6-4524-bb50-864be3382d2f
   34488   2021-04-29  15:24:47  02-02:01:00   11.5    1.3    111372   5902884  /Applications/Microsoft Teams.app/Contents/MacOS/Teams --updateSucceeded 489f9d1e-36f6-4524-bb50-864be3382d2f
   34488   2021-04-29  15:24:48  02-02:01:01    2.4    1.3    111384   5902884  /Applications/Microsoft Teams.app/Contents/MacOS/Teams --updateSucceeded 489f9d1e-36f6-4524-bb50-864be3382d2f
   34488   2021-04-29  15:24:49  02-02:01:02    2.8    1.3    111748   5903236  /Applications/Microsoft Teams.app/Contents/MacOS/Teams --updateSucceeded 489f9d1e-36f6-4524-bb50-864be3382d2f
   34488   2021-04-29  15:24:50  02-02:01:03    1.9    1.3    111736   5902712  /Applications/Microsoft Teams.app/Contents/MacOS/Teams --updateSucceeded 489f9d1e-36f6-4524-bb50-864be3382d2f
   34488   2021-04-29  15:24:51  02-02:01:04    2.2    1.3    111812   5902712  /Applications/Microsoft Teams.app/Contents/MacOS/Teams --updateSucceeded 489f9d1e-36f6-4524-bb50-864be3382d2f
   34488   2021-04-29  15:24:52  02-02:01:05    2.1    1.3    111812   5902712  /Applications/Microsoft Teams.app/Contents/MacOS/Teams --updateSucceeded 489f9d1e-36f6-4524-bb50-864be3382d2f
   34488   2021-04-29  15:24:53  02-02:01:06    1.7    1.3    111820   5902712  /Applications/Microsoft Teams.app/Contents/MacOS/Teams --updateSucceeded 489f9d1e-36f6-4524-bb50-864be3382d2f
   34488   2021-04-29  15:24:54  02-02:01:07   11.9    1.3    110960   5902600  /Applications/Microsoft Teams.app/Contents/MacOS/Teams --updateSucceeded 489f9d1e-36f6-4524-bb50-864be3382d2f
   34488   2021-04-29  15:24:55  02-02:01:08    6.1    1.2     99596   5903112  /Applications/Microsoft Teams.app/Contents/MacOS/Teams --updateSucceeded 489f9d1e-36f6-4524-bb50-864be3382d2f
   34488   2021-04-29  15:24:56  02-02:01:09   10.3    1.2     99604   5903112  /Applications/Microsoft Teams.app/Contents/MacOS/Teams --updateSucceeded 489f9d1e-36f6-4524-bb50-864be3382d2f
   34488   2021-04-29  15:24:57  02-02:01:10   11.7    1.2     99664   5903112  /Applications/Microsoft Teams.app/Contents/MacOS/Teams --updateSucceeded 489f9d1e-36f6-4524-bb50-864be3382d2f
   34488   2021-04-29  15:24:58  02-02:01:11    8.5    1.2     99708   5902064  /Applications/Microsoft Teams.app/Contents/MacOS/Teams --updateSucceeded 489f9d1e-36f6-4524-bb50-864be3382d2f
   34488   2021-04-29  15:24:59  02-02:01:12    7.7    1.2     99764   5902088  /Applications/Microsoft Teams.app/Contents/MacOS/Teams --updateSucceeded 489f9d1e-36f6-4524-bb50-864be3382d2f
   34488   2021-04-29  15:25:00  02-02:01:14    1.4    1.2     99828   5902088  /Applications/Microsoft Teams.app/Contents/MacOS/Teams --updateSucceeded 489f9d1e-36f6-4524-bb50-864be3382d2f
   34488   2021-04-29  15:25:02  02-02:01:15    1.3    1.2     99860   5903136  /Applications/Microsoft Teams.app/Contents/MacOS/Teams --updateSucceeded 489f9d1e-36f6-4524-bb50-864be3382d2f
   34488   2021-04-29  15:25:03  02-02:01:16    1.3    1.2     99864   5903136  /Applications/Microsoft Teams.app/Contents/MacOS/Teams --updateSucceeded 489f9d1e-36f6-4524-bb50-864be3382d2f
   34488   2021-04-29  15:25:04  02-02:01:17    1.3    1.2     99864   5903136  /Applications/Microsoft Teams.app/Contents/MacOS/Teams --updateSucceeded 489f9d1e-36f6-4524-bb50-864be3382d2f
   34488   2021-04-29  15:25:05  02-02:01:18    4.9    1.2     99904   5903136  /Applications/Microsoft Teams.app/Contents/MacOS/Teams --updateSucceeded 489f9d1e-36f6-4524-bb50-864be3382d2f
   34488   2021-04-29  15:25:06  02-02:01:19    1.3    1.2     99904   5903136  /Applications/Microsoft Teams.app/Contents/MacOS/Teams --updateSucceeded 489f9d1e-36f6-4524-bb50-864be3382d2f
   34488   2021-04-29  15:25:07  02-02:01:20    5.3    1.2    100060   5903136  /Applications/Microsoft Teams.app/Contents/MacOS/Teams --updateSucceeded 489f9d1e-36f6-4524-bb50-864be3382d2f
   34488   2021-04-29  15:25:08  02-02:01:21    1.2    1.2    100052   5902088  /Applications/Microsoft Teams.app/Contents/MacOS/Teams --updateSucceeded 489f9d1e-36f6-4524-bb50-864be3382d2f
   34488   2021-04-29  15:25:09  02-02:01:22    1.3    1.2    100052   5902088  /Applications/Microsoft Teams.app/Contents/MacOS/Teams --updateSucceeded 489f9d1e-36f6-4524-bb50-864be3382d2f
   34488   2021-04-29  15:25:10  02-02:01:23    7.7    1.2    100076   5902088  /Applications/Microsoft Teams.app/Contents/MacOS/Teams --updateSucceeded 489f9d1e-36f6-4524-bb50-864be3382d2f
   34488   2021-04-29  15:25:11  02-02:01:24    9.7    1.2    100104   5902088  /Applications/Microsoft Teams.app/Contents/MacOS/Teams --updateSucceeded 489f9d1e-36f6-4524-bb50-864be3382d2f
   34488   2021-04-29  15:25:12  02-02:01:25    1.5    1.2    100104   5902088  /Applications/Microsoft Teams.app/Contents/MacOS/Teams --updateSucceeded 489f9d1e-36f6-4524-bb50-864be3382d2f
   34488   2021-04-29  15:25:13  02-02:01:26   12.8    1.2    100240   5902088  /Applications/Microsoft Teams.app/Contents/MacOS/Teams --updateSucceeded 489f9d1e-36f6-4524-bb50-864be3382d2f
   34488   2021-04-29  15:25:14  02-02:01:27   22.3    1.2    102772   5901684  /Applications/Microsoft Teams.app/Contents/MacOS/Teams --updateSucceeded 489f9d1e-36f6-4524-bb50-864be3382d2f
   34488   2021-04-29  15:25:15  02-02:01:28   11.6    1.2    103212   5901684  /Applications/Microsoft Teams.app/Contents/MacOS/Teams --updateSucceeded 489f9d1e-36f6-4524-bb50-864be3382d2f
   34488   2021-04-29  15:25:16  02-02:01:29   14.5    1.2    103264   5901684  /Applications/Microsoft Teams.app/Contents/MacOS/Teams --updateSucceeded 489f9d1e-36f6-4524-bb50-864be3382d2f
   34488   2021-04-29  15:25:18  02-02:01:31    5.3    1.3    106736   5901744  /Applications/Microsoft Teams.app/Contents/MacOS/Teams --updateSucceeded 489f9d1e-36f6-4524-bb50-864be3382d2f
   34488   2021-04-29  15:25:19  02-02:01:32    4.2    1.4    114380   5874348  /Applications/Microsoft Teams.app/Contents/MacOS/Teams --updateSucceeded 489f9d1e-36f6-4524-bb50-864be3382d2f
   34488   2021-04-29  15:25:20  02-02:01:33    9.9    1.4    114404   5874348  /Applications/Microsoft Teams.app/Contents/MacOS/Teams --updateSucceeded 489f9d1e-36f6-4524-bb50-864be3382d2f
   34488   2021-04-29  15:25:21  02-02:01:34   19.9    1.4    118752   5878624  /Applications/Microsoft Teams.app/Contents/MacOS/Teams --updateSucceeded 489f9d1e-36f6-4524-bb50-864be3382d2f
   34488   2021-04-29  15:25:22  02-02:01:35    8.7    1.4    118036   5880360  /Applications/Microsoft Teams.app/Contents/MacOS/Teams --updateSucceeded 489f9d1e-36f6-4524-bb50-864be3382d2f
   34488   2021-04-29  15:25:23  02-02:01:36   17.7    1.4    118084   5880356  /Applications/Microsoft Teams.app/Contents/MacOS/Teams --updateSucceeded 489f9d1e-36f6-4524-bb50-864be3382d2f
   34488   2021-04-29  15:25:24  02-02:01:37   11.8    1.4    118128   5879292  /Applications/Microsoft Teams.app/Contents/MacOS/Teams --updateSucceeded 489f9d1e-36f6-4524-bb50-864be3382d2f
   34488   2021-04-29  15:25:25  02-02:01:38   15.4    1.4    117640   5878588  /Applications/Microsoft Teams.app/Contents/MacOS/Teams --updateSucceeded 489f9d1e-36f6-4524-bb50-864be3382d2f
   34488   2021-04-29  15:25:26  02-02:01:39   12.1    1.4    119292   5877512  /Applications/Microsoft Teams.app/Contents/MacOS/Teams --updateSucceeded 489f9d1e-36f6-4524-bb50-864be3382d2f
   34488   2021-04-29  15:25:27  02-02:01:40    2.6    1.4    119440   5877512  /Applications/Microsoft Teams.app/Contents/MacOS/Teams --updateSucceeded 489f9d1e-36f6-4524-bb50-864be3382d2f
   34488   2021-04-29  15:25:29  02-02:01:42    2.8    1.4    119464   5877512  /Applications/Microsoft Teams.app/Contents/MacOS/Teams --updateSucceeded 489f9d1e-36f6-4524-bb50-864be3382d2f
   34488   2021-04-29  15:25:30  02-02:01:43    3.2    1.4    119444   5877512  /Applications/Microsoft Teams.app/Contents/MacOS/Teams --updateSucceeded 489f9d1e-36f6-4524-bb50-864be3382d2f
   34488   2021-04-29  15:25:31  02-02:01:44    0.7    1.4    119456   5877512  /Applications/Microsoft Teams.app/Contents/MacOS/Teams --updateSucceeded 489f9d1e-36f6-4524-bb50-864be3382d2f
   34488   2021-04-29  15:25:32  02-02:01:45    0.8    1.4    119488   5877512  /Applications/Microsoft Teams.app/Contents/MacOS/Teams --updateSucceeded 489f9d1e-36f6-4524-bb50-864be3382d2f
   34488   2021-04-29  15:25:33  02-02:01:46    1.6    1.4    119496   5877512  /Applications/Microsoft Teams.app/Contents/MacOS/Teams --updateSucceeded 489f9d1e-36f6-4524-bb50-864be3382d2f
   34488   2021-04-29  15:25:34  02-02:01:47   11.8    1.4    120592   5877516  /Applications/Microsoft Teams.app/Contents/MacOS/Teams --updateSucceeded 489f9d1e-36f6-4524-bb50-864be3382d2f
   34488   2021-04-29  15:25:35  02-02:01:48    8.9    1.4    120832   5877516  /Applications/Microsoft Teams.app/Contents/MacOS/Teams --updateSucceeded 489f9d1e-36f6-4524-bb50-864be3382d2f
   34488   2021-04-29  15:25:36  02-02:01:49   10.4    1.4    120860   5877516  /Applications/Microsoft Teams.app/Contents/MacOS/Teams --updateSucceeded 489f9d1e-36f6-4524-bb50-864be3382d2f
   34488   2021-04-29  15:25:37  02-02:01:50    6.6    1.4    119408   5875948  /Applications/Microsoft Teams.app/Contents/MacOS/Teams --updateSucceeded 489f9d1e-36f6-4524-bb50-864be3382d2f
   34488   2021-04-29  15:25:38  02-02:01:51   13.9    1.4    119616   5875948  /Applications/Microsoft Teams.app/Contents/MacOS/Teams --updateSucceeded 489f9d1e-36f6-4524-bb50-864be3382d2f
   34488   2021-04-29  15:25:39  02-02:01:52    2.7    1.4    119628   5875948  /Applications/Microsoft Teams.app/Contents/MacOS/Teams --updateSucceeded 489f9d1e-36f6-4524-bb50-864be3382d2f
   34488   2021-04-29  15:25:40  02-02:01:53    1.5    1.4    119652   5876996  /Applications/Microsoft Teams.app/Contents/MacOS/Teams --updateSucceeded 489f9d1e-36f6-4524-bb50-864be3382d2f
   34488   2021-04-29  15:25:41  02-02:01:55   10.1    1.4    119652   5876996  /Applications/Microsoft Teams.app/Contents/MacOS/Teams --updateSucceeded 489f9d1e-36f6-4524-bb50-864be3382d2f
   34488   2021-04-29  15:25:43  02-02:01:56    1.5    1.4    119652   5876996  /Applications/Microsoft Teams.app/Contents/MacOS/Teams --updateSucceeded 489f9d1e-36f6-4524-bb50-864be3382d2f
   34488   2021-04-29  15:25:44  02-02:01:57    3.1    1.4    119688   5876996  /Applications/Microsoft Teams.app/Contents/MacOS/Teams --updateSucceeded 489f9d1e-36f6-4524-bb50-864be3382d2f
   34488   2021-04-29  15:25:45  02-02:01:58    1.8    1.4    119084   5876996  /Applications/Microsoft Teams.app/Contents/MacOS/Teams --updateSucceeded 489f9d1e-36f6-4524-bb50-864be3382d2f
   34488   2021-04-29  15:25:46  02-02:01:59    1.9    1.4    118596   5876996  /Applications/Microsoft Teams.app/Contents/MacOS/Teams --updateSucceeded 489f9d1e-36f6-4524-bb50-864be3382d2f
   34488   2021-04-29  15:25:47  02-02:02:00    2.7    1.4    117840   5876996  /Applications/Microsoft Teams.app/Contents/MacOS/Teams --updateSucceeded 489f9d1e-36f6-4524-bb50-864be3382d2f
   34488   2021-04-29  15:25:48  02-02:02:01    2.0    1.4    117932   5876996  /Applications/Microsoft Teams.app/Contents/MacOS/Teams --updateSucceeded 489f9d1e-36f6-4524-bb50-864be3382d2f
   34488   2021-04-29  15:25:49  02-02:02:02    1.4    1.4    117972   5876472  /Applications/Microsoft Teams.app/Contents/MacOS/Teams --updateSucceeded 489f9d1e-36f6-4524-bb50-864be3382d2f
   34488   2021-04-29  15:25:50  02-02:02:03    1.6    1.4    118012   5876472  /Applications/Microsoft Teams.app/Contents/MacOS/Teams --updateSucceeded 489f9d1e-36f6-4524-bb50-864be3382d2f
   34488   2021-04-29  15:25:51  02-02:02:04    1.6    1.4    118012   5876472  /Applications/Microsoft Teams.app/Contents/MacOS/Teams --updateSucceeded 489f9d1e-36f6-4524-bb50-864be3382d2f
   34488   2021-04-29  15:25:52  02-02:02:05    1.3    1.4    118012   5876472  /Applications/Microsoft Teams.app/Contents/MacOS/Teams --updateSucceeded 489f9d1e-36f6-4524-bb50-864be3382d2f
   34488   2021-04-29  15:25:53  02-02:02:06    1.6    1.4    118012   5876472  /Applications/Microsoft Teams.app/Contents/MacOS/Teams --updateSucceeded 489f9d1e-36f6-4524-bb50-864be3382d2f
   34488   2021-04-29  15:25:54  02-02:02:08    2.1    1.4    118000   5875424  /Applications/Microsoft Teams.app/Contents/MacOS/Teams --updateSucceeded 489f9d1e-36f6-4524-bb50-864be3382d2f
   34488   2021-04-29  15:25:56  02-02:02:09    2.0    1.4    118012   5875424  /Applications/Microsoft Teams.app/Contents/MacOS/Teams --updateSucceeded 489f9d1e-36f6-4524-bb50-864be3382d2f
   34488   2021-04-29  15:25:57  02-02:02:10    7.2    1.4    118020   5875424  /Applications/Microsoft Teams.app/Contents/MacOS/Teams --updateSucceeded 489f9d1e-36f6-4524-bb50-864be3382d2f
   34488   2021-04-29  15:25:58  02-02:02:11    1.4    1.4    118040   5876472  /Applications/Microsoft Teams.app/Contents/MacOS/Teams --updateSucceeded 489f9d1e-36f6-4524-bb50-864be3382d2f
   34488   2021-04-29  15:25:59  02-02:02:12    1.1    1.4    118040   5876472  /Applications/Microsoft Teams.app/Contents/MacOS/Teams --updateSucceeded 489f9d1e-36f6-4524-bb50-864be3382d2f
   34488   2021-04-29  15:26:00  02-02:02:13    1.4    1.4    118040   5876472  /Applications/Microsoft Teams.app/Contents/MacOS/Teams --updateSucceeded 489f9d1e-36f6-4524-bb50-864be3382d2f
   34488   2021-04-29  15:26:01  02-02:02:14    1.1    1.4    118040   5876472  /Applications/Microsoft Teams.app/Contents/MacOS/Teams --updateSucceeded 489f9d1e-36f6-4524-bb50-864be3382d2f
   34488   2021-04-29  15:26:02  02-02:02:15    1.4    1.4    118040   5875948  /Applications/Microsoft Teams.app/Contents/MacOS/Teams --updateSucceeded 489f9d1e-36f6-4524-bb50-864be3382d2f
   34488   2021-04-29  15:26:03  02-02:02:16    1.7    1.4    118040   5875948  /Applications/Microsoft Teams.app/Contents/MacOS/Teams --updateSucceeded 489f9d1e-36f6-4524-bb50-864be3382d2f
   34488   2021-04-29  15:26:04  02-02:02:17    1.2    1.4    118040   5875948  /Applications/Microsoft Teams.app/Contents/MacOS/Teams --updateSucceeded 489f9d1e-36f6-4524-bb50-864be3382d2f
   34488   2021-04-29  15:26:05  02-02:02:18    1.6    1.4    118040   5875948  /Applications/Microsoft Teams.app/Contents/MacOS/Teams --updateSucceeded 489f9d1e-36f6-4524-bb50-864be3382d2f
   34488   2021-04-29  15:26:06  02-02:02:19    1.1    1.4    118040   5875948  /Applications/Microsoft Teams.app/Contents/MacOS/Teams --updateSucceeded 489f9d1e-36f6-4524-bb50-864be3382d2f
   34488   2021-04-29  15:26:07  02-02:02:20    1.6    1.4    118272   5875948  /Applications/Microsoft Teams.app/Contents/MacOS/Teams --updateSucceeded 489f9d1e-36f6-4524-bb50-864be3382d2f
   34488   2021-04-29  15:26:08  02-02:02:21    0.9    1.4    118272   5875948  /Applications/Microsoft Teams.app/Contents/MacOS/Teams --updateSucceeded 489f9d1e-36f6-4524-bb50-864be3382d2f
   34488   2021-04-29  15:26:09  02-02:02:23    1.5    1.4    118272   5875948  /Applications/Microsoft Teams.app/Contents/MacOS/Teams --updateSucceeded 489f9d1e-36f6-4524-bb50-864be3382d2f
   34488   2021-04-29  15:26:11  02-02:02:24    1.3    1.4    118272   5875948  /Applications/Microsoft Teams.app/Contents/MacOS/Teams --updateSucceeded 489f9d1e-36f6-4524-bb50-864be3382d2f
   34488   2021-04-29  15:26:12  02-02:02:25    1.3    1.4    118256   5874900  /Applications/Microsoft Teams.app/Contents/MacOS/Teams --updateSucceeded 489f9d1e-36f6-4524-bb50-864be3382d2f
   34488   2021-04-29  15:26:13  02-02:02:26    1.2    1.4    118256   5874900  /Applications/Microsoft Teams.app/Contents/MacOS/Teams --updateSucceeded 489f9d1e-36f6-4524-bb50-864be3382d2f
   34488   2021-04-29  15:26:14  02-02:02:27    2.4    1.4    118276   5874900  /Applications/Microsoft Teams.app/Contents/MacOS/Teams --updateSucceeded 489f9d1e-36f6-4524-bb50-864be3382d2f
   34488   2021-04-29  15:26:15  02-02:02:28    1.6    1.4    118280   5874900  /Applications/Microsoft Teams.app/Contents/MacOS/Teams --updateSucceeded 489f9d1e-36f6-4524-bb50-864be3382d2f
   34488   2021-04-29  15:26:16  02-02:02:29    1.5    1.4    118296   5875948  /Applications/Microsoft Teams.app/Contents/MacOS/Teams --updateSucceeded 489f9d1e-36f6-4524-bb50-864be3382d2f
   34488   2021-04-29  15:26:17  02-02:02:30    1.3    1.4    118316   5875948  /Applications/Microsoft Teams.app/Contents/MacOS/Teams --updateSucceeded 489f9d1e-36f6-4524-bb50-864be3382d2f
   34488   2021-04-29  15:26:18  02-02:02:31   16.3    1.4    117372   5872820  /Applications/Microsoft Teams.app/Contents/MacOS/Teams --updateSucceeded 489f9d1e-36f6-4524-bb50-864be3382d2f
   34488   2021-04-29  15:26:19  02-02:02:32    1.7    1.4    117372   5872820  /Applications/Microsoft Teams.app/Contents/MacOS/Teams --updateSucceeded 489f9d1e-36f6-4524-bb50-864be3382d2f
   34488   2021-04-29  15:26:20  02-02:02:33    1.4    1.4    117364   5872820  /Applications/Microsoft Teams.app/Contents/MacOS/Teams --updateSucceeded 489f9d1e-36f6-4524-bb50-864be3382d2f
   34488   2021-04-29  15:26:21  02-02:02:34    1.6    1.4    117364   5872820  /Applications/Microsoft Teams.app/Contents/MacOS/Teams --updateSucceeded 489f9d1e-36f6-4524-bb50-864be3382d2f
   34488   2021-04-29  15:26:22  02-02:02:35    1.6    1.4    117356   5864616  /Applications/Microsoft Teams.app/Contents/MacOS/Teams --updateSucceeded 489f9d1e-36f6-4524-bb50-864be3382d2f
   34488   2021-04-29  15:26:23  02-02:02:37    2.2    1.4    117376   5864616  /Applications/Microsoft Teams.app/Contents/MacOS/Teams --updateSucceeded 489f9d1e-36f6-4524-bb50-864be3382d2f
   34488   2021-04-29  15:26:25  02-02:02:38    2.0    1.4    117368   5856412  /Applications/Microsoft Teams.app/Contents/MacOS/Teams --updateSucceeded 489f9d1e-36f6-4524-bb50-864be3382d2f
   34488   2021-04-29  15:26:26  02-02:02:39    1.7    1.4    117368   5856412  /Applications/Microsoft Teams.app/Contents/MacOS/Teams --updateSucceeded 489f9d1e-36f6-4524-bb50-864be3382d2f
   34488   2021-04-29  15:26:27  02-02:02:40    1.9    1.4    117372   5856412  /Applications/Microsoft Teams.app/Contents/MacOS/Teams --updateSucceeded 489f9d1e-36f6-4524-bb50-864be3382d2f
   34488   2021-04-29  15:26:28  02-02:02:41    1.9    1.4    117388   5857460  /Applications/Microsoft Teams.app/Contents/MacOS/Teams --updateSucceeded 489f9d1e-36f6-4524-bb50-864be3382d2f
   34488   2021-04-29  15:26:29  02-02:02:42    1.7    1.4    117392   5857460  /Applications/Microsoft Teams.app/Contents/MacOS/Teams --updateSucceeded 489f9d1e-36f6-4524-bb50-864be3382d2f
   34488   2021-04-29  15:26:30  02-02:02:43   20.3    1.4    120640   5871884  /Applications/Microsoft Teams.app/Contents/MacOS/Teams --updateSucceeded 489f9d1e-36f6-4524-bb50-864be3382d2f
   34488   2021-04-29  15:26:31  02-02:02:44    2.4    1.4    120836   5875984  /Applications/Microsoft Teams.app/Contents/MacOS/Teams --updateSucceeded 489f9d1e-36f6-4524-bb50-864be3382d2f
   34488   2021-04-29  15:26:32  02-02:02:45    4.9    1.4    120676   5874692  /Applications/Microsoft Teams.app/Contents/MacOS/Teams --updateSucceeded 489f9d1e-36f6-4524-bb50-864be3382d2f
   34488   2021-04-29  15:26:33  02-02:02:46    1.4    1.4    120676   5874692  /Applications/Microsoft Teams.app/Contents/MacOS/Teams --updateSucceeded 489f9d1e-36f6-4524-bb50-864be3382d2f
   34488   2021-04-29  15:26:34  02-02:02:47    0.7    1.4    120676   5874692  /Applications/Microsoft Teams.app/Contents/MacOS/Teams --updateSucceeded 489f9d1e-36f6-4524-bb50-864be3382d2f
