     PID         DATE      TIME      ELAPSED    CPU    MEM       RSS     VSIZE       CMD
   44928   2021-04-29  21:46:16        00:21    0.0    0.5     42240  89434912  /System/Library/Frameworks/WebKit.framework/Versions/A/XPCServices/com.apple.WebKit.WebContent.xpc/Contents/MacOS/com.apple.WebKit.WebContent
   44928   2021-04-29  21:46:17        00:22   10.8    0.5     42544  89441996  /System/Library/Frameworks/WebKit.framework/Versions/A/XPCServices/com.apple.WebKit.WebContent.xpc/Contents/MacOS/com.apple.WebKit.WebContent
   44928   2021-04-29  21:46:18        00:23    7.6    0.5     44632  89477352  /System/Library/Frameworks/WebKit.framework/Versions/A/XPCServices/com.apple.WebKit.WebContent.xpc/Contents/MacOS/com.apple.WebKit.WebContent
   44928   2021-04-29  21:46:19        00:24    2.1    0.5     44680  89477368  /System/Library/Frameworks/WebKit.framework/Versions/A/XPCServices/com.apple.WebKit.WebContent.xpc/Contents/MacOS/com.apple.WebKit.WebContent
   44928   2021-04-29  21:46:20        00:25    9.0    0.5     45224  89477968  /System/Library/Frameworks/WebKit.framework/Versions/A/XPCServices/com.apple.WebKit.WebContent.xpc/Contents/MacOS/com.apple.WebKit.WebContent
   44928   2021-04-29  21:46:21        00:26    7.8    0.5     45608  89477968  /System/Library/Frameworks/WebKit.framework/Versions/A/XPCServices/com.apple.WebKit.WebContent.xpc/Contents/MacOS/com.apple.WebKit.WebContent
   44928   2021-04-29  21:46:22        00:27    6.9    0.6     48284  89484936  /System/Library/Frameworks/WebKit.framework/Versions/A/XPCServices/com.apple.WebKit.WebContent.xpc/Contents/MacOS/com.apple.WebKit.WebContent
   44928   2021-04-29  21:46:23        00:28    8.0    0.6     48960  89487680  /System/Library/Frameworks/WebKit.framework/Versions/A/XPCServices/com.apple.WebKit.WebContent.xpc/Contents/MacOS/com.apple.WebKit.WebContent
   44928   2021-04-29  21:46:24        00:30    0.3    0.6     49028  89487680  /System/Library/Frameworks/WebKit.framework/Versions/A/XPCServices/com.apple.WebKit.WebContent.xpc/Contents/MacOS/com.apple.WebKit.WebContent
   44928   2021-04-29  21:46:26        00:31   10.5    0.6     53444  89446604  /System/Library/Frameworks/WebKit.framework/Versions/A/XPCServices/com.apple.WebKit.WebContent.xpc/Contents/MacOS/com.apple.WebKit.WebContent
   44928   2021-04-29  21:46:27        00:32   16.1    0.6     53580  89497728  /System/Library/Frameworks/WebKit.framework/Versions/A/XPCServices/com.apple.WebKit.WebContent.xpc/Contents/MacOS/com.apple.WebKit.WebContent
   44928   2021-04-29  21:46:28        00:33   12.4    0.7     56808  89500852  /System/Library/Frameworks/WebKit.framework/Versions/A/XPCServices/com.apple.WebKit.WebContent.xpc/Contents/MacOS/com.apple.WebKit.WebContent
   44928   2021-04-29  21:46:29        00:34    4.9    0.7     58312  89502908  /System/Library/Frameworks/WebKit.framework/Versions/A/XPCServices/com.apple.WebKit.WebContent.xpc/Contents/MacOS/com.apple.WebKit.WebContent
   44928   2021-04-29  21:46:30        00:35    1.8    0.7     58540  89502908  /System/Library/Frameworks/WebKit.framework/Versions/A/XPCServices/com.apple.WebKit.WebContent.xpc/Contents/MacOS/com.apple.WebKit.WebContent
   44928   2021-04-29  21:46:31        00:36    5.1    0.7     58692  89502908  /System/Library/Frameworks/WebKit.framework/Versions/A/XPCServices/com.apple.WebKit.WebContent.xpc/Contents/MacOS/com.apple.WebKit.WebContent
   44928   2021-04-29  21:46:32        00:37    4.8    0.7     59408  89502908  /System/Library/Frameworks/WebKit.framework/Versions/A/XPCServices/com.apple.WebKit.WebContent.xpc/Contents/MacOS/com.apple.WebKit.WebContent
   44928   2021-04-29  21:46:33        00:38    8.1    0.7     59692  89502908  /System/Library/Frameworks/WebKit.framework/Versions/A/XPCServices/com.apple.WebKit.WebContent.xpc/Contents/MacOS/com.apple.WebKit.WebContent
   44928   2021-04-29  21:46:34        00:39   11.0    0.7     60592  89503020  /System/Library/Frameworks/WebKit.framework/Versions/A/XPCServices/com.apple.WebKit.WebContent.xpc/Contents/MacOS/com.apple.WebKit.WebContent
   44928   2021-04-29  21:46:35        00:40    1.6    0.7     60596  89503020  /System/Library/Frameworks/WebKit.framework/Versions/A/XPCServices/com.apple.WebKit.WebContent.xpc/Contents/MacOS/com.apple.WebKit.WebContent
   44928   2021-04-29  21:46:36        00:41    0.0    0.7     60596  89490732  /System/Library/Frameworks/WebKit.framework/Versions/A/XPCServices/com.apple.WebKit.WebContent.xpc/Contents/MacOS/com.apple.WebKit.WebContent
   44928   2021-04-29  21:46:37        00:43    0.0    0.7     60596  89490732  /System/Library/Frameworks/WebKit.framework/Versions/A/XPCServices/com.apple.WebKit.WebContent.xpc/Contents/MacOS/com.apple.WebKit.WebContent
   44928   2021-04-29  21:46:39        00:44    0.0    0.7     60596  89490732  /System/Library/Frameworks/WebKit.framework/Versions/A/XPCServices/com.apple.WebKit.WebContent.xpc/Contents/MacOS/com.apple.WebKit.WebContent
   44928   2021-04-29  21:46:40        00:45    1.0    0.7     60536  89490164  /System/Library/Frameworks/WebKit.framework/Versions/A/XPCServices/com.apple.WebKit.WebContent.xpc/Contents/MacOS/com.apple.WebKit.WebContent
   44928   2021-04-29  21:46:41        00:46    0.0    0.7     60536  89490164  /System/Library/Frameworks/WebKit.framework/Versions/A/XPCServices/com.apple.WebKit.WebContent.xpc/Contents/MacOS/com.apple.WebKit.WebContent
   44928   2021-04-29  21:46:42        00:47    6.0    0.7     60536  89490164  /System/Library/Frameworks/WebKit.framework/Versions/A/XPCServices/com.apple.WebKit.WebContent.xpc/Contents/MacOS/com.apple.WebKit.WebContent
   44928   2021-04-29  21:46:43        00:48    4.6    0.7     61544  89516292  /System/Library/Frameworks/WebKit.framework/Versions/A/XPCServices/com.apple.WebKit.WebContent.xpc/Contents/MacOS/com.apple.WebKit.WebContent
   44928   2021-04-29  21:46:44        00:49    9.9    0.7     61700  89516860  /System/Library/Frameworks/WebKit.framework/Versions/A/XPCServices/com.apple.WebKit.WebContent.xpc/Contents/MacOS/com.apple.WebKit.WebContent
   44928   2021-04-29  21:46:45        00:50    0.4    0.7     61704  89516860  /System/Library/Frameworks/WebKit.framework/Versions/A/XPCServices/com.apple.WebKit.WebContent.xpc/Contents/MacOS/com.apple.WebKit.WebContent
   44928   2021-04-29  21:46:46        00:51    3.9    0.7     61720  89516860  /System/Library/Frameworks/WebKit.framework/Versions/A/XPCServices/com.apple.WebKit.WebContent.xpc/Contents/MacOS/com.apple.WebKit.WebContent
   44928   2021-04-29  21:46:47        00:52   13.1    0.7     61728  89516860  /System/Library/Frameworks/WebKit.framework/Versions/A/XPCServices/com.apple.WebKit.WebContent.xpc/Contents/MacOS/com.apple.WebKit.WebContent
   44928   2021-04-29  21:46:48        00:53    1.3    0.7     61732  89516860  /System/Library/Frameworks/WebKit.framework/Versions/A/XPCServices/com.apple.WebKit.WebContent.xpc/Contents/MacOS/com.apple.WebKit.WebContent
   44928   2021-04-29  21:46:49        00:54    0.9    0.7     61736  89516860  /System/Library/Frameworks/WebKit.framework/Versions/A/XPCServices/com.apple.WebKit.WebContent.xpc/Contents/MacOS/com.apple.WebKit.WebContent
   44928   2021-04-29  21:46:50        00:55    8.2    0.7     61756  89516860  /System/Library/Frameworks/WebKit.framework/Versions/A/XPCServices/com.apple.WebKit.WebContent.xpc/Contents/MacOS/com.apple.WebKit.WebContent
   44928   2021-04-29  21:46:51        00:57    0.3    0.7     61784  89516860  /System/Library/Frameworks/WebKit.framework/Versions/A/XPCServices/com.apple.WebKit.WebContent.xpc/Contents/MacOS/com.apple.WebKit.WebContent
   44928   2021-04-29  21:46:53        00:58   14.7    0.7     61908  89533244  /System/Library/Frameworks/WebKit.framework/Versions/A/XPCServices/com.apple.WebKit.WebContent.xpc/Contents/MacOS/com.apple.WebKit.WebContent
   44928   2021-04-29  21:46:54        00:59    4.8    0.7     61896  89532156  /System/Library/Frameworks/WebKit.framework/Versions/A/XPCServices/com.apple.WebKit.WebContent.xpc/Contents/MacOS/com.apple.WebKit.WebContent
   44928   2021-04-29  21:46:55        01:00    0.0    0.7     61896  89532156  /System/Library/Frameworks/WebKit.framework/Versions/A/XPCServices/com.apple.WebKit.WebContent.xpc/Contents/MacOS/com.apple.WebKit.WebContent
   44928   2021-04-29  21:46:56        01:01    0.0    0.7     61900  89532156  /System/Library/Frameworks/WebKit.framework/Versions/A/XPCServices/com.apple.WebKit.WebContent.xpc/Contents/MacOS/com.apple.WebKit.WebContent
   44928   2021-04-29  21:46:57        01:02    0.2    0.7     61900  89532156  /System/Library/Frameworks/WebKit.framework/Versions/A/XPCServices/com.apple.WebKit.WebContent.xpc/Contents/MacOS/com.apple.WebKit.WebContent
   44928   2021-04-29  21:46:58        01:03   10.2    0.7     61916  89532156  /System/Library/Frameworks/WebKit.framework/Versions/A/XPCServices/com.apple.WebKit.WebContent.xpc/Contents/MacOS/com.apple.WebKit.WebContent
   44928   2021-04-29  21:46:59        01:04    7.9    0.8     63852  89692200  /System/Library/Frameworks/WebKit.framework/Versions/A/XPCServices/com.apple.WebKit.WebContent.xpc/Contents/MacOS/com.apple.WebKit.WebContent
   44928   2021-04-29  21:47:00        01:05    8.2    0.8     63868  89692200  /System/Library/Frameworks/WebKit.framework/Versions/A/XPCServices/com.apple.WebKit.WebContent.xpc/Contents/MacOS/com.apple.WebKit.WebContent
   44928   2021-04-29  21:47:01        01:06   17.5    0.8     63932  89692232  /System/Library/Frameworks/WebKit.framework/Versions/A/XPCServices/com.apple.WebKit.WebContent.xpc/Contents/MacOS/com.apple.WebKit.WebContent
   44928   2021-04-29  21:47:02        01:07    1.0    0.8     63940  89692320  /System/Library/Frameworks/WebKit.framework/Versions/A/XPCServices/com.apple.WebKit.WebContent.xpc/Contents/MacOS/com.apple.WebKit.WebContent
   44928   2021-04-29  21:47:03        01:08    5.5    0.8     63956  89692336  /System/Library/Frameworks/WebKit.framework/Versions/A/XPCServices/com.apple.WebKit.WebContent.xpc/Contents/MacOS/com.apple.WebKit.WebContent
   44928   2021-04-29  21:47:04        01:10    5.5    0.8     64336  89658880  /System/Library/Frameworks/WebKit.framework/Versions/A/XPCServices/com.apple.WebKit.WebContent.xpc/Contents/MacOS/com.apple.WebKit.WebContent
   44928   2021-04-29  21:47:06        01:11    0.3    0.8     64344  89658888  /System/Library/Frameworks/WebKit.framework/Versions/A/XPCServices/com.apple.WebKit.WebContent.xpc/Contents/MacOS/com.apple.WebKit.WebContent
   44928   2021-04-29  21:47:07        01:12    7.1    0.8     64348  89675924  /System/Library/Frameworks/WebKit.framework/Versions/A/XPCServices/com.apple.WebKit.WebContent.xpc/Contents/MacOS/com.apple.WebKit.WebContent
   44928   2021-04-29  21:47:08        01:13   33.4    0.8     68972  89687032  /System/Library/Frameworks/WebKit.framework/Versions/A/XPCServices/com.apple.WebKit.WebContent.xpc/Contents/MacOS/com.apple.WebKit.WebContent
   44928   2021-04-29  21:47:09        01:14    2.3    0.9     71628  89677592  /System/Library/Frameworks/WebKit.framework/Versions/A/XPCServices/com.apple.WebKit.WebContent.xpc/Contents/MacOS/com.apple.WebKit.WebContent
   44928   2021-04-29  21:47:10        01:15    0.0    0.9     71628  89677592  /System/Library/Frameworks/WebKit.framework/Versions/A/XPCServices/com.apple.WebKit.WebContent.xpc/Contents/MacOS/com.apple.WebKit.WebContent
   44928   2021-04-29  21:47:11        01:16    0.0    0.9     71628  89677592  /System/Library/Frameworks/WebKit.framework/Versions/A/XPCServices/com.apple.WebKit.WebContent.xpc/Contents/MacOS/com.apple.WebKit.WebContent
   44928   2021-04-29  21:47:12        01:17    2.4    0.9     71632  89677596  /System/Library/Frameworks/WebKit.framework/Versions/A/XPCServices/com.apple.WebKit.WebContent.xpc/Contents/MacOS/com.apple.WebKit.WebContent
   44928   2021-04-29  21:47:13        01:18    0.7    0.9     71632  89677596  /System/Library/Frameworks/WebKit.framework/Versions/A/XPCServices/com.apple.WebKit.WebContent.xpc/Contents/MacOS/com.apple.WebKit.WebContent
   44928   2021-04-29  21:47:14        01:19    0.0    0.9     71632  89677596  /System/Library/Frameworks/WebKit.framework/Versions/A/XPCServices/com.apple.WebKit.WebContent.xpc/Contents/MacOS/com.apple.WebKit.WebContent
   44928   2021-04-29  21:47:15        01:20    6.9    0.9     71496  89677028  /System/Library/Frameworks/WebKit.framework/Versions/A/XPCServices/com.apple.WebKit.WebContent.xpc/Contents/MacOS/com.apple.WebKit.WebContent
   44928   2021-04-29  21:47:16        01:21   21.7    0.9     72380  89688548  /System/Library/Frameworks/WebKit.framework/Versions/A/XPCServices/com.apple.WebKit.WebContent.xpc/Contents/MacOS/com.apple.WebKit.WebContent
   44928   2021-04-29  21:47:17        01:22   10.7    0.9     72460  89690560  /System/Library/Frameworks/WebKit.framework/Versions/A/XPCServices/com.apple.WebKit.WebContent.xpc/Contents/MacOS/com.apple.WebKit.WebContent
   44928   2021-04-29  21:47:18        01:24    6.8    0.9     72464  89690560  /System/Library/Frameworks/WebKit.framework/Versions/A/XPCServices/com.apple.WebKit.WebContent.xpc/Contents/MacOS/com.apple.WebKit.WebContent
   44928   2021-04-29  21:47:20        01:25   12.4    0.9     72464  89690560  /System/Library/Frameworks/WebKit.framework/Versions/A/XPCServices/com.apple.WebKit.WebContent.xpc/Contents/MacOS/com.apple.WebKit.WebContent
   44928   2021-04-29  21:47:21        01:26    0.3    0.9     72464  89690560  /System/Library/Frameworks/WebKit.framework/Versions/A/XPCServices/com.apple.WebKit.WebContent.xpc/Contents/MacOS/com.apple.WebKit.WebContent
   44928   2021-04-29  21:47:22        01:27    9.5    0.9     72464  89690560  /System/Library/Frameworks/WebKit.framework/Versions/A/XPCServices/com.apple.WebKit.WebContent.xpc/Contents/MacOS/com.apple.WebKit.WebContent
   44928   2021-04-29  21:47:23        01:28    0.5    0.9     72464  89690560  /System/Library/Frameworks/WebKit.framework/Versions/A/XPCServices/com.apple.WebKit.WebContent.xpc/Contents/MacOS/com.apple.WebKit.WebContent
   44928   2021-04-29  21:47:24        01:29   10.5    0.9     72656  89657012  /System/Library/Frameworks/WebKit.framework/Versions/A/XPCServices/com.apple.WebKit.WebContent.xpc/Contents/MacOS/com.apple.WebKit.WebContent
   44928   2021-04-29  21:47:25        01:30    0.1    0.9     72668  89657024  /System/Library/Frameworks/WebKit.framework/Versions/A/XPCServices/com.apple.WebKit.WebContent.xpc/Contents/MacOS/com.apple.WebKit.WebContent
   44928   2021-04-29  21:47:26        01:31    0.0    0.9     72668  89657024  /System/Library/Frameworks/WebKit.framework/Versions/A/XPCServices/com.apple.WebKit.WebContent.xpc/Contents/MacOS/com.apple.WebKit.WebContent
   44928   2021-04-29  21:47:27        01:32    2.1    0.9     72668  89657024  /System/Library/Frameworks/WebKit.framework/Versions/A/XPCServices/com.apple.WebKit.WebContent.xpc/Contents/MacOS/com.apple.WebKit.WebContent
   44928   2021-04-29  21:47:28        01:33    0.8    0.9     72720  89674104  /System/Library/Frameworks/WebKit.framework/Versions/A/XPCServices/com.apple.WebKit.WebContent.xpc/Contents/MacOS/com.apple.WebKit.WebContent
   44928   2021-04-29  21:47:29        01:34    1.7    0.9     72728  89674104  /System/Library/Frameworks/WebKit.framework/Versions/A/XPCServices/com.apple.WebKit.WebContent.xpc/Contents/MacOS/com.apple.WebKit.WebContent
   44928   2021-04-29  21:47:30        01:35    5.9    0.9     72776  89691140  /System/Library/Frameworks/WebKit.framework/Versions/A/XPCServices/com.apple.WebKit.WebContent.xpc/Contents/MacOS/com.apple.WebKit.WebContent
   44928   2021-04-29  21:47:31        01:36    7.9    0.9     73220  89691336  /System/Library/Frameworks/WebKit.framework/Versions/A/XPCServices/com.apple.WebKit.WebContent.xpc/Contents/MacOS/com.apple.WebKit.WebContent
   44928   2021-04-29  21:47:32        01:38    3.0    0.9     73180  89691300  /System/Library/Frameworks/WebKit.framework/Versions/A/XPCServices/com.apple.WebKit.WebContent.xpc/Contents/MacOS/com.apple.WebKit.WebContent
   44928   2021-04-29  21:47:34        01:39    0.2    0.9     73140  89691256  /System/Library/Frameworks/WebKit.framework/Versions/A/XPCServices/com.apple.WebKit.WebContent.xpc/Contents/MacOS/com.apple.WebKit.WebContent
   44928   2021-04-29  21:47:35        01:40    0.0    0.9     73140  89691256  /System/Library/Frameworks/WebKit.framework/Versions/A/XPCServices/com.apple.WebKit.WebContent.xpc/Contents/MacOS/com.apple.WebKit.WebContent
   44928   2021-04-29  21:47:36        01:41    0.0    0.9     73140  89691256  /System/Library/Frameworks/WebKit.framework/Versions/A/XPCServices/com.apple.WebKit.WebContent.xpc/Contents/MacOS/com.apple.WebKit.WebContent
   44928   2021-04-29  21:47:37        01:42    1.8    0.9     73140  89691256  /System/Library/Frameworks/WebKit.framework/Versions/A/XPCServices/com.apple.WebKit.WebContent.xpc/Contents/MacOS/com.apple.WebKit.WebContent
   44928   2021-04-29  21:47:38        01:43    0.0    0.9     73140  89691256  /System/Library/Frameworks/WebKit.framework/Versions/A/XPCServices/com.apple.WebKit.WebContent.xpc/Contents/MacOS/com.apple.WebKit.WebContent
   44928   2021-04-29  21:47:39        01:44    0.0    0.9     72824  89688984  /System/Library/Frameworks/WebKit.framework/Versions/A/XPCServices/com.apple.WebKit.WebContent.xpc/Contents/MacOS/com.apple.WebKit.WebContent
   44928   2021-04-29  21:47:40        01:45    7.2    0.9     73344  89698924  /System/Library/Frameworks/WebKit.framework/Versions/A/XPCServices/com.apple.WebKit.WebContent.xpc/Contents/MacOS/com.apple.WebKit.WebContent
   44928   2021-04-29  21:47:41        01:46   23.8    0.9     73304  89698356  /System/Library/Frameworks/WebKit.framework/Versions/A/XPCServices/com.apple.WebKit.WebContent.xpc/Contents/MacOS/com.apple.WebKit.WebContent
   44928   2021-04-29  21:47:42        01:47    8.2    0.9     73308  89664240  /System/Library/Frameworks/WebKit.framework/Versions/A/XPCServices/com.apple.WebKit.WebContent.xpc/Contents/MacOS/com.apple.WebKit.WebContent
   44928   2021-04-29  21:47:43        01:48    0.1    0.9     73320  89664252  /System/Library/Frameworks/WebKit.framework/Versions/A/XPCServices/com.apple.WebKit.WebContent.xpc/Contents/MacOS/com.apple.WebKit.WebContent
   44928   2021-04-29  21:47:44        01:49   16.2    0.9     73488  89698976  /System/Library/Frameworks/WebKit.framework/Versions/A/XPCServices/com.apple.WebKit.WebContent.xpc/Contents/MacOS/com.apple.WebKit.WebContent
   44928   2021-04-29  21:47:45        01:50    0.5    0.9     73448  89698936  /System/Library/Frameworks/WebKit.framework/Versions/A/XPCServices/com.apple.WebKit.WebContent.xpc/Contents/MacOS/com.apple.WebKit.WebContent
   44928   2021-04-29  21:47:46        01:52    0.7    0.9     73468  89698936  /System/Library/Frameworks/WebKit.framework/Versions/A/XPCServices/com.apple.WebKit.WebContent.xpc/Contents/MacOS/com.apple.WebKit.WebContent
   44928   2021-04-29  21:47:48        01:53   10.2    0.9     73560  89703060  /System/Library/Frameworks/WebKit.framework/Versions/A/XPCServices/com.apple.WebKit.WebContent.xpc/Contents/MacOS/com.apple.WebKit.WebContent
   44928   2021-04-29  21:47:49        01:54   18.0    0.9     73632  89703244  /System/Library/Frameworks/WebKit.framework/Versions/A/XPCServices/com.apple.WebKit.WebContent.xpc/Contents/MacOS/com.apple.WebKit.WebContent
   44928   2021-04-29  21:47:50        01:55    1.5    0.9     73648  89703284  /System/Library/Frameworks/WebKit.framework/Versions/A/XPCServices/com.apple.WebKit.WebContent.xpc/Contents/MacOS/com.apple.WebKit.WebContent
   44928   2021-04-29  21:47:51        01:56    0.4    0.9     73540  89703288  /System/Library/Frameworks/WebKit.framework/Versions/A/XPCServices/com.apple.WebKit.WebContent.xpc/Contents/MacOS/com.apple.WebKit.WebContent
   44928   2021-04-29  21:47:52        01:57    3.3    0.9     72928  89703288  /System/Library/Frameworks/WebKit.framework/Versions/A/XPCServices/com.apple.WebKit.WebContent.xpc/Contents/MacOS/com.apple.WebKit.WebContent
   44928   2021-04-29  21:47:53        01:58    9.7    0.9     72956  89703288  /System/Library/Frameworks/WebKit.framework/Versions/A/XPCServices/com.apple.WebKit.WebContent.xpc/Contents/MacOS/com.apple.WebKit.WebContent
   44928   2021-04-29  21:47:54        01:59    1.9    0.9     72964  89669200  /System/Library/Frameworks/WebKit.framework/Versions/A/XPCServices/com.apple.WebKit.WebContent.xpc/Contents/MacOS/com.apple.WebKit.WebContent
   44928   2021-04-29  21:47:55        02:00    0.0    0.9     72964  89669200  /System/Library/Frameworks/WebKit.framework/Versions/A/XPCServices/com.apple.WebKit.WebContent.xpc/Contents/MacOS/com.apple.WebKit.WebContent
   44928   2021-04-29  21:47:56        02:01    0.0    0.9     72964  89669200  /System/Library/Frameworks/WebKit.framework/Versions/A/XPCServices/com.apple.WebKit.WebContent.xpc/Contents/MacOS/com.apple.WebKit.WebContent
   44928   2021-04-29  21:47:57        02:02    0.1    0.9     72964  89669200  /System/Library/Frameworks/WebKit.framework/Versions/A/XPCServices/com.apple.WebKit.WebContent.xpc/Contents/MacOS/com.apple.WebKit.WebContent
   44928   2021-04-29  21:47:58        02:03   10.0    0.9     72964  89703272  /System/Library/Frameworks/WebKit.framework/Versions/A/XPCServices/com.apple.WebKit.WebContent.xpc/Contents/MacOS/com.apple.WebKit.WebContent
   44928   2021-04-29  21:47:59        02:05    0.8    0.9     72800  89701568  /System/Library/Frameworks/WebKit.framework/Versions/A/XPCServices/com.apple.WebKit.WebContent.xpc/Contents/MacOS/com.apple.WebKit.WebContent
   44928   2021-04-29  21:48:01        02:06    0.0    0.9     72800  89701568  /System/Library/Frameworks/WebKit.framework/Versions/A/XPCServices/com.apple.WebKit.WebContent.xpc/Contents/MacOS/com.apple.WebKit.WebContent
   44928   2021-04-29  21:48:02        02:07    7.5    0.8     70164  89669188  /System/Library/Frameworks/WebKit.framework/Versions/A/XPCServices/com.apple.WebKit.WebContent.xpc/Contents/MacOS/com.apple.WebKit.WebContent
   44928   2021-04-29  21:48:03        02:08   19.2    0.8     70684  89708152  /System/Library/Frameworks/WebKit.framework/Versions/A/XPCServices/com.apple.WebKit.WebContent.xpc/Contents/MacOS/com.apple.WebKit.WebContent
   44928   2021-04-29  21:48:04        02:09    3.7    0.8     70728  89742224  /System/Library/Frameworks/WebKit.framework/Versions/A/XPCServices/com.apple.WebKit.WebContent.xpc/Contents/MacOS/com.apple.WebKit.WebContent
   44928   2021-04-29  21:48:05        02:10    0.6    0.8     70752  89742224  /System/Library/Frameworks/WebKit.framework/Versions/A/XPCServices/com.apple.WebKit.WebContent.xpc/Contents/MacOS/com.apple.WebKit.WebContent
   44928   2021-04-29  21:48:06        02:11    0.7    0.8     70752  89742224  /System/Library/Frameworks/WebKit.framework/Versions/A/XPCServices/com.apple.WebKit.WebContent.xpc/Contents/MacOS/com.apple.WebKit.WebContent
   44928   2021-04-29  21:48:07        02:12    4.7    0.8     70760  89742224  /System/Library/Frameworks/WebKit.framework/Versions/A/XPCServices/com.apple.WebKit.WebContent.xpc/Contents/MacOS/com.apple.WebKit.WebContent
   44928   2021-04-29  21:48:08        02:13    5.0    0.8     70760  89742224  /System/Library/Frameworks/WebKit.framework/Versions/A/XPCServices/com.apple.WebKit.WebContent.xpc/Contents/MacOS/com.apple.WebKit.WebContent
   44928   2021-04-29  21:48:09        02:14    2.4    0.8     70760  89742224  /System/Library/Frameworks/WebKit.framework/Versions/A/XPCServices/com.apple.WebKit.WebContent.xpc/Contents/MacOS/com.apple.WebKit.WebContent
   44928   2021-04-29  21:48:10        02:15   13.7    0.8     70760  89742224  /System/Library/Frameworks/WebKit.framework/Versions/A/XPCServices/com.apple.WebKit.WebContent.xpc/Contents/MacOS/com.apple.WebKit.WebContent
   44928   2021-04-29  21:48:11        02:16    9.2    0.8     70692  89741656  /System/Library/Frameworks/WebKit.framework/Versions/A/XPCServices/com.apple.WebKit.WebContent.xpc/Contents/MacOS/com.apple.WebKit.WebContent
   44928   2021-04-29  21:48:12        02:17    2.8    0.8     70720  89741656  /System/Library/Frameworks/WebKit.framework/Versions/A/XPCServices/com.apple.WebKit.WebContent.xpc/Contents/MacOS/com.apple.WebKit.WebContent
   44928   2021-04-29  21:48:13        02:19   17.3    0.8     70780  89656476  /System/Library/Frameworks/WebKit.framework/Versions/A/XPCServices/com.apple.WebKit.WebContent.xpc/Contents/MacOS/com.apple.WebKit.WebContent
   44928   2021-04-29  21:48:15        02:20    4.3    0.8     70800  89656488  /System/Library/Frameworks/WebKit.framework/Versions/A/XPCServices/com.apple.WebKit.WebContent.xpc/Contents/MacOS/com.apple.WebKit.WebContent
   44928   2021-04-29  21:48:16        02:21    2.5    0.8     70800  89656488  /System/Library/Frameworks/WebKit.framework/Versions/A/XPCServices/com.apple.WebKit.WebContent.xpc/Contents/MacOS/com.apple.WebKit.WebContent
   44928   2021-04-29  21:48:17        02:22    0.0    0.8     70800  89656488  /System/Library/Frameworks/WebKit.framework/Versions/A/XPCServices/com.apple.WebKit.WebContent.xpc/Contents/MacOS/com.apple.WebKit.WebContent
   44928   2021-04-29  21:48:18        02:23   17.2    0.8     70808  89690560  /System/Library/Frameworks/WebKit.framework/Versions/A/XPCServices/com.apple.WebKit.WebContent.xpc/Contents/MacOS/com.apple.WebKit.WebContent
   44928   2021-04-29  21:48:19        02:24    6.2    0.8     71064  89657072  /System/Library/Frameworks/WebKit.framework/Versions/A/XPCServices/com.apple.WebKit.WebContent.xpc/Contents/MacOS/com.apple.WebKit.WebContent
   44928   2021-04-29  21:48:20        02:25   14.4    0.8     71128  89708180  /System/Library/Frameworks/WebKit.framework/Versions/A/XPCServices/com.apple.WebKit.WebContent.xpc/Contents/MacOS/com.apple.WebKit.WebContent
   44928   2021-04-29  21:48:21        02:26   15.4    0.8     70992  89740548  /System/Library/Frameworks/WebKit.framework/Versions/A/XPCServices/com.apple.WebKit.WebContent.xpc/Contents/MacOS/com.apple.WebKit.WebContent
   44928   2021-04-29  21:48:22        02:27   10.2    0.8     71004  89740548  /System/Library/Frameworks/WebKit.framework/Versions/A/XPCServices/com.apple.WebKit.WebContent.xpc/Contents/MacOS/com.apple.WebKit.WebContent
   44928   2021-04-29  21:48:23        02:28   14.3    0.8     71004  89689440  /System/Library/Frameworks/WebKit.framework/Versions/A/XPCServices/com.apple.WebKit.WebContent.xpc/Contents/MacOS/com.apple.WebKit.WebContent
   44928   2021-04-29  21:48:24        02:29    0.8    0.8     70292  89689440  /System/Library/Frameworks/WebKit.framework/Versions/A/XPCServices/com.apple.WebKit.WebContent.xpc/Contents/MacOS/com.apple.WebKit.WebContent
   44928   2021-04-29  21:48:25        02:30    0.0    0.8     70292  89689440  /System/Library/Frameworks/WebKit.framework/Versions/A/XPCServices/com.apple.WebKit.WebContent.xpc/Contents/MacOS/com.apple.WebKit.WebContent
   44928   2021-04-29  21:48:26        02:32    8.6    0.8     71156  89691616  /System/Library/Frameworks/WebKit.framework/Versions/A/XPCServices/com.apple.WebKit.WebContent.xpc/Contents/MacOS/com.apple.WebKit.WebContent
   44928   2021-04-29  21:48:28        02:33    6.8    0.8     71272  89697280  /System/Library/Frameworks/WebKit.framework/Versions/A/XPCServices/com.apple.WebKit.WebContent.xpc/Contents/MacOS/com.apple.WebKit.WebContent
   44928   2021-04-29  21:48:29        02:34   23.3    0.9     72064  89657976  /System/Library/Frameworks/WebKit.framework/Versions/A/XPCServices/com.apple.WebKit.WebContent.xpc/Contents/MacOS/com.apple.WebKit.WebContent
   44928   2021-04-29  21:48:30        02:35   20.9    0.9     72188  89692056  /System/Library/Frameworks/WebKit.framework/Versions/A/XPCServices/com.apple.WebKit.WebContent.xpc/Contents/MacOS/com.apple.WebKit.WebContent
   44928   2021-04-29  21:48:31        02:36    1.7    0.9     72188  89692056  /System/Library/Frameworks/WebKit.framework/Versions/A/XPCServices/com.apple.WebKit.WebContent.xpc/Contents/MacOS/com.apple.WebKit.WebContent
   44928   2021-04-29  21:48:32        02:37    7.3    0.9     72200  89692056  /System/Library/Frameworks/WebKit.framework/Versions/A/XPCServices/com.apple.WebKit.WebContent.xpc/Contents/MacOS/com.apple.WebKit.WebContent
   44928   2021-04-29  21:48:33        02:38    4.6    0.9     72200  89692056  /System/Library/Frameworks/WebKit.framework/Versions/A/XPCServices/com.apple.WebKit.WebContent.xpc/Contents/MacOS/com.apple.WebKit.WebContent
   44928   2021-04-29  21:48:34        02:39   10.0    0.9     72200  89692056  /System/Library/Frameworks/WebKit.framework/Versions/A/XPCServices/com.apple.WebKit.WebContent.xpc/Contents/MacOS/com.apple.WebKit.WebContent
   44928   2021-04-29  21:48:35        02:40    8.9    0.9     72228  89692056  /System/Library/Frameworks/WebKit.framework/Versions/A/XPCServices/com.apple.WebKit.WebContent.xpc/Contents/MacOS/com.apple.WebKit.WebContent
   44928   2021-04-29  21:48:36        02:41    1.1    0.9     72228  89692056  /System/Library/Frameworks/WebKit.framework/Versions/A/XPCServices/com.apple.WebKit.WebContent.xpc/Contents/MacOS/com.apple.WebKit.WebContent
   44928   2021-04-29  21:48:37        02:42   13.2    0.9     72280  89664368  /System/Library/Frameworks/WebKit.framework/Versions/A/XPCServices/com.apple.WebKit.WebContent.xpc/Contents/MacOS/com.apple.WebKit.WebContent
   44928   2021-04-29  21:48:38        02:43    0.8    0.9     72236  89674116  /System/Library/Frameworks/WebKit.framework/Versions/A/XPCServices/com.apple.WebKit.WebContent.xpc/Contents/MacOS/com.apple.WebKit.WebContent
   44928   2021-04-29  21:48:39        02:45    0.0    0.9     72236  89674116  /System/Library/Frameworks/WebKit.framework/Versions/A/XPCServices/com.apple.WebKit.WebContent.xpc/Contents/MacOS/com.apple.WebKit.WebContent
   44928   2021-04-29  21:48:41        02:46    4.9    0.9     72236  89685636  /System/Library/Frameworks/WebKit.framework/Versions/A/XPCServices/com.apple.WebKit.WebContent.xpc/Contents/MacOS/com.apple.WebKit.WebContent
   44928   2021-04-29  21:48:42        02:47   17.3    0.9     72536  89737368  /System/Library/Frameworks/WebKit.framework/Versions/A/XPCServices/com.apple.WebKit.WebContent.xpc/Contents/MacOS/com.apple.WebKit.WebContent
   44928   2021-04-29  21:48:43        02:48   10.3    0.9     72560  89657956  /System/Library/Frameworks/WebKit.framework/Versions/A/XPCServices/com.apple.WebKit.WebContent.xpc/Contents/MacOS/com.apple.WebKit.WebContent
   44928   2021-04-29  21:48:44        02:49   12.9    0.9     73688  89694884  /System/Library/Frameworks/WebKit.framework/Versions/A/XPCServices/com.apple.WebKit.WebContent.xpc/Contents/MacOS/com.apple.WebKit.WebContent
   44928   2021-04-29  21:48:45        02:50    7.4    0.9     74044  89695488  /System/Library/Frameworks/WebKit.framework/Versions/A/XPCServices/com.apple.WebKit.WebContent.xpc/Contents/MacOS/com.apple.WebKit.WebContent
   44928   2021-04-29  21:48:46        02:51    1.4    0.9     74064  89695488  /System/Library/Frameworks/WebKit.framework/Versions/A/XPCServices/com.apple.WebKit.WebContent.xpc/Contents/MacOS/com.apple.WebKit.WebContent
   44928   2021-04-29  21:48:47        02:52    6.1    0.9     74076  89695504  /System/Library/Frameworks/WebKit.framework/Versions/A/XPCServices/com.apple.WebKit.WebContent.xpc/Contents/MacOS/com.apple.WebKit.WebContent
   44928   2021-04-29  21:48:48        02:53    1.2    0.9     74148  89678132  /System/Library/Frameworks/WebKit.framework/Versions/A/XPCServices/com.apple.WebKit.WebContent.xpc/Contents/MacOS/com.apple.WebKit.WebContent
   44928   2021-04-29  21:48:49        02:54    0.0    0.9     74148  89678132  /System/Library/Frameworks/WebKit.framework/Versions/A/XPCServices/com.apple.WebKit.WebContent.xpc/Contents/MacOS/com.apple.WebKit.WebContent
   44928   2021-04-29  21:48:50        02:55    0.0    0.9     74148  89678132  /System/Library/Frameworks/WebKit.framework/Versions/A/XPCServices/com.apple.WebKit.WebContent.xpc/Contents/MacOS/com.apple.WebKit.WebContent
   44928   2021-04-29  21:48:51        02:56    0.0    0.9     74148  89678132  /System/Library/Frameworks/WebKit.framework/Versions/A/XPCServices/com.apple.WebKit.WebContent.xpc/Contents/MacOS/com.apple.WebKit.WebContent
   44928   2021-04-29  21:48:52        02:58    3.6    0.9     74148  89678132  /System/Library/Frameworks/WebKit.framework/Versions/A/XPCServices/com.apple.WebKit.WebContent.xpc/Contents/MacOS/com.apple.WebKit.WebContent
   44928   2021-04-29  21:48:54        02:59    0.0    0.9     74148  89678132  /System/Library/Frameworks/WebKit.framework/Versions/A/XPCServices/com.apple.WebKit.WebContent.xpc/Contents/MacOS/com.apple.WebKit.WebContent
   44928   2021-04-29  21:48:55        03:00    0.0    0.9     73960  89676996  /System/Library/Frameworks/WebKit.framework/Versions/A/XPCServices/com.apple.WebKit.WebContent.xpc/Contents/MacOS/com.apple.WebKit.WebContent
   44928   2021-04-29  21:48:56        03:01    0.0    0.9     73960  89676996  /System/Library/Frameworks/WebKit.framework/Versions/A/XPCServices/com.apple.WebKit.WebContent.xpc/Contents/MacOS/com.apple.WebKit.WebContent
   44928   2021-04-29  21:48:57        03:02    0.3    0.9     73960  89676996  /System/Library/Frameworks/WebKit.framework/Versions/A/XPCServices/com.apple.WebKit.WebContent.xpc/Contents/MacOS/com.apple.WebKit.WebContent
   44928   2021-04-29  21:48:58        03:03    0.0    0.9     73704  89675292  /System/Library/Frameworks/WebKit.framework/Versions/A/XPCServices/com.apple.WebKit.WebContent.xpc/Contents/MacOS/com.apple.WebKit.WebContent
   44928   2021-04-29  21:48:59        03:04    0.0    0.9     73704  89675292  /System/Library/Frameworks/WebKit.framework/Versions/A/XPCServices/com.apple.WebKit.WebContent.xpc/Contents/MacOS/com.apple.WebKit.WebContent
   44928   2021-04-29  21:49:00        03:05    0.1    0.9     73704  89675292  /System/Library/Frameworks/WebKit.framework/Versions/A/XPCServices/com.apple.WebKit.WebContent.xpc/Contents/MacOS/com.apple.WebKit.WebContent
   44928   2021-04-29  21:49:01        03:06    0.0    0.9     73704  89675292  /System/Library/Frameworks/WebKit.framework/Versions/A/XPCServices/com.apple.WebKit.WebContent.xpc/Contents/MacOS/com.apple.WebKit.WebContent
   44928   2021-04-29  21:49:02        03:07    0.0    0.9     73452  89673064  /System/Library/Frameworks/WebKit.framework/Versions/A/XPCServices/com.apple.WebKit.WebContent.xpc/Contents/MacOS/com.apple.WebKit.WebContent
   44928   2021-04-29  21:49:03        03:08    0.0    0.9     73452  89673064  /System/Library/Frameworks/WebKit.framework/Versions/A/XPCServices/com.apple.WebKit.WebContent.xpc/Contents/MacOS/com.apple.WebKit.WebContent
   44928   2021-04-29  21:49:04        03:09    1.1    0.9     73452  89673064  /System/Library/Frameworks/WebKit.framework/Versions/A/XPCServices/com.apple.WebKit.WebContent.xpc/Contents/MacOS/com.apple.WebKit.WebContent
   44928   2021-04-29  21:49:05        03:10    0.0    0.9     73452  89673064  /System/Library/Frameworks/WebKit.framework/Versions/A/XPCServices/com.apple.WebKit.WebContent.xpc/Contents/MacOS/com.apple.WebKit.WebContent
   44928   2021-04-29  21:49:06        03:12    0.0    0.9     73452  89673064  /System/Library/Frameworks/WebKit.framework/Versions/A/XPCServices/com.apple.WebKit.WebContent.xpc/Contents/MacOS/com.apple.WebKit.WebContent
   44928   2021-04-29  21:49:08        03:13    0.0    0.9     73452  89673064  /System/Library/Frameworks/WebKit.framework/Versions/A/XPCServices/com.apple.WebKit.WebContent.xpc/Contents/MacOS/com.apple.WebKit.WebContent
   44928   2021-04-29  21:49:09        03:14    0.0    0.9     73452  89673064  /System/Library/Frameworks/WebKit.framework/Versions/A/XPCServices/com.apple.WebKit.WebContent.xpc/Contents/MacOS/com.apple.WebKit.WebContent
   44928   2021-04-29  21:49:10        03:15    0.0    0.9     73452  89673064  /System/Library/Frameworks/WebKit.framework/Versions/A/XPCServices/com.apple.WebKit.WebContent.xpc/Contents/MacOS/com.apple.WebKit.WebContent
   44928   2021-04-29  21:49:11        03:16    0.0    0.9     73452  89673064  /System/Library/Frameworks/WebKit.framework/Versions/A/XPCServices/com.apple.WebKit.WebContent.xpc/Contents/MacOS/com.apple.WebKit.WebContent
   44928   2021-04-29  21:49:12        03:17    0.0    0.9     73452  89673064  /System/Library/Frameworks/WebKit.framework/Versions/A/XPCServices/com.apple.WebKit.WebContent.xpc/Contents/MacOS/com.apple.WebKit.WebContent
   44928   2021-04-29  21:49:13        03:18    0.0    0.9     73452  89673064  /System/Library/Frameworks/WebKit.framework/Versions/A/XPCServices/com.apple.WebKit.WebContent.xpc/Contents/MacOS/com.apple.WebKit.WebContent
   44928   2021-04-29  21:49:14        03:19    0.0    0.9     73452  89673064  /System/Library/Frameworks/WebKit.framework/Versions/A/XPCServices/com.apple.WebKit.WebContent.xpc/Contents/MacOS/com.apple.WebKit.WebContent
   44928   2021-04-29  21:49:15        03:20    0.0    0.9     73452  89673064  /System/Library/Frameworks/WebKit.framework/Versions/A/XPCServices/com.apple.WebKit.WebContent.xpc/Contents/MacOS/com.apple.WebKit.WebContent
   44928   2021-04-29  21:49:16        03:21    0.0    0.9     73452  89673064  /System/Library/Frameworks/WebKit.framework/Versions/A/XPCServices/com.apple.WebKit.WebContent.xpc/Contents/MacOS/com.apple.WebKit.WebContent
   44928   2021-04-29  21:49:17        03:22    0.0    0.9     73452  89673064  /System/Library/Frameworks/WebKit.framework/Versions/A/XPCServices/com.apple.WebKit.WebContent.xpc/Contents/MacOS/com.apple.WebKit.WebContent
   44928   2021-04-29  21:49:18        03:23    0.4    0.9     73452  89673064  /System/Library/Frameworks/WebKit.framework/Versions/A/XPCServices/com.apple.WebKit.WebContent.xpc/Contents/MacOS/com.apple.WebKit.WebContent
   44928   2021-04-29  21:49:19        03:24    8.1    0.9     73884  89698944  /System/Library/Frameworks/WebKit.framework/Versions/A/XPCServices/com.apple.WebKit.WebContent.xpc/Contents/MacOS/com.apple.WebKit.WebContent
   44928   2021-04-29  21:49:20        03:26    4.5    0.9     74064  89660908  /System/Library/Frameworks/WebKit.framework/Versions/A/XPCServices/com.apple.WebKit.WebContent.xpc/Contents/MacOS/com.apple.WebKit.WebContent
   44928   2021-04-29  21:49:22        03:27    0.0    0.9     74072  89660916  /System/Library/Frameworks/WebKit.framework/Versions/A/XPCServices/com.apple.WebKit.WebContent.xpc/Contents/MacOS/com.apple.WebKit.WebContent
   44928   2021-04-29  21:49:23        03:28   16.4    0.9     74092  89694988  /System/Library/Frameworks/WebKit.framework/Versions/A/XPCServices/com.apple.WebKit.WebContent.xpc/Contents/MacOS/com.apple.WebKit.WebContent
   44928   2021-04-29  21:49:24        03:29    2.9    0.9     74116  89694988  /System/Library/Frameworks/WebKit.framework/Versions/A/XPCServices/com.apple.WebKit.WebContent.xpc/Contents/MacOS/com.apple.WebKit.WebContent
   44928   2021-04-29  21:49:25        03:30    1.3    0.9     74120  89695512  /System/Library/Frameworks/WebKit.framework/Versions/A/XPCServices/com.apple.WebKit.WebContent.xpc/Contents/MacOS/com.apple.WebKit.WebContent
   44928   2021-04-29  21:49:26        03:31    1.0    0.9     74120  89695512  /System/Library/Frameworks/WebKit.framework/Versions/A/XPCServices/com.apple.WebKit.WebContent.xpc/Contents/MacOS/com.apple.WebKit.WebContent
   44928   2021-04-29  21:49:27        03:32    3.9    0.9     74124  89695512  /System/Library/Frameworks/WebKit.framework/Versions/A/XPCServices/com.apple.WebKit.WebContent.xpc/Contents/MacOS/com.apple.WebKit.WebContent
   44928   2021-04-29  21:49:28        03:33    1.5    0.9     74124  89695512  /System/Library/Frameworks/WebKit.framework/Versions/A/XPCServices/com.apple.WebKit.WebContent.xpc/Contents/MacOS/com.apple.WebKit.WebContent
   44928   2021-04-29  21:49:29        03:34    0.5    0.9     74124  89695512  /System/Library/Frameworks/WebKit.framework/Versions/A/XPCServices/com.apple.WebKit.WebContent.xpc/Contents/MacOS/com.apple.WebKit.WebContent
   44928   2021-04-29  21:49:30        03:35    3.1    0.9     74056  89694944  /System/Library/Frameworks/WebKit.framework/Versions/A/XPCServices/com.apple.WebKit.WebContent.xpc/Contents/MacOS/com.apple.WebKit.WebContent
   44928   2021-04-29  21:49:31        03:36    0.5    0.9     74056  89694944  /System/Library/Frameworks/WebKit.framework/Versions/A/XPCServices/com.apple.WebKit.WebContent.xpc/Contents/MacOS/com.apple.WebKit.WebContent
   44928   2021-04-29  21:49:32        03:37    0.2    0.9     74056  89694944  /System/Library/Frameworks/WebKit.framework/Versions/A/XPCServices/com.apple.WebKit.WebContent.xpc/Contents/MacOS/com.apple.WebKit.WebContent
   44928   2021-04-29  21:49:33        03:38    0.4    0.9     74056  89694944  /System/Library/Frameworks/WebKit.framework/Versions/A/XPCServices/com.apple.WebKit.WebContent.xpc/Contents/MacOS/com.apple.WebKit.WebContent
   44928   2021-04-29  21:49:34        03:39   17.2    0.9     74048  89694376  /System/Library/Frameworks/WebKit.framework/Versions/A/XPCServices/com.apple.WebKit.WebContent.xpc/Contents/MacOS/com.apple.WebKit.WebContent
   44928   2021-04-29  21:49:36        03:41    0.5    0.9     74048  89694376  /System/Library/Frameworks/WebKit.framework/Versions/A/XPCServices/com.apple.WebKit.WebContent.xpc/Contents/MacOS/com.apple.WebKit.WebContent
   44928   2021-04-29  21:49:37        03:42    0.0    0.9     74048  89694376  /System/Library/Frameworks/WebKit.framework/Versions/A/XPCServices/com.apple.WebKit.WebContent.xpc/Contents/MacOS/com.apple.WebKit.WebContent
   44928   2021-04-29  21:49:38        03:43    0.0    0.9     74048  89694376  /System/Library/Frameworks/WebKit.framework/Versions/A/XPCServices/com.apple.WebKit.WebContent.xpc/Contents/MacOS/com.apple.WebKit.WebContent
   44928   2021-04-29  21:49:39        03:44    0.3    0.9     74048  89694376  /System/Library/Frameworks/WebKit.framework/Versions/A/XPCServices/com.apple.WebKit.WebContent.xpc/Contents/MacOS/com.apple.WebKit.WebContent
   44928   2021-04-29  21:49:40        03:45    0.0    0.9     73884  89692672  /System/Library/Frameworks/WebKit.framework/Versions/A/XPCServices/com.apple.WebKit.WebContent.xpc/Contents/MacOS/com.apple.WebKit.WebContent
   44928   2021-04-29  21:49:41        03:46    0.0    0.9     73884  89692672  /System/Library/Frameworks/WebKit.framework/Versions/A/XPCServices/com.apple.WebKit.WebContent.xpc/Contents/MacOS/com.apple.WebKit.WebContent
   44928   2021-04-29  21:49:42        03:47    0.0    0.9     73740  89692104  /System/Library/Frameworks/WebKit.framework/Versions/A/XPCServices/com.apple.WebKit.WebContent.xpc/Contents/MacOS/com.apple.WebKit.WebContent
   44928   2021-04-29  21:49:43        03:48    0.0    0.9     73740  89692104  /System/Library/Frameworks/WebKit.framework/Versions/A/XPCServices/com.apple.WebKit.WebContent.xpc/Contents/MacOS/com.apple.WebKit.WebContent
   44928   2021-04-29  21:49:44        03:49    0.7    0.9     73668  89691536  /System/Library/Frameworks/WebKit.framework/Versions/A/XPCServices/com.apple.WebKit.WebContent.xpc/Contents/MacOS/com.apple.WebKit.WebContent
   44928   2021-04-29  21:49:45        03:50    0.2    0.9     73676  89657464  /System/Library/Frameworks/WebKit.framework/Versions/A/XPCServices/com.apple.WebKit.WebContent.xpc/Contents/MacOS/com.apple.WebKit.WebContent
   44928   2021-04-29  21:49:46        03:51    1.2    0.9     73676  89657464  /System/Library/Frameworks/WebKit.framework/Versions/A/XPCServices/com.apple.WebKit.WebContent.xpc/Contents/MacOS/com.apple.WebKit.WebContent
   44928   2021-04-29  21:49:47        03:52    0.0    0.9     73676  89657464  /System/Library/Frameworks/WebKit.framework/Versions/A/XPCServices/com.apple.WebKit.WebContent.xpc/Contents/MacOS/com.apple.WebKit.WebContent
   44928   2021-04-29  21:49:48        03:53    0.0    0.9     73676  89657464  /System/Library/Frameworks/WebKit.framework/Versions/A/XPCServices/com.apple.WebKit.WebContent.xpc/Contents/MacOS/com.apple.WebKit.WebContent
   44928   2021-04-29  21:49:49        03:55    0.0    0.9     73544  89656896  /System/Library/Frameworks/WebKit.framework/Versions/A/XPCServices/com.apple.WebKit.WebContent.xpc/Contents/MacOS/com.apple.WebKit.WebContent
   44928   2021-04-29  21:49:51        03:56    4.2    0.9     78572  90010624  /System/Library/Frameworks/WebKit.framework/Versions/A/XPCServices/com.apple.WebKit.WebContent.xpc/Contents/MacOS/com.apple.WebKit.WebContent
   44928   2021-04-29  21:49:52        03:57    0.0    0.9     78580  90010624  /System/Library/Frameworks/WebKit.framework/Versions/A/XPCServices/com.apple.WebKit.WebContent.xpc/Contents/MacOS/com.apple.WebKit.WebContent
   44928   2021-04-29  21:49:53        03:58    3.5    0.9     78764  90027748  /System/Library/Frameworks/WebKit.framework/Versions/A/XPCServices/com.apple.WebKit.WebContent.xpc/Contents/MacOS/com.apple.WebKit.WebContent
   44928   2021-04-29  21:49:54        03:59   18.9    0.9     78788  90027748  /System/Library/Frameworks/WebKit.framework/Versions/A/XPCServices/com.apple.WebKit.WebContent.xpc/Contents/MacOS/com.apple.WebKit.WebContent
   44928   2021-04-29  21:49:55        04:00    1.6    0.9     78816  90028288  /System/Library/Frameworks/WebKit.framework/Versions/A/XPCServices/com.apple.WebKit.WebContent.xpc/Contents/MacOS/com.apple.WebKit.WebContent
   44928   2021-04-29  21:49:56        04:01    2.8    0.9     78892  90028856  /System/Library/Frameworks/WebKit.framework/Versions/A/XPCServices/com.apple.WebKit.WebContent.xpc/Contents/MacOS/com.apple.WebKit.WebContent
   44928   2021-04-29  21:49:57        04:02    4.9    0.9     78952  90028856  /System/Library/Frameworks/WebKit.framework/Versions/A/XPCServices/com.apple.WebKit.WebContent.xpc/Contents/MacOS/com.apple.WebKit.WebContent
   44928   2021-04-29  21:49:58        04:03    6.5    0.9     79020  90029424  /System/Library/Frameworks/WebKit.framework/Versions/A/XPCServices/com.apple.WebKit.WebContent.xpc/Contents/MacOS/com.apple.WebKit.WebContent
   44928   2021-04-29  21:49:59        04:04    0.5    0.9     79020  90029424  /System/Library/Frameworks/WebKit.framework/Versions/A/XPCServices/com.apple.WebKit.WebContent.xpc/Contents/MacOS/com.apple.WebKit.WebContent
   44928   2021-04-29  21:50:00        04:05    3.5    0.9     79028  90029424  /System/Library/Frameworks/WebKit.framework/Versions/A/XPCServices/com.apple.WebKit.WebContent.xpc/Contents/MacOS/com.apple.WebKit.WebContent
   44928   2021-04-29  21:50:01        04:06    4.0    0.9     79060  90029440  /System/Library/Frameworks/WebKit.framework/Versions/A/XPCServices/com.apple.WebKit.WebContent.xpc/Contents/MacOS/com.apple.WebKit.WebContent
   44928   2021-04-29  21:50:02        04:07    7.4    0.9     79172  90030008  /System/Library/Frameworks/WebKit.framework/Versions/A/XPCServices/com.apple.WebKit.WebContent.xpc/Contents/MacOS/com.apple.WebKit.WebContent
   44928   2021-04-29  21:50:03        04:09    6.6    0.9     79184  90030008  /System/Library/Frameworks/WebKit.framework/Versions/A/XPCServices/com.apple.WebKit.WebContent.xpc/Contents/MacOS/com.apple.WebKit.WebContent
   44928   2021-04-29  21:50:05        04:10   19.7    0.9     79668  90030000  /System/Library/Frameworks/WebKit.framework/Versions/A/XPCServices/com.apple.WebKit.WebContent.xpc/Contents/MacOS/com.apple.WebKit.WebContent
   44928   2021-04-29  21:50:06        04:11   19.5    1.0     79816  90036528  /System/Library/Frameworks/WebKit.framework/Versions/A/XPCServices/com.apple.WebKit.WebContent.xpc/Contents/MacOS/com.apple.WebKit.WebContent
   44928   2021-04-29  21:50:07        04:12    6.0    0.9     79464  90036528  /System/Library/Frameworks/WebKit.framework/Versions/A/XPCServices/com.apple.WebKit.WebContent.xpc/Contents/MacOS/com.apple.WebKit.WebContent
   44928   2021-04-29  21:50:08        04:13    1.7    0.9     79464  90036528  /System/Library/Frameworks/WebKit.framework/Versions/A/XPCServices/com.apple.WebKit.WebContent.xpc/Contents/MacOS/com.apple.WebKit.WebContent
   44928   2021-04-29  21:50:09        04:14    1.5    0.9     79464  90036528  /System/Library/Frameworks/WebKit.framework/Versions/A/XPCServices/com.apple.WebKit.WebContent.xpc/Contents/MacOS/com.apple.WebKit.WebContent
   44928   2021-04-29  21:50:10        04:15    6.5    0.9     79472  90036528  /System/Library/Frameworks/WebKit.framework/Versions/A/XPCServices/com.apple.WebKit.WebContent.xpc/Contents/MacOS/com.apple.WebKit.WebContent
   44928   2021-04-29  21:50:11        04:16    3.9    0.9     79476  90036528  /System/Library/Frameworks/WebKit.framework/Versions/A/XPCServices/com.apple.WebKit.WebContent.xpc/Contents/MacOS/com.apple.WebKit.WebContent
   44928   2021-04-29  21:50:12        04:17   12.6    0.9     79312  90035960  /System/Library/Frameworks/WebKit.framework/Versions/A/XPCServices/com.apple.WebKit.WebContent.xpc/Contents/MacOS/com.apple.WebKit.WebContent
   44928   2021-04-29  21:50:13        04:18   24.5    0.9     79672  90035960  /System/Library/Frameworks/WebKit.framework/Versions/A/XPCServices/com.apple.WebKit.WebContent.xpc/Contents/MacOS/com.apple.WebKit.WebContent
   44928   2021-04-29  21:50:14        04:19    0.5    0.9     79684  90038692  /System/Library/Frameworks/WebKit.framework/Versions/A/XPCServices/com.apple.WebKit.WebContent.xpc/Contents/MacOS/com.apple.WebKit.WebContent
   44928   2021-04-29  21:50:15        04:20    0.2    0.9     79684  90038564  /System/Library/Frameworks/WebKit.framework/Versions/A/XPCServices/com.apple.WebKit.WebContent.xpc/Contents/MacOS/com.apple.WebKit.WebContent
   44928   2021-04-29  21:50:16        04:21    6.5    0.9     79632  90037996  /System/Library/Frameworks/WebKit.framework/Versions/A/XPCServices/com.apple.WebKit.WebContent.xpc/Contents/MacOS/com.apple.WebKit.WebContent
   44928   2021-04-29  21:50:17        04:23    0.0    0.9     79632  90037996  /System/Library/Frameworks/WebKit.framework/Versions/A/XPCServices/com.apple.WebKit.WebContent.xpc/Contents/MacOS/com.apple.WebKit.WebContent
   44928   2021-04-29  21:50:19        04:24    0.0    0.9     79632  90037996  /System/Library/Frameworks/WebKit.framework/Versions/A/XPCServices/com.apple.WebKit.WebContent.xpc/Contents/MacOS/com.apple.WebKit.WebContent
   44928   2021-04-29  21:50:20        04:25    1.0    0.9     79632  90037996  /System/Library/Frameworks/WebKit.framework/Versions/A/XPCServices/com.apple.WebKit.WebContent.xpc/Contents/MacOS/com.apple.WebKit.WebContent
   44928   2021-04-29  21:50:21        04:26    0.0    0.9     79616  90037996  /System/Library/Frameworks/WebKit.framework/Versions/A/XPCServices/com.apple.WebKit.WebContent.xpc/Contents/MacOS/com.apple.WebKit.WebContent
   44928   2021-04-29  21:50:22        04:27    0.0    0.9     79616  90037996  /System/Library/Frameworks/WebKit.framework/Versions/A/XPCServices/com.apple.WebKit.WebContent.xpc/Contents/MacOS/com.apple.WebKit.WebContent
   44928   2021-04-29  21:50:23        04:28    0.4    0.9     79344  90036860  /System/Library/Frameworks/WebKit.framework/Versions/A/XPCServices/com.apple.WebKit.WebContent.xpc/Contents/MacOS/com.apple.WebKit.WebContent
   44928   2021-04-29  21:50:24        04:29    0.0    0.9     77328  90020348  /System/Library/Frameworks/WebKit.framework/Versions/A/XPCServices/com.apple.WebKit.WebContent.xpc/Contents/MacOS/com.apple.WebKit.WebContent
   44928   2021-04-29  21:50:25        04:30    0.5    0.9     77020  90020348  /System/Library/Frameworks/WebKit.framework/Versions/A/XPCServices/com.apple.WebKit.WebContent.xpc/Contents/MacOS/com.apple.WebKit.WebContent
   44928   2021-04-29  21:50:26        04:31    0.3    0.9     77020  90003312  /System/Library/Frameworks/WebKit.framework/Versions/A/XPCServices/com.apple.WebKit.WebContent.xpc/Contents/MacOS/com.apple.WebKit.WebContent
   44928   2021-04-29  21:50:27        04:32    0.0    0.9     77020  90003312  /System/Library/Frameworks/WebKit.framework/Versions/A/XPCServices/com.apple.WebKit.WebContent.xpc/Contents/MacOS/com.apple.WebKit.WebContent
   44928   2021-04-29  21:50:28        04:33    0.0    0.9     77020  90003312  /System/Library/Frameworks/WebKit.framework/Versions/A/XPCServices/com.apple.WebKit.WebContent.xpc/Contents/MacOS/com.apple.WebKit.WebContent
   44928   2021-04-29  21:50:29        04:34    0.0    0.9     77020  90003312  /System/Library/Frameworks/WebKit.framework/Versions/A/XPCServices/com.apple.WebKit.WebContent.xpc/Contents/MacOS/com.apple.WebKit.WebContent
   44928   2021-04-29  21:50:30        04:35    6.7    0.9     77104  90004780  /System/Library/Frameworks/WebKit.framework/Versions/A/XPCServices/com.apple.WebKit.WebContent.xpc/Contents/MacOS/com.apple.WebKit.WebContent
   44928   2021-04-29  21:50:31        04:36    9.1    0.9     77120  90004780  /System/Library/Frameworks/WebKit.framework/Versions/A/XPCServices/com.apple.WebKit.WebContent.xpc/Contents/MacOS/com.apple.WebKit.WebContent
   44928   2021-04-29  21:50:33        04:38    8.5    0.9     77128  90004780  /System/Library/Frameworks/WebKit.framework/Versions/A/XPCServices/com.apple.WebKit.WebContent.xpc/Contents/MacOS/com.apple.WebKit.WebContent
   44928   2021-04-29  21:50:34        04:39    0.4    0.9     77128  90004780  /System/Library/Frameworks/WebKit.framework/Versions/A/XPCServices/com.apple.WebKit.WebContent.xpc/Contents/MacOS/com.apple.WebKit.WebContent
   44928   2021-04-29  21:50:35        04:40    0.0    0.9     77128  90004780  /System/Library/Frameworks/WebKit.framework/Versions/A/XPCServices/com.apple.WebKit.WebContent.xpc/Contents/MacOS/com.apple.WebKit.WebContent
   44928   2021-04-29  21:50:36        04:41    0.0    0.9     77128  90004780  /System/Library/Frameworks/WebKit.framework/Versions/A/XPCServices/com.apple.WebKit.WebContent.xpc/Contents/MacOS/com.apple.WebKit.WebContent
   44928   2021-04-29  21:50:37        04:42    3.6    0.9     77128  90004780  /System/Library/Frameworks/WebKit.framework/Versions/A/XPCServices/com.apple.WebKit.WebContent.xpc/Contents/MacOS/com.apple.WebKit.WebContent
   44928   2021-04-29  21:50:38        04:43   18.2    0.9     78068  90030336  /System/Library/Frameworks/WebKit.framework/Versions/A/XPCServices/com.apple.WebKit.WebContent.xpc/Contents/MacOS/com.apple.WebKit.WebContent
   44928   2021-04-29  21:50:39        04:44   25.4    0.9     78892  90003180  /System/Library/Frameworks/WebKit.framework/Versions/A/XPCServices/com.apple.WebKit.WebContent.xpc/Contents/MacOS/com.apple.WebKit.WebContent
   44928   2021-04-29  21:50:40        04:45   31.0    1.0     82512  89999288  /System/Library/Frameworks/WebKit.framework/Versions/A/XPCServices/com.apple.WebKit.WebContent.xpc/Contents/MacOS/com.apple.WebKit.WebContent
   44928   2021-04-29  21:50:41        04:46    4.8    1.0     82688  90033352  /System/Library/Frameworks/WebKit.framework/Versions/A/XPCServices/com.apple.WebKit.WebContent.xpc/Contents/MacOS/com.apple.WebKit.WebContent
   44928   2021-04-29  21:50:42        04:47    0.0    1.0     82688  90033352  /System/Library/Frameworks/WebKit.framework/Versions/A/XPCServices/com.apple.WebKit.WebContent.xpc/Contents/MacOS/com.apple.WebKit.WebContent
   44928   2021-04-29  21:50:43        04:48    0.5    1.0     82744  90033352  /System/Library/Frameworks/WebKit.framework/Versions/A/XPCServices/com.apple.WebKit.WebContent.xpc/Contents/MacOS/com.apple.WebKit.WebContent
   44928   2021-04-29  21:50:44        04:49    0.2    1.0     82768  90033352  /System/Library/Frameworks/WebKit.framework/Versions/A/XPCServices/com.apple.WebKit.WebContent.xpc/Contents/MacOS/com.apple.WebKit.WebContent
   44928   2021-04-29  21:50:45        04:51    0.9    1.0     81336  90033352  /System/Library/Frameworks/WebKit.framework/Versions/A/XPCServices/com.apple.WebKit.WebContent.xpc/Contents/MacOS/com.apple.WebKit.WebContent
   44928   2021-04-29  21:50:47        04:52    4.8    1.0     81240  90046848  /System/Library/Frameworks/WebKit.framework/Versions/A/XPCServices/com.apple.WebKit.WebContent.xpc/Contents/MacOS/com.apple.WebKit.WebContent
   44928   2021-04-29  21:50:48        04:53    6.8    1.0     81312  90046848  /System/Library/Frameworks/WebKit.framework/Versions/A/XPCServices/com.apple.WebKit.WebContent.xpc/Contents/MacOS/com.apple.WebKit.WebContent
   44928   2021-04-29  21:50:49        04:54    1.4    1.0     81360  90046848  /System/Library/Frameworks/WebKit.framework/Versions/A/XPCServices/com.apple.WebKit.WebContent.xpc/Contents/MacOS/com.apple.WebKit.WebContent
   44928   2021-04-29  21:50:50        04:55    5.9    1.0     81372  90046848  /System/Library/Frameworks/WebKit.framework/Versions/A/XPCServices/com.apple.WebKit.WebContent.xpc/Contents/MacOS/com.apple.WebKit.WebContent
   44928   2021-04-29  21:50:51        04:56    0.0    1.0     81372  90046848  /System/Library/Frameworks/WebKit.framework/Versions/A/XPCServices/com.apple.WebKit.WebContent.xpc/Contents/MacOS/com.apple.WebKit.WebContent
   44928   2021-04-29  21:50:52        04:57   22.2    1.0     81544  90060568  /System/Library/Frameworks/WebKit.framework/Versions/A/XPCServices/com.apple.WebKit.WebContent.xpc/Contents/MacOS/com.apple.WebKit.WebContent
   44928   2021-04-29  21:50:53        04:58   20.4    1.0     81616  90060568  /System/Library/Frameworks/WebKit.framework/Versions/A/XPCServices/com.apple.WebKit.WebContent.xpc/Contents/MacOS/com.apple.WebKit.WebContent
   44928   2021-04-29  21:50:54        04:59   12.0    1.0     81764  90060576  /System/Library/Frameworks/WebKit.framework/Versions/A/XPCServices/com.apple.WebKit.WebContent.xpc/Contents/MacOS/com.apple.WebKit.WebContent
   44928   2021-04-29  21:50:55        05:00    2.3    1.0     81592  90058864  /System/Library/Frameworks/WebKit.framework/Versions/A/XPCServices/com.apple.WebKit.WebContent.xpc/Contents/MacOS/com.apple.WebKit.WebContent
   44928   2021-04-29  21:50:56        05:01    1.4    1.0     81592  90058864  /System/Library/Frameworks/WebKit.framework/Versions/A/XPCServices/com.apple.WebKit.WebContent.xpc/Contents/MacOS/com.apple.WebKit.WebContent
   44928   2021-04-29  21:50:57        05:02    1.1    1.0     81592  90058864  /System/Library/Frameworks/WebKit.framework/Versions/A/XPCServices/com.apple.WebKit.WebContent.xpc/Contents/MacOS/com.apple.WebKit.WebContent
   44928   2021-04-29  21:50:58        05:04    8.4    1.0     81668  90058864  /System/Library/Frameworks/WebKit.framework/Versions/A/XPCServices/com.apple.WebKit.WebContent.xpc/Contents/MacOS/com.apple.WebKit.WebContent
   44928   2021-04-29  21:51:00        05:05   11.0    1.0     81776  90058864  /System/Library/Frameworks/WebKit.framework/Versions/A/XPCServices/com.apple.WebKit.WebContent.xpc/Contents/MacOS/com.apple.WebKit.WebContent
   44928   2021-04-29  21:51:01        05:06   29.6    1.0     82272  90058896  /System/Library/Frameworks/WebKit.framework/Versions/A/XPCServices/com.apple.WebKit.WebContent.xpc/Contents/MacOS/com.apple.WebKit.WebContent
   44928   2021-04-29  21:51:02        05:07    3.8    1.0     82276  90058896  /System/Library/Frameworks/WebKit.framework/Versions/A/XPCServices/com.apple.WebKit.WebContent.xpc/Contents/MacOS/com.apple.WebKit.WebContent
   44928   2021-04-29  21:51:03        05:08    0.8    1.0     82276  90032300  /System/Library/Frameworks/WebKit.framework/Versions/A/XPCServices/com.apple.WebKit.WebContent.xpc/Contents/MacOS/com.apple.WebKit.WebContent
   44928   2021-04-29  21:51:04        05:09   21.3    1.0     82620  90033340  /System/Library/Frameworks/WebKit.framework/Versions/A/XPCServices/com.apple.WebKit.WebContent.xpc/Contents/MacOS/com.apple.WebKit.WebContent
   44928   2021-04-29  21:51:05        05:10    1.4    1.0     82624  90033340  /System/Library/Frameworks/WebKit.framework/Versions/A/XPCServices/com.apple.WebKit.WebContent.xpc/Contents/MacOS/com.apple.WebKit.WebContent
   44928   2021-04-29  21:51:06        05:11    0.0    1.0     82624  90033340  /System/Library/Frameworks/WebKit.framework/Versions/A/XPCServices/com.apple.WebKit.WebContent.xpc/Contents/MacOS/com.apple.WebKit.WebContent
   44928   2021-04-29  21:51:07        05:12   12.5    1.0     82640  90033340  /System/Library/Frameworks/WebKit.framework/Versions/A/XPCServices/com.apple.WebKit.WebContent.xpc/Contents/MacOS/com.apple.WebKit.WebContent
   44928   2021-04-29  21:51:08        05:13    2.2    1.0     83288  90033340  /System/Library/Frameworks/WebKit.framework/Versions/A/XPCServices/com.apple.WebKit.WebContent.xpc/Contents/MacOS/com.apple.WebKit.WebContent
   44928   2021-04-29  21:51:09        05:14    5.3    1.0     83300  90033340  /System/Library/Frameworks/WebKit.framework/Versions/A/XPCServices/com.apple.WebKit.WebContent.xpc/Contents/MacOS/com.apple.WebKit.WebContent
   44928   2021-04-29  21:51:10        05:15    4.0    1.0     83956  89984960  /System/Library/Frameworks/WebKit.framework/Versions/A/XPCServices/com.apple.WebKit.WebContent.xpc/Contents/MacOS/com.apple.WebKit.WebContent
   44928   2021-04-29  21:51:11        05:16    1.5    1.0     83996  90003976  /System/Library/Frameworks/WebKit.framework/Versions/A/XPCServices/com.apple.WebKit.WebContent.xpc/Contents/MacOS/com.apple.WebKit.WebContent
   44928   2021-04-29  21:51:12        05:18    0.0    1.0     83988  90003968  /System/Library/Frameworks/WebKit.framework/Versions/A/XPCServices/com.apple.WebKit.WebContent.xpc/Contents/MacOS/com.apple.WebKit.WebContent
   44928   2021-04-29  21:51:14        05:19   12.1    1.0     84216  90038272  /System/Library/Frameworks/WebKit.framework/Versions/A/XPCServices/com.apple.WebKit.WebContent.xpc/Contents/MacOS/com.apple.WebKit.WebContent
   44928   2021-04-29  21:51:15        05:20   10.1    1.0     84928  90043932  /System/Library/Frameworks/WebKit.framework/Versions/A/XPCServices/com.apple.WebKit.WebContent.xpc/Contents/MacOS/com.apple.WebKit.WebContent
   44928   2021-04-29  21:51:16        05:21    2.9    1.0     84948  90043940  /System/Library/Frameworks/WebKit.framework/Versions/A/XPCServices/com.apple.WebKit.WebContent.xpc/Contents/MacOS/com.apple.WebKit.WebContent
   44928   2021-04-29  21:51:17        05:22    7.4    1.1     92324  90058184  /System/Library/Frameworks/WebKit.framework/Versions/A/XPCServices/com.apple.WebKit.WebContent.xpc/Contents/MacOS/com.apple.WebKit.WebContent
   44928   2021-04-29  21:51:18        05:23   13.7    1.1     92388  90069764  /System/Library/Frameworks/WebKit.framework/Versions/A/XPCServices/com.apple.WebKit.WebContent.xpc/Contents/MacOS/com.apple.WebKit.WebContent
   44928   2021-04-29  21:51:19        05:24   13.5    1.1     93860  90073240  /System/Library/Frameworks/WebKit.framework/Versions/A/XPCServices/com.apple.WebKit.WebContent.xpc/Contents/MacOS/com.apple.WebKit.WebContent
   44928   2021-04-29  21:51:20        05:25    7.1    1.1     93964  90073252  /System/Library/Frameworks/WebKit.framework/Versions/A/XPCServices/com.apple.WebKit.WebContent.xpc/Contents/MacOS/com.apple.WebKit.WebContent
   44928   2021-04-29  21:51:21        05:26   12.7    1.1     94008  90071292  /System/Library/Frameworks/WebKit.framework/Versions/A/XPCServices/com.apple.WebKit.WebContent.xpc/Contents/MacOS/com.apple.WebKit.WebContent
   44928   2021-04-29  21:51:22        05:27    4.8    1.1     95380  90077952  /System/Library/Frameworks/WebKit.framework/Versions/A/XPCServices/com.apple.WebKit.WebContent.xpc/Contents/MacOS/com.apple.WebKit.WebContent
   44928   2021-04-29  21:51:23        05:28   14.1    1.1     95384  90077952  /System/Library/Frameworks/WebKit.framework/Versions/A/XPCServices/com.apple.WebKit.WebContent.xpc/Contents/MacOS/com.apple.WebKit.WebContent
   44928   2021-04-29  21:51:24        05:29    1.8    1.1     95384  90077952  /System/Library/Frameworks/WebKit.framework/Versions/A/XPCServices/com.apple.WebKit.WebContent.xpc/Contents/MacOS/com.apple.WebKit.WebContent
   44928   2021-04-29  21:51:25        05:30   16.7    1.1     95384  90078332  /System/Library/Frameworks/WebKit.framework/Versions/A/XPCServices/com.apple.WebKit.WebContent.xpc/Contents/MacOS/com.apple.WebKit.WebContent
   44928   2021-04-29  21:51:27        05:32   14.5    1.1     95388  90066452  /System/Library/Frameworks/WebKit.framework/Versions/A/XPCServices/com.apple.WebKit.WebContent.xpc/Contents/MacOS/com.apple.WebKit.WebContent
   44928   2021-04-29  21:51:28        05:33    4.6    1.1     95512  90015408  /System/Library/Frameworks/WebKit.framework/Versions/A/XPCServices/com.apple.WebKit.WebContent.xpc/Contents/MacOS/com.apple.WebKit.WebContent
   44928   2021-04-29  21:51:29        05:34    0.3    1.1     95360  90013712  /System/Library/Frameworks/WebKit.framework/Versions/A/XPCServices/com.apple.WebKit.WebContent.xpc/Contents/MacOS/com.apple.WebKit.WebContent
