     PID         DATE      TIME      ELAPSED    CPU    MEM       RSS     VSIZE       CMD
   43075   2021-04-29  18:41:28        06:28    0.0    0.7     58952  106235164  /System/Library/Frameworks/WebKit.framework/Versions/A/XPCServices/com.apple.WebKit.WebContent.xpc/Contents/MacOS/com.apple.WebKit.WebContent
   43075   2021-04-29  18:41:29        06:29    0.6    0.7     58952  106235164  /System/Library/Frameworks/WebKit.framework/Versions/A/XPCServices/com.apple.WebKit.WebContent.xpc/Contents/MacOS/com.apple.WebKit.WebContent
   43075   2021-04-29  18:41:30        06:30    0.4    0.7     59064  106242112  /System/Library/Frameworks/WebKit.framework/Versions/A/XPCServices/com.apple.WebKit.WebContent.xpc/Contents/MacOS/com.apple.WebKit.WebContent
   43075   2021-04-29  18:41:31        06:31    0.0    0.7     59056  106242104  /System/Library/Frameworks/WebKit.framework/Versions/A/XPCServices/com.apple.WebKit.WebContent.xpc/Contents/MacOS/com.apple.WebKit.WebContent
   43075   2021-04-29  18:41:32        06:32    0.1    0.7     59104  106236256  /System/Library/Frameworks/WebKit.framework/Versions/A/XPCServices/com.apple.WebKit.WebContent.xpc/Contents/MacOS/com.apple.WebKit.WebContent
   43075   2021-04-29  18:41:33        06:33    7.5    0.7     60040  106278508  /System/Library/Frameworks/WebKit.framework/Versions/A/XPCServices/com.apple.WebKit.WebContent.xpc/Contents/MacOS/com.apple.WebKit.WebContent
   43075   2021-04-29  18:41:34        06:34   29.7    0.8     70768  106279648  /System/Library/Frameworks/WebKit.framework/Versions/A/XPCServices/com.apple.WebKit.WebContent.xpc/Contents/MacOS/com.apple.WebKit.WebContent
   43075   2021-04-29  18:41:35        06:36    6.7    0.9     73056  106281108  /System/Library/Frameworks/WebKit.framework/Versions/A/XPCServices/com.apple.WebKit.WebContent.xpc/Contents/MacOS/com.apple.WebKit.WebContent
   43075   2021-04-29  18:41:37        06:37   18.8    0.9     74956  106294732  /System/Library/Frameworks/WebKit.framework/Versions/A/XPCServices/com.apple.WebKit.WebContent.xpc/Contents/MacOS/com.apple.WebKit.WebContent
   43075   2021-04-29  18:41:38        06:38   19.7    0.9     75060  106294784  /System/Library/Frameworks/WebKit.framework/Versions/A/XPCServices/com.apple.WebKit.WebContent.xpc/Contents/MacOS/com.apple.WebKit.WebContent
   43075   2021-04-29  18:41:39        06:39    8.1    0.9     75204  106294796  /System/Library/Frameworks/WebKit.framework/Versions/A/XPCServices/com.apple.WebKit.WebContent.xpc/Contents/MacOS/com.apple.WebKit.WebContent
   43075   2021-04-29  18:41:40        06:40    4.2    0.9     75304  106294796  /System/Library/Frameworks/WebKit.framework/Versions/A/XPCServices/com.apple.WebKit.WebContent.xpc/Contents/MacOS/com.apple.WebKit.WebContent
   43075   2021-04-29  18:41:41        06:41    6.6    0.9     75372  106294796  /System/Library/Frameworks/WebKit.framework/Versions/A/XPCServices/com.apple.WebKit.WebContent.xpc/Contents/MacOS/com.apple.WebKit.WebContent
   43075   2021-04-29  18:41:42        06:42    4.7    0.9     75868  106294796  /System/Library/Frameworks/WebKit.framework/Versions/A/XPCServices/com.apple.WebKit.WebContent.xpc/Contents/MacOS/com.apple.WebKit.WebContent
   43075   2021-04-29  18:41:43        06:43    8.8    0.9     75972  106294812  /System/Library/Frameworks/WebKit.framework/Versions/A/XPCServices/com.apple.WebKit.WebContent.xpc/Contents/MacOS/com.apple.WebKit.WebContent
   43075   2021-04-29  18:41:44        06:44    1.0    0.9     75992  106294432  /System/Library/Frameworks/WebKit.framework/Versions/A/XPCServices/com.apple.WebKit.WebContent.xpc/Contents/MacOS/com.apple.WebKit.WebContent
   43075   2021-04-29  18:41:45        06:45    2.3    0.9     76024  106294432  /System/Library/Frameworks/WebKit.framework/Versions/A/XPCServices/com.apple.WebKit.WebContent.xpc/Contents/MacOS/com.apple.WebKit.WebContent
   43075   2021-04-29  18:41:46        06:46    1.5    0.9     75864  106293252  /System/Library/Frameworks/WebKit.framework/Versions/A/XPCServices/com.apple.WebKit.WebContent.xpc/Contents/MacOS/com.apple.WebKit.WebContent
   43075   2021-04-29  18:41:47        06:47    8.2    0.9     75868  106293252  /System/Library/Frameworks/WebKit.framework/Versions/A/XPCServices/com.apple.WebKit.WebContent.xpc/Contents/MacOS/com.apple.WebKit.WebContent
   43075   2021-04-29  18:41:48        06:48    0.4    0.9     75868  106275972  /System/Library/Frameworks/WebKit.framework/Versions/A/XPCServices/com.apple.WebKit.WebContent.xpc/Contents/MacOS/com.apple.WebKit.WebContent
   43075   2021-04-29  18:41:49        06:50   20.0    0.9     76136  106320568  /System/Library/Frameworks/WebKit.framework/Versions/A/XPCServices/com.apple.WebKit.WebContent.xpc/Contents/MacOS/com.apple.WebKit.WebContent
   43075   2021-04-29  18:41:51        06:51    0.5    0.9     76160  106320584  /System/Library/Frameworks/WebKit.framework/Versions/A/XPCServices/com.apple.WebKit.WebContent.xpc/Contents/MacOS/com.apple.WebKit.WebContent
   43075   2021-04-29  18:41:52        06:52   11.4    1.0     81640  106348196  /System/Library/Frameworks/WebKit.framework/Versions/A/XPCServices/com.apple.WebKit.WebContent.xpc/Contents/MacOS/com.apple.WebKit.WebContent
   43075   2021-04-29  18:41:53        06:53    0.7    1.0     81640  106348196  /System/Library/Frameworks/WebKit.framework/Versions/A/XPCServices/com.apple.WebKit.WebContent.xpc/Contents/MacOS/com.apple.WebKit.WebContent
   43075   2021-04-29  18:41:54        06:54    0.1    1.0     81640  106348196  /System/Library/Frameworks/WebKit.framework/Versions/A/XPCServices/com.apple.WebKit.WebContent.xpc/Contents/MacOS/com.apple.WebKit.WebContent
   43075   2021-04-29  18:41:55        06:55    6.2    1.0     82260  106350292  /System/Library/Frameworks/WebKit.framework/Versions/A/XPCServices/com.apple.WebKit.WebContent.xpc/Contents/MacOS/com.apple.WebKit.WebContent
   43075   2021-04-29  18:41:56        06:56    0.6    1.0     82260  106350292  /System/Library/Frameworks/WebKit.framework/Versions/A/XPCServices/com.apple.WebKit.WebContent.xpc/Contents/MacOS/com.apple.WebKit.WebContent
   43075   2021-04-29  18:41:57        06:57   10.2    1.0     82272  106355064  /System/Library/Frameworks/WebKit.framework/Versions/A/XPCServices/com.apple.WebKit.WebContent.xpc/Contents/MacOS/com.apple.WebKit.WebContent
   43075   2021-04-29  18:41:58        06:58    1.8    1.0     82292  106355064  /System/Library/Frameworks/WebKit.framework/Versions/A/XPCServices/com.apple.WebKit.WebContent.xpc/Contents/MacOS/com.apple.WebKit.WebContent
   43075   2021-04-29  18:41:59        06:59    0.3    1.0     82292  106355064  /System/Library/Frameworks/WebKit.framework/Versions/A/XPCServices/com.apple.WebKit.WebContent.xpc/Contents/MacOS/com.apple.WebKit.WebContent
   43075   2021-04-29  18:42:00        07:00    4.0    1.0     82356  106361816  /System/Library/Frameworks/WebKit.framework/Versions/A/XPCServices/com.apple.WebKit.WebContent.xpc/Contents/MacOS/com.apple.WebKit.WebContent
   43075   2021-04-29  18:42:01        07:01    4.8    1.0     82244  106383184  /System/Library/Frameworks/WebKit.framework/Versions/A/XPCServices/com.apple.WebKit.WebContent.xpc/Contents/MacOS/com.apple.WebKit.WebContent
   43075   2021-04-29  18:42:03        07:03   30.3    1.0     86820  106379184  /System/Library/Frameworks/WebKit.framework/Versions/A/XPCServices/com.apple.WebKit.WebContent.xpc/Contents/MacOS/com.apple.WebKit.WebContent
   43075   2021-04-29  18:42:04        07:04   14.4    1.1     93368  106420812  /System/Library/Frameworks/WebKit.framework/Versions/A/XPCServices/com.apple.WebKit.WebContent.xpc/Contents/MacOS/com.apple.WebKit.WebContent
   43075   2021-04-29  18:42:05        07:05    0.4    1.1     93368  106420812  /System/Library/Frameworks/WebKit.framework/Versions/A/XPCServices/com.apple.WebKit.WebContent.xpc/Contents/MacOS/com.apple.WebKit.WebContent
   43075   2021-04-29  18:42:06        07:06   15.1    1.1     94088  106421836  /System/Library/Frameworks/WebKit.framework/Versions/A/XPCServices/com.apple.WebKit.WebContent.xpc/Contents/MacOS/com.apple.WebKit.WebContent
   43075   2021-04-29  18:42:07        07:07    2.7    1.1     94088  106421836  /System/Library/Frameworks/WebKit.framework/Versions/A/XPCServices/com.apple.WebKit.WebContent.xpc/Contents/MacOS/com.apple.WebKit.WebContent
   43075   2021-04-29  18:42:08        07:08    1.9    1.1     94092  106421836  /System/Library/Frameworks/WebKit.framework/Versions/A/XPCServices/com.apple.WebKit.WebContent.xpc/Contents/MacOS/com.apple.WebKit.WebContent
   43075   2021-04-29  18:42:09        07:09   15.7    1.1     95404  106422896  /System/Library/Frameworks/WebKit.framework/Versions/A/XPCServices/com.apple.WebKit.WebContent.xpc/Contents/MacOS/com.apple.WebKit.WebContent
   43075   2021-04-29  18:42:10        07:10   27.9    1.2     98760  106424944  /System/Library/Frameworks/WebKit.framework/Versions/A/XPCServices/com.apple.WebKit.WebContent.xpc/Contents/MacOS/com.apple.WebKit.WebContent
   43075   2021-04-29  18:42:11        07:11    8.2    1.2    100200  106425964  /System/Library/Frameworks/WebKit.framework/Versions/A/XPCServices/com.apple.WebKit.WebContent.xpc/Contents/MacOS/com.apple.WebKit.WebContent
   43075   2021-04-29  18:42:12        07:12   10.2    1.2    100328  106426536  /System/Library/Frameworks/WebKit.framework/Versions/A/XPCServices/com.apple.WebKit.WebContent.xpc/Contents/MacOS/com.apple.WebKit.WebContent
   43075   2021-04-29  18:42:13        07:13   27.1    1.2    100612  106415204  /System/Library/Frameworks/WebKit.framework/Versions/A/XPCServices/com.apple.WebKit.WebContent.xpc/Contents/MacOS/com.apple.WebKit.WebContent
   43075   2021-04-29  18:42:14        07:14   12.2    1.2    101828  106415204  /System/Library/Frameworks/WebKit.framework/Versions/A/XPCServices/com.apple.WebKit.WebContent.xpc/Contents/MacOS/com.apple.WebKit.WebContent
   43075   2021-04-29  18:42:15        07:16   18.4    1.2    104016  106416888  /System/Library/Frameworks/WebKit.framework/Versions/A/XPCServices/com.apple.WebKit.WebContent.xpc/Contents/MacOS/com.apple.WebKit.WebContent
   43075   2021-04-29  18:42:17        07:17    2.2    1.2    104460  106428404  /System/Library/Frameworks/WebKit.framework/Versions/A/XPCServices/com.apple.WebKit.WebContent.xpc/Contents/MacOS/com.apple.WebKit.WebContent
   43075   2021-04-29  18:42:18        07:18   17.0    1.3    106396  106441976  /System/Library/Frameworks/WebKit.framework/Versions/A/XPCServices/com.apple.WebKit.WebContent.xpc/Contents/MacOS/com.apple.WebKit.WebContent
   43075   2021-04-29  18:42:19        07:19    7.4    1.3    107880  106442996  /System/Library/Frameworks/WebKit.framework/Versions/A/XPCServices/com.apple.WebKit.WebContent.xpc/Contents/MacOS/com.apple.WebKit.WebContent
   43075   2021-04-29  18:42:20        07:20    5.7    1.3    108872  106444024  /System/Library/Frameworks/WebKit.framework/Versions/A/XPCServices/com.apple.WebKit.WebContent.xpc/Contents/MacOS/com.apple.WebKit.WebContent
   43075   2021-04-29  18:42:21        07:21   17.3    1.3    112256  106445404  /System/Library/Frameworks/WebKit.framework/Versions/A/XPCServices/com.apple.WebKit.WebContent.xpc/Contents/MacOS/com.apple.WebKit.WebContent
   43075   2021-04-29  18:42:22        07:22   13.6    1.4    113704  106446428  /System/Library/Frameworks/WebKit.framework/Versions/A/XPCServices/com.apple.WebKit.WebContent.xpc/Contents/MacOS/com.apple.WebKit.WebContent
   43075   2021-04-29  18:42:23        07:23   13.3    1.4    115004  106447456  /System/Library/Frameworks/WebKit.framework/Versions/A/XPCServices/com.apple.WebKit.WebContent.xpc/Contents/MacOS/com.apple.WebKit.WebContent
   43075   2021-04-29  18:42:24        07:24   19.0    1.4    117504  106450656  /System/Library/Frameworks/WebKit.framework/Versions/A/XPCServices/com.apple.WebKit.WebContent.xpc/Contents/MacOS/com.apple.WebKit.WebContent
   43075   2021-04-29  18:42:25        07:25   30.9    1.4    117544  106450660  /System/Library/Frameworks/WebKit.framework/Versions/A/XPCServices/com.apple.WebKit.WebContent.xpc/Contents/MacOS/com.apple.WebKit.WebContent
   43075   2021-04-29  18:42:26        07:26   11.9    1.4    117564  106450656  /System/Library/Frameworks/WebKit.framework/Versions/A/XPCServices/com.apple.WebKit.WebContent.xpc/Contents/MacOS/com.apple.WebKit.WebContent
   43075   2021-04-29  18:42:27        07:27    7.6    1.4    118524  106452700  /System/Library/Frameworks/WebKit.framework/Versions/A/XPCServices/com.apple.WebKit.WebContent.xpc/Contents/MacOS/com.apple.WebKit.WebContent
   43075   2021-04-29  18:42:28        07:29   38.8    1.4    119332  106452700  /System/Library/Frameworks/WebKit.framework/Versions/A/XPCServices/com.apple.WebKit.WebContent.xpc/Contents/MacOS/com.apple.WebKit.WebContent
   43075   2021-04-29  18:42:30        07:30   15.0    1.4    119336  106452696  /System/Library/Frameworks/WebKit.framework/Versions/A/XPCServices/com.apple.WebKit.WebContent.xpc/Contents/MacOS/com.apple.WebKit.WebContent
   43075   2021-04-29  18:42:31        07:31    8.7    1.4    119344  106445948  /System/Library/Frameworks/WebKit.framework/Versions/A/XPCServices/com.apple.WebKit.WebContent.xpc/Contents/MacOS/com.apple.WebKit.WebContent
   43075   2021-04-29  18:42:32        07:32    5.8    1.4    119352  106445964  /System/Library/Frameworks/WebKit.framework/Versions/A/XPCServices/com.apple.WebKit.WebContent.xpc/Contents/MacOS/com.apple.WebKit.WebContent
   43075   2021-04-29  18:42:33        07:33   18.0    1.4    119368  106446744  /System/Library/Frameworks/WebKit.framework/Versions/A/XPCServices/com.apple.WebKit.WebContent.xpc/Contents/MacOS/com.apple.WebKit.WebContent
   43075   2021-04-29  18:42:34        07:34   14.7    1.4    119368  106446744  /System/Library/Frameworks/WebKit.framework/Versions/A/XPCServices/com.apple.WebKit.WebContent.xpc/Contents/MacOS/com.apple.WebKit.WebContent
   43075   2021-04-29  18:42:35        07:35    6.2    1.4    119376  106435240  /System/Library/Frameworks/WebKit.framework/Versions/A/XPCServices/com.apple.WebKit.WebContent.xpc/Contents/MacOS/com.apple.WebKit.WebContent
   43075   2021-04-29  18:42:36        07:36    9.3    1.4    119292  106434672  /System/Library/Frameworks/WebKit.framework/Versions/A/XPCServices/com.apple.WebKit.WebContent.xpc/Contents/MacOS/com.apple.WebKit.WebContent
   43075   2021-04-29  18:42:37        07:37    5.6    1.4    119292  106434672  /System/Library/Frameworks/WebKit.framework/Versions/A/XPCServices/com.apple.WebKit.WebContent.xpc/Contents/MacOS/com.apple.WebKit.WebContent
   43075   2021-04-29  18:42:38        07:38    3.6    1.4    119288  106434664  /System/Library/Frameworks/WebKit.framework/Versions/A/XPCServices/com.apple.WebKit.WebContent.xpc/Contents/MacOS/com.apple.WebKit.WebContent
   43075   2021-04-29  18:42:39        07:39    2.0    1.4    119288  106434664  /System/Library/Frameworks/WebKit.framework/Versions/A/XPCServices/com.apple.WebKit.WebContent.xpc/Contents/MacOS/com.apple.WebKit.WebContent
   43075   2021-04-29  18:42:40        07:40   12.9    1.4    119212  106434092  /System/Library/Frameworks/WebKit.framework/Versions/A/XPCServices/com.apple.WebKit.WebContent.xpc/Contents/MacOS/com.apple.WebKit.WebContent
   43075   2021-04-29  18:42:41        07:42    2.3    1.4    119136  106432476  /System/Library/Frameworks/WebKit.framework/Versions/A/XPCServices/com.apple.WebKit.WebContent.xpc/Contents/MacOS/com.apple.WebKit.WebContent
   43075   2021-04-29  18:42:43        07:43    6.2    1.4    119136  106420956  /System/Library/Frameworks/WebKit.framework/Versions/A/XPCServices/com.apple.WebKit.WebContent.xpc/Contents/MacOS/com.apple.WebKit.WebContent
   43075   2021-04-29  18:42:44        07:44    3.9    1.4    120180  106409116  /System/Library/Frameworks/WebKit.framework/Versions/A/XPCServices/com.apple.WebKit.WebContent.xpc/Contents/MacOS/com.apple.WebKit.WebContent
   43075   2021-04-29  18:42:45        07:45   41.0    1.5    122292  106380460  /System/Library/Frameworks/WebKit.framework/Versions/A/XPCServices/com.apple.WebKit.WebContent.xpc/Contents/MacOS/com.apple.WebKit.WebContent
   43075   2021-04-29  18:42:46        07:46    5.2    1.5    122792  106404788  /System/Library/Frameworks/WebKit.framework/Versions/A/XPCServices/com.apple.WebKit.WebContent.xpc/Contents/MacOS/com.apple.WebKit.WebContent
   43075   2021-04-29  18:42:47        07:47    0.2    1.5    122784  106404780  /System/Library/Frameworks/WebKit.framework/Versions/A/XPCServices/com.apple.WebKit.WebContent.xpc/Contents/MacOS/com.apple.WebKit.WebContent
   43075   2021-04-29  18:42:48        07:48    0.0    1.5    122784  106404780  /System/Library/Frameworks/WebKit.framework/Versions/A/XPCServices/com.apple.WebKit.WebContent.xpc/Contents/MacOS/com.apple.WebKit.WebContent
   43075   2021-04-29  18:42:49        07:49    1.8    1.5    122788  106404784  /System/Library/Frameworks/WebKit.framework/Versions/A/XPCServices/com.apple.WebKit.WebContent.xpc/Contents/MacOS/com.apple.WebKit.WebContent
   43075   2021-04-29  18:42:50        07:50   22.6    1.5    123384  106447668  /System/Library/Frameworks/WebKit.framework/Versions/A/XPCServices/com.apple.WebKit.WebContent.xpc/Contents/MacOS/com.apple.WebKit.WebContent
   43075   2021-04-29  18:42:51        07:51    2.2    1.5    123512  106442024  /System/Library/Frameworks/WebKit.framework/Versions/A/XPCServices/com.apple.WebKit.WebContent.xpc/Contents/MacOS/com.apple.WebKit.WebContent
   43075   2021-04-29  18:42:52        07:52    1.0    1.5    123536  106442024  /System/Library/Frameworks/WebKit.framework/Versions/A/XPCServices/com.apple.WebKit.WebContent.xpc/Contents/MacOS/com.apple.WebKit.WebContent
   43075   2021-04-29  18:42:53        07:53    1.2    1.5    123544  106442024  /System/Library/Frameworks/WebKit.framework/Versions/A/XPCServices/com.apple.WebKit.WebContent.xpc/Contents/MacOS/com.apple.WebKit.WebContent
   43075   2021-04-29  18:42:54        07:55    4.1    1.5    123636  106435276  /System/Library/Frameworks/WebKit.framework/Versions/A/XPCServices/com.apple.WebKit.WebContent.xpc/Contents/MacOS/com.apple.WebKit.WebContent
   43075   2021-04-29  18:42:56        07:56    2.8    1.5    123520  106433608  /System/Library/Frameworks/WebKit.framework/Versions/A/XPCServices/com.apple.WebKit.WebContent.xpc/Contents/MacOS/com.apple.WebKit.WebContent
   43075   2021-04-29  18:42:57        07:57    6.6    1.5    123868  106401240  /System/Library/Frameworks/WebKit.framework/Versions/A/XPCServices/com.apple.WebKit.WebContent.xpc/Contents/MacOS/com.apple.WebKit.WebContent
   43075   2021-04-29  18:42:58        07:58    3.5    1.5    124228  106410768  /System/Library/Frameworks/WebKit.framework/Versions/A/XPCServices/com.apple.WebKit.WebContent.xpc/Contents/MacOS/com.apple.WebKit.WebContent
   43075   2021-04-29  18:42:59        07:59    6.7    1.5    126072  106397636  /System/Library/Frameworks/WebKit.framework/Versions/A/XPCServices/com.apple.WebKit.WebContent.xpc/Contents/MacOS/com.apple.WebKit.WebContent
   43075   2021-04-29  18:43:00        08:00    0.7    1.5    126072  106397636  /System/Library/Frameworks/WebKit.framework/Versions/A/XPCServices/com.apple.WebKit.WebContent.xpc/Contents/MacOS/com.apple.WebKit.WebContent
   43075   2021-04-29  18:43:01        08:01    0.0    1.5    126072  106397636  /System/Library/Frameworks/WebKit.framework/Versions/A/XPCServices/com.apple.WebKit.WebContent.xpc/Contents/MacOS/com.apple.WebKit.WebContent
   43075   2021-04-29  18:43:02        08:02    0.8    1.5    126072  106397636  /System/Library/Frameworks/WebKit.framework/Versions/A/XPCServices/com.apple.WebKit.WebContent.xpc/Contents/MacOS/com.apple.WebKit.WebContent
   43075   2021-04-29  18:43:03        08:03    9.9    1.5    126140  106390888  /System/Library/Frameworks/WebKit.framework/Versions/A/XPCServices/com.apple.WebKit.WebContent.xpc/Contents/MacOS/com.apple.WebKit.WebContent
   43075   2021-04-29  18:43:04        08:04    0.1    1.5    126140  106386792  /System/Library/Frameworks/WebKit.framework/Versions/A/XPCServices/com.apple.WebKit.WebContent.xpc/Contents/MacOS/com.apple.WebKit.WebContent
   43075   2021-04-29  18:43:05        08:05    4.0    1.5    126008  106398124  /System/Library/Frameworks/WebKit.framework/Versions/A/XPCServices/com.apple.WebKit.WebContent.xpc/Contents/MacOS/com.apple.WebKit.WebContent
   43075   2021-04-29  18:43:06        08:06    9.5    1.5    126108  106398168  /System/Library/Frameworks/WebKit.framework/Versions/A/XPCServices/com.apple.WebKit.WebContent.xpc/Contents/MacOS/com.apple.WebKit.WebContent
   43075   2021-04-29  18:43:07        08:07    1.9    1.5    126108  106398168  /System/Library/Frameworks/WebKit.framework/Versions/A/XPCServices/com.apple.WebKit.WebContent.xpc/Contents/MacOS/com.apple.WebKit.WebContent
   43075   2021-04-29  18:43:09        08:09    0.0    1.5    125984  106397032  /System/Library/Frameworks/WebKit.framework/Versions/A/XPCServices/com.apple.WebKit.WebContent.xpc/Contents/MacOS/com.apple.WebKit.WebContent
   43075   2021-04-29  18:43:10        08:10    1.9    1.5    125988  106368476  /System/Library/Frameworks/WebKit.framework/Versions/A/XPCServices/com.apple.WebKit.WebContent.xpc/Contents/MacOS/com.apple.WebKit.WebContent
   43075   2021-04-29  18:43:11        08:11    0.1    1.5    125988  106367784  /System/Library/Frameworks/WebKit.framework/Versions/A/XPCServices/com.apple.WebKit.WebContent.xpc/Contents/MacOS/com.apple.WebKit.WebContent
   43075   2021-04-29  18:43:12        08:12    0.8    1.5    125988  106367784  /System/Library/Frameworks/WebKit.framework/Versions/A/XPCServices/com.apple.WebKit.WebContent.xpc/Contents/MacOS/com.apple.WebKit.WebContent
   43075   2021-04-29  18:43:13        08:13    1.5    1.5    125988  106367784  /System/Library/Frameworks/WebKit.framework/Versions/A/XPCServices/com.apple.WebKit.WebContent.xpc/Contents/MacOS/com.apple.WebKit.WebContent
   43075   2021-04-29  18:43:14        08:14    0.0    1.5    125988  106367784  /System/Library/Frameworks/WebKit.framework/Versions/A/XPCServices/com.apple.WebKit.WebContent.xpc/Contents/MacOS/com.apple.WebKit.WebContent
   43075   2021-04-29  18:43:15        08:15   15.6    1.5    125920  106385484  /System/Library/Frameworks/WebKit.framework/Versions/A/XPCServices/com.apple.WebKit.WebContent.xpc/Contents/MacOS/com.apple.WebKit.WebContent
   43075   2021-04-29  18:43:16        08:16   23.1    1.5    126864  106407256  /System/Library/Frameworks/WebKit.framework/Versions/A/XPCServices/com.apple.WebKit.WebContent.xpc/Contents/MacOS/com.apple.WebKit.WebContent
   43075   2021-04-29  18:43:17        08:17   26.9    1.6    130672  106425800  /System/Library/Frameworks/WebKit.framework/Versions/A/XPCServices/com.apple.WebKit.WebContent.xpc/Contents/MacOS/com.apple.WebKit.WebContent
   43075   2021-04-29  18:43:18        08:18   15.3    1.6    130692  106425800  /System/Library/Frameworks/WebKit.framework/Versions/A/XPCServices/com.apple.WebKit.WebContent.xpc/Contents/MacOS/com.apple.WebKit.WebContent
   43075   2021-04-29  18:43:19        08:19   62.0    1.6    133640  106393236  /System/Library/Frameworks/WebKit.framework/Versions/A/XPCServices/com.apple.WebKit.WebContent.xpc/Contents/MacOS/com.apple.WebKit.WebContent
   43075   2021-04-29  18:43:20        08:21   23.2    1.6    136948  106461536  /System/Library/Frameworks/WebKit.framework/Versions/A/XPCServices/com.apple.WebKit.WebContent.xpc/Contents/MacOS/com.apple.WebKit.WebContent
   43075   2021-04-29  18:43:22        08:22   11.2    1.6    136972  106517632  /System/Library/Frameworks/WebKit.framework/Versions/A/XPCServices/com.apple.WebKit.WebContent.xpc/Contents/MacOS/com.apple.WebKit.WebContent
   43075   2021-04-29  18:43:23        08:23   22.9    1.6    137360  106517636  /System/Library/Frameworks/WebKit.framework/Versions/A/XPCServices/com.apple.WebKit.WebContent.xpc/Contents/MacOS/com.apple.WebKit.WebContent
   43075   2021-04-29  18:43:24        08:24   23.8    1.6    137460  106518204  /System/Library/Frameworks/WebKit.framework/Versions/A/XPCServices/com.apple.WebKit.WebContent.xpc/Contents/MacOS/com.apple.WebKit.WebContent
   43075   2021-04-29  18:43:25        08:25   20.5    1.6    137672  106518220  /System/Library/Frameworks/WebKit.framework/Versions/A/XPCServices/com.apple.WebKit.WebContent.xpc/Contents/MacOS/com.apple.WebKit.WebContent
   43075   2021-04-29  18:43:26        08:26   13.5    1.6    138040  106496504  /System/Library/Frameworks/WebKit.framework/Versions/A/XPCServices/com.apple.WebKit.WebContent.xpc/Contents/MacOS/com.apple.WebKit.WebContent
   43075   2021-04-29  18:43:27        08:27   11.2    1.7    139892  106494368  /System/Library/Frameworks/WebKit.framework/Versions/A/XPCServices/com.apple.WebKit.WebContent.xpc/Contents/MacOS/com.apple.WebKit.WebContent
   43075   2021-04-29  18:43:28        08:28    8.9    1.7    139984  106494368  /System/Library/Frameworks/WebKit.framework/Versions/A/XPCServices/com.apple.WebKit.WebContent.xpc/Contents/MacOS/com.apple.WebKit.WebContent
   43075   2021-04-29  18:43:29        08:29   10.3    1.7    140032  106494368  /System/Library/Frameworks/WebKit.framework/Versions/A/XPCServices/com.apple.WebKit.WebContent.xpc/Contents/MacOS/com.apple.WebKit.WebContent
   43075   2021-04-29  18:43:30        08:30    9.6    1.7    140728  106463624  /System/Library/Frameworks/WebKit.framework/Versions/A/XPCServices/com.apple.WebKit.WebContent.xpc/Contents/MacOS/com.apple.WebKit.WebContent
   43075   2021-04-29  18:43:31        08:31    3.2    1.7    140728  106463624  /System/Library/Frameworks/WebKit.framework/Versions/A/XPCServices/com.apple.WebKit.WebContent.xpc/Contents/MacOS/com.apple.WebKit.WebContent
   43075   2021-04-29  18:43:32        08:32    6.3    1.7    141224  106459652  /System/Library/Frameworks/WebKit.framework/Versions/A/XPCServices/com.apple.WebKit.WebContent.xpc/Contents/MacOS/com.apple.WebKit.WebContent
   43075   2021-04-29  18:43:33        08:34   11.2    1.7    141376  106459652  /System/Library/Frameworks/WebKit.framework/Versions/A/XPCServices/com.apple.WebKit.WebContent.xpc/Contents/MacOS/com.apple.WebKit.WebContent
   43075   2021-04-29  18:43:35        08:35    5.8    1.7    141404  106459652  /System/Library/Frameworks/WebKit.framework/Versions/A/XPCServices/com.apple.WebKit.WebContent.xpc/Contents/MacOS/com.apple.WebKit.WebContent
   43075   2021-04-29  18:43:36        08:36   10.1    1.7    141624  106459652  /System/Library/Frameworks/WebKit.framework/Versions/A/XPCServices/com.apple.WebKit.WebContent.xpc/Contents/MacOS/com.apple.WebKit.WebContent
   43075   2021-04-29  18:43:37        08:37    0.3    1.7    141624  106448132  /System/Library/Frameworks/WebKit.framework/Versions/A/XPCServices/com.apple.WebKit.WebContent.xpc/Contents/MacOS/com.apple.WebKit.WebContent
   43075   2021-04-29  18:43:38        08:38    3.3    1.7    141540  106435664  /System/Library/Frameworks/WebKit.framework/Versions/A/XPCServices/com.apple.WebKit.WebContent.xpc/Contents/MacOS/com.apple.WebKit.WebContent
   43075   2021-04-29  18:43:39        08:39    4.3    1.7    142572  106430168  /System/Library/Frameworks/WebKit.framework/Versions/A/XPCServices/com.apple.WebKit.WebContent.xpc/Contents/MacOS/com.apple.WebKit.WebContent
   43075   2021-04-29  18:43:40        08:40   22.3    1.7    142940  106407156  /System/Library/Frameworks/WebKit.framework/Versions/A/XPCServices/com.apple.WebKit.WebContent.xpc/Contents/MacOS/com.apple.WebKit.WebContent
   43075   2021-04-29  18:43:41        08:41    0.6    1.7    143032  106407248  /System/Library/Frameworks/WebKit.framework/Versions/A/XPCServices/com.apple.WebKit.WebContent.xpc/Contents/MacOS/com.apple.WebKit.WebContent
   43075   2021-04-29  18:43:42        08:42    0.0    1.7    143032  106407248  /System/Library/Frameworks/WebKit.framework/Versions/A/XPCServices/com.apple.WebKit.WebContent.xpc/Contents/MacOS/com.apple.WebKit.WebContent
   43075   2021-04-29  18:43:43        08:43    1.7    1.7    143032  106400500  /System/Library/Frameworks/WebKit.framework/Versions/A/XPCServices/com.apple.WebKit.WebContent.xpc/Contents/MacOS/com.apple.WebKit.WebContent
   43075   2021-04-29  18:43:44        08:44   11.3    1.7    143040  106412020  /System/Library/Frameworks/WebKit.framework/Versions/A/XPCServices/com.apple.WebKit.WebContent.xpc/Contents/MacOS/com.apple.WebKit.WebContent
   43075   2021-04-29  18:43:45        08:45    2.6    1.7    143036  106430668  /System/Library/Frameworks/WebKit.framework/Versions/A/XPCServices/com.apple.WebKit.WebContent.xpc/Contents/MacOS/com.apple.WebKit.WebContent
   43075   2021-04-29  18:43:46        08:47    0.4    1.7    143036  106430668  /System/Library/Frameworks/WebKit.framework/Versions/A/XPCServices/com.apple.WebKit.WebContent.xpc/Contents/MacOS/com.apple.WebKit.WebContent
   43075   2021-04-29  18:43:48        08:48    3.1    1.7    143036  106430668  /System/Library/Frameworks/WebKit.framework/Versions/A/XPCServices/com.apple.WebKit.WebContent.xpc/Contents/MacOS/com.apple.WebKit.WebContent
   43075   2021-04-29  18:43:49        08:49   10.5    1.7    143036  106430668  /System/Library/Frameworks/WebKit.framework/Versions/A/XPCServices/com.apple.WebKit.WebContent.xpc/Contents/MacOS/com.apple.WebKit.WebContent
   43075   2021-04-29  18:43:50        08:50   11.7    1.7    142864  106407724  /System/Library/Frameworks/WebKit.framework/Versions/A/XPCServices/com.apple.WebKit.WebContent.xpc/Contents/MacOS/com.apple.WebKit.WebContent
   43075   2021-04-29  18:43:51        08:51   19.1    1.7    142996  106430100  /System/Library/Frameworks/WebKit.framework/Versions/A/XPCServices/com.apple.WebKit.WebContent.xpc/Contents/MacOS/com.apple.WebKit.WebContent
   43075   2021-04-29  18:43:52        08:52   14.5    1.7    142996  106430100  /System/Library/Frameworks/WebKit.framework/Versions/A/XPCServices/com.apple.WebKit.WebContent.xpc/Contents/MacOS/com.apple.WebKit.WebContent
   43075   2021-04-29  18:43:53        08:53   22.6    1.7    142996  106430100  /System/Library/Frameworks/WebKit.framework/Versions/A/XPCServices/com.apple.WebKit.WebContent.xpc/Contents/MacOS/com.apple.WebKit.WebContent
   43075   2021-04-29  18:43:54        08:54   23.8    1.7    142832  106421648  /System/Library/Frameworks/WebKit.framework/Versions/A/XPCServices/com.apple.WebKit.WebContent.xpc/Contents/MacOS/com.apple.WebKit.WebContent
   43075   2021-04-29  18:43:55        08:55   13.1    1.7    143100  106429928  /System/Library/Frameworks/WebKit.framework/Versions/A/XPCServices/com.apple.WebKit.WebContent.xpc/Contents/MacOS/com.apple.WebKit.WebContent
   43075   2021-04-29  18:43:56        08:56   13.3    1.7    143100  106428204  /System/Library/Frameworks/WebKit.framework/Versions/A/XPCServices/com.apple.WebKit.WebContent.xpc/Contents/MacOS/com.apple.WebKit.WebContent
   43075   2021-04-29  18:43:57        08:57    4.0    1.7    143100  106428204  /System/Library/Frameworks/WebKit.framework/Versions/A/XPCServices/com.apple.WebKit.WebContent.xpc/Contents/MacOS/com.apple.WebKit.WebContent
   43075   2021-04-29  18:43:58        08:58   10.7    1.7    143156  106428204  /System/Library/Frameworks/WebKit.framework/Versions/A/XPCServices/com.apple.WebKit.WebContent.xpc/Contents/MacOS/com.apple.WebKit.WebContent
   43075   2021-04-29  18:43:59        09:00   38.8    1.7    143760  106400896  /System/Library/Frameworks/WebKit.framework/Versions/A/XPCServices/com.apple.WebKit.WebContent.xpc/Contents/MacOS/com.apple.WebKit.WebContent
   43075   2021-04-29  18:44:01        09:01   11.8    1.7    144400  106454512  /System/Library/Frameworks/WebKit.framework/Versions/A/XPCServices/com.apple.WebKit.WebContent.xpc/Contents/MacOS/com.apple.WebKit.WebContent
   43075   2021-04-29  18:44:02        09:02   12.4    1.7    144404  106466040  /System/Library/Frameworks/WebKit.framework/Versions/A/XPCServices/com.apple.WebKit.WebContent.xpc/Contents/MacOS/com.apple.WebKit.WebContent
   43075   2021-04-29  18:44:03        09:03   38.4    1.7    144892  106408256  /System/Library/Frameworks/WebKit.framework/Versions/A/XPCServices/com.apple.WebKit.WebContent.xpc/Contents/MacOS/com.apple.WebKit.WebContent
   43075   2021-04-29  18:44:04        09:04   42.7    1.8    146940  106612072  /System/Library/Frameworks/WebKit.framework/Versions/A/XPCServices/com.apple.WebKit.WebContent.xpc/Contents/MacOS/com.apple.WebKit.WebContent
   43075   2021-04-29  18:44:05        09:05   19.2    1.8    146964  106612440  /System/Library/Frameworks/WebKit.framework/Versions/A/XPCServices/com.apple.WebKit.WebContent.xpc/Contents/MacOS/com.apple.WebKit.WebContent
   43075   2021-04-29  18:44:06        09:06   11.1    1.8    146964  106623960  /System/Library/Frameworks/WebKit.framework/Versions/A/XPCServices/com.apple.WebKit.WebContent.xpc/Contents/MacOS/com.apple.WebKit.WebContent
   43075   2021-04-29  18:44:07        09:07   14.5    1.8    146980  106647016  /System/Library/Frameworks/WebKit.framework/Versions/A/XPCServices/com.apple.WebKit.WebContent.xpc/Contents/MacOS/com.apple.WebKit.WebContent
   43075   2021-04-29  18:44:08        09:08   11.8    1.8    146972  106651776  /System/Library/Frameworks/WebKit.framework/Versions/A/XPCServices/com.apple.WebKit.WebContent.xpc/Contents/MacOS/com.apple.WebKit.WebContent
   43075   2021-04-29  18:44:09        09:09   13.1    1.8    146984  106639236  /System/Library/Frameworks/WebKit.framework/Versions/A/XPCServices/com.apple.WebKit.WebContent.xpc/Contents/MacOS/com.apple.WebKit.WebContent
   43075   2021-04-29  18:44:10        09:10    6.7    1.8    146988  106639236  /System/Library/Frameworks/WebKit.framework/Versions/A/XPCServices/com.apple.WebKit.WebContent.xpc/Contents/MacOS/com.apple.WebKit.WebContent
   43075   2021-04-29  18:44:11        09:11   26.2    1.8    147000  106639240  /System/Library/Frameworks/WebKit.framework/Versions/A/XPCServices/com.apple.WebKit.WebContent.xpc/Contents/MacOS/com.apple.WebKit.WebContent
   43075   2021-04-29  18:44:12        09:12   36.6    1.7    145008  106582928  /System/Library/Frameworks/WebKit.framework/Versions/A/XPCServices/com.apple.WebKit.WebContent.xpc/Contents/MacOS/com.apple.WebKit.WebContent
   43075   2021-04-29  18:44:13        09:14   19.0    1.8    147088  106643572  /System/Library/Frameworks/WebKit.framework/Versions/A/XPCServices/com.apple.WebKit.WebContent.xpc/Contents/MacOS/com.apple.WebKit.WebContent
   43075   2021-04-29  18:44:15        09:15    7.2    1.8    148020  106612252  /System/Library/Frameworks/WebKit.framework/Versions/A/XPCServices/com.apple.WebKit.WebContent.xpc/Contents/MacOS/com.apple.WebKit.WebContent
   43075   2021-04-29  18:44:16        09:16   18.4    1.8    148044  106617052  /System/Library/Frameworks/WebKit.framework/Versions/A/XPCServices/com.apple.WebKit.WebContent.xpc/Contents/MacOS/com.apple.WebKit.WebContent
   43075   2021-04-29  18:44:17        09:17   19.4    1.8    148620  106616408  /System/Library/Frameworks/WebKit.framework/Versions/A/XPCServices/com.apple.WebKit.WebContent.xpc/Contents/MacOS/com.apple.WebKit.WebContent
   43075   2021-04-29  18:44:18        09:18   17.7    1.8    148620  106616408  /System/Library/Frameworks/WebKit.framework/Versions/A/XPCServices/com.apple.WebKit.WebContent.xpc/Contents/MacOS/com.apple.WebKit.WebContent
   43075   2021-04-29  18:44:19        09:19   26.7    1.8    150368  106619264  /System/Library/Frameworks/WebKit.framework/Versions/A/XPCServices/com.apple.WebKit.WebContent.xpc/Contents/MacOS/com.apple.WebKit.WebContent
   43075   2021-04-29  18:44:20        09:20    6.9    1.8    150548  106623384  /System/Library/Frameworks/WebKit.framework/Versions/A/XPCServices/com.apple.WebKit.WebContent.xpc/Contents/MacOS/com.apple.WebKit.WebContent
   43075   2021-04-29  18:44:21        09:21   29.2    1.8    150800  106620928  /System/Library/Frameworks/WebKit.framework/Versions/A/XPCServices/com.apple.WebKit.WebContent.xpc/Contents/MacOS/com.apple.WebKit.WebContent
   43075   2021-04-29  18:44:22        09:22   29.0    1.8    151428  106638128  /System/Library/Frameworks/WebKit.framework/Versions/A/XPCServices/com.apple.WebKit.WebContent.xpc/Contents/MacOS/com.apple.WebKit.WebContent
   43075   2021-04-29  18:44:23        09:23   17.3    1.8    151548  106637356  /System/Library/Frameworks/WebKit.framework/Versions/A/XPCServices/com.apple.WebKit.WebContent.xpc/Contents/MacOS/com.apple.WebKit.WebContent
   43075   2021-04-29  18:44:24        09:24   47.9    1.9    155352  106641400  /System/Library/Frameworks/WebKit.framework/Versions/A/XPCServices/com.apple.WebKit.WebContent.xpc/Contents/MacOS/com.apple.WebKit.WebContent
   43075   2021-04-29  18:44:25        09:25   11.3    1.9    155472  106641244  /System/Library/Frameworks/WebKit.framework/Versions/A/XPCServices/com.apple.WebKit.WebContent.xpc/Contents/MacOS/com.apple.WebKit.WebContent
   43075   2021-04-29  18:44:26        09:27    1.2    1.9    155472  106641244  /System/Library/Frameworks/WebKit.framework/Versions/A/XPCServices/com.apple.WebKit.WebContent.xpc/Contents/MacOS/com.apple.WebKit.WebContent
   43075   2021-04-29  18:44:28        09:28    0.0    1.9    155472  106641244  /System/Library/Frameworks/WebKit.framework/Versions/A/XPCServices/com.apple.WebKit.WebContent.xpc/Contents/MacOS/com.apple.WebKit.WebContent
   43075   2021-04-29  18:44:29        09:29    0.0    1.9    155352  106639584  /System/Library/Frameworks/WebKit.framework/Versions/A/XPCServices/com.apple.WebKit.WebContent.xpc/Contents/MacOS/com.apple.WebKit.WebContent
   43075   2021-04-29  18:44:30        09:30   10.1    1.9    155432  106615904  /System/Library/Frameworks/WebKit.framework/Versions/A/XPCServices/com.apple.WebKit.WebContent.xpc/Contents/MacOS/com.apple.WebKit.WebContent
   43075   2021-04-29  18:44:31        09:31   31.9    1.9    156084  106617660  /System/Library/Frameworks/WebKit.framework/Versions/A/XPCServices/com.apple.WebKit.WebContent.xpc/Contents/MacOS/com.apple.WebKit.WebContent
   43075   2021-04-29  18:44:32        09:32   20.1    1.9    156272  106587720  /System/Library/Frameworks/WebKit.framework/Versions/A/XPCServices/com.apple.WebKit.WebContent.xpc/Contents/MacOS/com.apple.WebKit.WebContent
   43075   2021-04-29  18:44:33        09:33    9.1    1.9    156412  106599260  /System/Library/Frameworks/WebKit.framework/Versions/A/XPCServices/com.apple.WebKit.WebContent.xpc/Contents/MacOS/com.apple.WebKit.WebContent
   43075   2021-04-29  18:44:34        09:34    1.2    1.9    156412  106599260  /System/Library/Frameworks/WebKit.framework/Versions/A/XPCServices/com.apple.WebKit.WebContent.xpc/Contents/MacOS/com.apple.WebKit.WebContent
   43075   2021-04-29  18:44:35        09:35    0.0    1.9    156412  106586300  /System/Library/Frameworks/WebKit.framework/Versions/A/XPCServices/com.apple.WebKit.WebContent.xpc/Contents/MacOS/com.apple.WebKit.WebContent
   43075   2021-04-29  18:44:36        09:36    5.3    1.9    156412  106596944  /System/Library/Frameworks/WebKit.framework/Versions/A/XPCServices/com.apple.WebKit.WebContent.xpc/Contents/MacOS/com.apple.WebKit.WebContent
   43075   2021-04-29  18:44:37        09:37    8.2    1.9    156288  106590068  /System/Library/Frameworks/WebKit.framework/Versions/A/XPCServices/com.apple.WebKit.WebContent.xpc/Contents/MacOS/com.apple.WebKit.WebContent
   43075   2021-04-29  18:44:38        09:38   30.2    1.9    156356  106608544  /System/Library/Frameworks/WebKit.framework/Versions/A/XPCServices/com.apple.WebKit.WebContent.xpc/Contents/MacOS/com.apple.WebKit.WebContent
   43075   2021-04-29  18:44:39        09:39   17.9    1.9    156360  106608332  /System/Library/Frameworks/WebKit.framework/Versions/A/XPCServices/com.apple.WebKit.WebContent.xpc/Contents/MacOS/com.apple.WebKit.WebContent
   43075   2021-04-29  18:44:40        09:41   22.0    1.9    156444  106563540  /System/Library/Frameworks/WebKit.framework/Versions/A/XPCServices/com.apple.WebKit.WebContent.xpc/Contents/MacOS/com.apple.WebKit.WebContent
   43075   2021-04-29  18:44:42        09:42   12.9    1.9    156436  106590808  /System/Library/Frameworks/WebKit.framework/Versions/A/XPCServices/com.apple.WebKit.WebContent.xpc/Contents/MacOS/com.apple.WebKit.WebContent
   43075   2021-04-29  18:44:43        09:43   20.1    1.9    156428  106629980  /System/Library/Frameworks/WebKit.framework/Versions/A/XPCServices/com.apple.WebKit.WebContent.xpc/Contents/MacOS/com.apple.WebKit.WebContent
   43075   2021-04-29  18:44:44        09:44    6.0    1.9    156428  106629980  /System/Library/Frameworks/WebKit.framework/Versions/A/XPCServices/com.apple.WebKit.WebContent.xpc/Contents/MacOS/com.apple.WebKit.WebContent
   43075   2021-04-29  18:44:45        09:45    5.3    1.9    156432  106623232  /System/Library/Frameworks/WebKit.framework/Versions/A/XPCServices/com.apple.WebKit.WebContent.xpc/Contents/MacOS/com.apple.WebKit.WebContent
   43075   2021-04-29  18:44:46        09:46    7.4    1.9    156436  106623232  /System/Library/Frameworks/WebKit.framework/Versions/A/XPCServices/com.apple.WebKit.WebContent.xpc/Contents/MacOS/com.apple.WebKit.WebContent
   43075   2021-04-29  18:44:47        09:47   24.0    1.9    156444  106623236  /System/Library/Frameworks/WebKit.framework/Versions/A/XPCServices/com.apple.WebKit.WebContent.xpc/Contents/MacOS/com.apple.WebKit.WebContent
   43075   2021-04-29  18:44:48        09:48   18.3    1.9    156352  106563636  /System/Library/Frameworks/WebKit.framework/Versions/A/XPCServices/com.apple.WebKit.WebContent.xpc/Contents/MacOS/com.apple.WebKit.WebContent
   43075   2021-04-29  18:44:49        09:49   11.4    1.9    156512  106592160  /System/Library/Frameworks/WebKit.framework/Versions/A/XPCServices/com.apple.WebKit.WebContent.xpc/Contents/MacOS/com.apple.WebKit.WebContent
   43075   2021-04-29  18:44:50        09:50    3.3    1.9    156528  106591400  /System/Library/Frameworks/WebKit.framework/Versions/A/XPCServices/com.apple.WebKit.WebContent.xpc/Contents/MacOS/com.apple.WebKit.WebContent
   43075   2021-04-29  18:44:51        09:51    0.1    1.9    156528  106591400  /System/Library/Frameworks/WebKit.framework/Versions/A/XPCServices/com.apple.WebKit.WebContent.xpc/Contents/MacOS/com.apple.WebKit.WebContent
   43075   2021-04-29  18:44:52        09:52   10.7    1.9    156536  106591400  /System/Library/Frameworks/WebKit.framework/Versions/A/XPCServices/com.apple.WebKit.WebContent.xpc/Contents/MacOS/com.apple.WebKit.WebContent
   43075   2021-04-29  18:44:53        09:54    0.4    1.9    156536  106591400  /System/Library/Frameworks/WebKit.framework/Versions/A/XPCServices/com.apple.WebKit.WebContent.xpc/Contents/MacOS/com.apple.WebKit.WebContent
   43075   2021-04-29  18:44:55        09:55    0.1    1.9    156536  106584652  /System/Library/Frameworks/WebKit.framework/Versions/A/XPCServices/com.apple.WebKit.WebContent.xpc/Contents/MacOS/com.apple.WebKit.WebContent
   43075   2021-04-29  18:44:56        09:56    3.6    1.9    156392  106584084  /System/Library/Frameworks/WebKit.framework/Versions/A/XPCServices/com.apple.WebKit.WebContent.xpc/Contents/MacOS/com.apple.WebKit.WebContent
   43075   2021-04-29  18:44:57        09:57    0.0    1.9    156392  106584084  /System/Library/Frameworks/WebKit.framework/Versions/A/XPCServices/com.apple.WebKit.WebContent.xpc/Contents/MacOS/com.apple.WebKit.WebContent
   43075   2021-04-29  18:44:58        09:58   25.9    1.9    155872  106626564  /System/Library/Frameworks/WebKit.framework/Versions/A/XPCServices/com.apple.WebKit.WebContent.xpc/Contents/MacOS/com.apple.WebKit.WebContent
   43075   2021-04-29  18:44:59        09:59   17.1    1.9    155928  106624068  /System/Library/Frameworks/WebKit.framework/Versions/A/XPCServices/com.apple.WebKit.WebContent.xpc/Contents/MacOS/com.apple.WebKit.WebContent
   43075   2021-04-29  18:45:00        10:00   19.9    1.9    156124  106554704  /System/Library/Frameworks/WebKit.framework/Versions/A/XPCServices/com.apple.WebKit.WebContent.xpc/Contents/MacOS/com.apple.WebKit.WebContent
   43075   2021-04-29  18:45:01        10:01   13.3    1.9    156340  106626436  /System/Library/Frameworks/WebKit.framework/Versions/A/XPCServices/com.apple.WebKit.WebContent.xpc/Contents/MacOS/com.apple.WebKit.WebContent
   43075   2021-04-29  18:45:02        10:02    2.9    1.9    155512  106634544  /System/Library/Frameworks/WebKit.framework/Versions/A/XPCServices/com.apple.WebKit.WebContent.xpc/Contents/MacOS/com.apple.WebKit.WebContent
   43075   2021-04-29  18:45:03        10:03    0.6    1.9    155512  106634544  /System/Library/Frameworks/WebKit.framework/Versions/A/XPCServices/com.apple.WebKit.WebContent.xpc/Contents/MacOS/com.apple.WebKit.WebContent
   43075   2021-04-29  18:45:04        10:04    6.7    1.9    155680  106636248  /System/Library/Frameworks/WebKit.framework/Versions/A/XPCServices/com.apple.WebKit.WebContent.xpc/Contents/MacOS/com.apple.WebKit.WebContent
   43075   2021-04-29  18:45:05        10:05   13.2    1.9    155972  106629880  /System/Library/Frameworks/WebKit.framework/Versions/A/XPCServices/com.apple.WebKit.WebContent.xpc/Contents/MacOS/com.apple.WebKit.WebContent
   43075   2021-04-29  18:45:06        10:07   31.1    1.8    150324  106581660  /System/Library/Frameworks/WebKit.framework/Versions/A/XPCServices/com.apple.WebKit.WebContent.xpc/Contents/MacOS/com.apple.WebKit.WebContent
   43075   2021-04-29  18:45:08        10:08   16.5    1.7    146288  106645860  /System/Library/Frameworks/WebKit.framework/Versions/A/XPCServices/com.apple.WebKit.WebContent.xpc/Contents/MacOS/com.apple.WebKit.WebContent
   43075   2021-04-29  18:45:09        10:09   10.4    1.7    146280  106645848  /System/Library/Frameworks/WebKit.framework/Versions/A/XPCServices/com.apple.WebKit.WebContent.xpc/Contents/MacOS/com.apple.WebKit.WebContent
   43075   2021-04-29  18:45:10        10:10    0.8    1.7    144520  106645848  /System/Library/Frameworks/WebKit.framework/Versions/A/XPCServices/com.apple.WebKit.WebContent.xpc/Contents/MacOS/com.apple.WebKit.WebContent
   43075   2021-04-29  18:45:11        10:11    2.2    1.7    140064  106657368  /System/Library/Frameworks/WebKit.framework/Versions/A/XPCServices/com.apple.WebKit.WebContent.xpc/Contents/MacOS/com.apple.WebKit.WebContent
   43075   2021-04-29  18:45:12        10:12    1.3    1.7    140064  106639928  /System/Library/Frameworks/WebKit.framework/Versions/A/XPCServices/com.apple.WebKit.WebContent.xpc/Contents/MacOS/com.apple.WebKit.WebContent
   43075   2021-04-29  18:45:13        10:13    1.3    1.7    140064  106633180  /System/Library/Frameworks/WebKit.framework/Versions/A/XPCServices/com.apple.WebKit.WebContent.xpc/Contents/MacOS/com.apple.WebKit.WebContent
   43075   2021-04-29  18:45:14        10:14    0.7    1.7    139900  106631476  /System/Library/Frameworks/WebKit.framework/Versions/A/XPCServices/com.apple.WebKit.WebContent.xpc/Contents/MacOS/com.apple.WebKit.WebContent
   43075   2021-04-29  18:45:15        10:15   14.1    1.7    139956  106642040  /System/Library/Frameworks/WebKit.framework/Versions/A/XPCServices/com.apple.WebKit.WebContent.xpc/Contents/MacOS/com.apple.WebKit.WebContent
   43075   2021-04-29  18:45:16        10:16   13.8    1.7    139952  106640888  /System/Library/Frameworks/WebKit.framework/Versions/A/XPCServices/com.apple.WebKit.WebContent.xpc/Contents/MacOS/com.apple.WebKit.WebContent
   43075   2021-04-29  18:45:17        10:17    2.5    1.7    139952  106594916  /System/Library/Frameworks/WebKit.framework/Versions/A/XPCServices/com.apple.WebKit.WebContent.xpc/Contents/MacOS/com.apple.WebKit.WebContent
   43075   2021-04-29  18:45:18        10:18   15.8    1.7    139972  106594928  /System/Library/Frameworks/WebKit.framework/Versions/A/XPCServices/com.apple.WebKit.WebContent.xpc/Contents/MacOS/com.apple.WebKit.WebContent
   43075   2021-04-29  18:45:19        10:20   19.6    1.7    140016  106589824  /System/Library/Frameworks/WebKit.framework/Versions/A/XPCServices/com.apple.WebKit.WebContent.xpc/Contents/MacOS/com.apple.WebKit.WebContent
   43075   2021-04-29  18:45:21        10:21    8.5    1.7    140028  106590572  /System/Library/Frameworks/WebKit.framework/Versions/A/XPCServices/com.apple.WebKit.WebContent.xpc/Contents/MacOS/com.apple.WebKit.WebContent
   43075   2021-04-29  18:45:22        10:22    2.5    1.7    140028  106590572  /System/Library/Frameworks/WebKit.framework/Versions/A/XPCServices/com.apple.WebKit.WebContent.xpc/Contents/MacOS/com.apple.WebKit.WebContent
   43075   2021-04-29  18:45:23        10:23    6.8    1.7    140036  106590572  /System/Library/Frameworks/WebKit.framework/Versions/A/XPCServices/com.apple.WebKit.WebContent.xpc/Contents/MacOS/com.apple.WebKit.WebContent
