     PID         DATE      TIME      ELAPSED    CPU    MEM       RSS     VSIZE       CMD
   43863   2021-04-29  19:46:43        00:45    0.0    0.5     44832  106213740  /System/Library/Frameworks/WebKit.framework/Versions/A/XPCServices/com.apple.WebKit.WebContent.xpc/Contents/MacOS/com.apple.WebKit.WebContent
   43863   2021-04-29  19:46:44        00:46    8.3    0.5     45480  106227344  /System/Library/Frameworks/WebKit.framework/Versions/A/XPCServices/com.apple.WebKit.WebContent.xpc/Contents/MacOS/com.apple.WebKit.WebContent
   43863   2021-04-29  19:46:45        00:47    2.5    0.5     45520  106261416  /System/Library/Frameworks/WebKit.framework/Versions/A/XPCServices/com.apple.WebKit.WebContent.xpc/Contents/MacOS/com.apple.WebKit.WebContent
   43863   2021-04-29  19:46:46        00:48   11.2    0.5     45548  106261416  /System/Library/Frameworks/WebKit.framework/Versions/A/XPCServices/com.apple.WebKit.WebContent.xpc/Contents/MacOS/com.apple.WebKit.WebContent
   43863   2021-04-29  19:46:47        00:49    7.5    0.5     45756  106261432  /System/Library/Frameworks/WebKit.framework/Versions/A/XPCServices/com.apple.WebKit.WebContent.xpc/Contents/MacOS/com.apple.WebKit.WebContent
   43863   2021-04-29  19:46:48        00:50    9.4    0.5     46012  106261468  /System/Library/Frameworks/WebKit.framework/Versions/A/XPCServices/com.apple.WebKit.WebContent.xpc/Contents/MacOS/com.apple.WebKit.WebContent
   43863   2021-04-29  19:46:49        00:51    7.6    0.6     46172  106261468  /System/Library/Frameworks/WebKit.framework/Versions/A/XPCServices/com.apple.WebKit.WebContent.xpc/Contents/MacOS/com.apple.WebKit.WebContent
   43863   2021-04-29  19:46:50        00:52    4.6    0.6     46400  106261468  /System/Library/Frameworks/WebKit.framework/Versions/A/XPCServices/com.apple.WebKit.WebContent.xpc/Contents/MacOS/com.apple.WebKit.WebContent
   43863   2021-04-29  19:46:51        00:53   11.3    0.6     48068  106262620  /System/Library/Frameworks/WebKit.framework/Versions/A/XPCServices/com.apple.WebKit.WebContent.xpc/Contents/MacOS/com.apple.WebKit.WebContent
   43863   2021-04-29  19:46:52        00:54   12.6    0.6     49632  106291028  /System/Library/Frameworks/WebKit.framework/Versions/A/XPCServices/com.apple.WebKit.WebContent.xpc/Contents/MacOS/com.apple.WebKit.WebContent
   43863   2021-04-29  19:46:53        00:56   26.5    0.6     50532  106292052  /System/Library/Frameworks/WebKit.framework/Versions/A/XPCServices/com.apple.WebKit.WebContent.xpc/Contents/MacOS/com.apple.WebKit.WebContent
   43863   2021-04-29  19:46:55        00:57   20.8    0.6     51276  106282956  /System/Library/Frameworks/WebKit.framework/Versions/A/XPCServices/com.apple.WebKit.WebContent.xpc/Contents/MacOS/com.apple.WebKit.WebContent
   43863   2021-04-29  19:46:56        00:58   23.9    0.6     52136  106283004  /System/Library/Frameworks/WebKit.framework/Versions/A/XPCServices/com.apple.WebKit.WebContent.xpc/Contents/MacOS/com.apple.WebKit.WebContent
   43863   2021-04-29  19:46:57        00:59    5.5    0.6     52136  106283004  /System/Library/Frameworks/WebKit.framework/Versions/A/XPCServices/com.apple.WebKit.WebContent.xpc/Contents/MacOS/com.apple.WebKit.WebContent
   43863   2021-04-29  19:46:58        01:00    1.2    0.6     52404  106283036  /System/Library/Frameworks/WebKit.framework/Versions/A/XPCServices/com.apple.WebKit.WebContent.xpc/Contents/MacOS/com.apple.WebKit.WebContent
   43863   2021-04-29  19:46:59        01:01   11.4    0.6     52460  106283560  /System/Library/Frameworks/WebKit.framework/Versions/A/XPCServices/com.apple.WebKit.WebContent.xpc/Contents/MacOS/com.apple.WebKit.WebContent
   43863   2021-04-29  19:47:00        01:02   10.4    0.6     52504  106283560  /System/Library/Frameworks/WebKit.framework/Versions/A/XPCServices/com.apple.WebKit.WebContent.xpc/Contents/MacOS/com.apple.WebKit.WebContent
   43863   2021-04-29  19:47:01        01:03    3.9    0.6     52508  106283560  /System/Library/Frameworks/WebKit.framework/Versions/A/XPCServices/com.apple.WebKit.WebContent.xpc/Contents/MacOS/com.apple.WebKit.WebContent
   43863   2021-04-29  19:47:02        01:04    3.6    0.6     52528  106283624  /System/Library/Frameworks/WebKit.framework/Versions/A/XPCServices/com.apple.WebKit.WebContent.xpc/Contents/MacOS/com.apple.WebKit.WebContent
   43863   2021-04-29  19:47:03        01:05    0.0    0.6     52528  106283624  /System/Library/Frameworks/WebKit.framework/Versions/A/XPCServices/com.apple.WebKit.WebContent.xpc/Contents/MacOS/com.apple.WebKit.WebContent
   43863   2021-04-29  19:47:04        01:06    0.0    0.6     52528  106283624  /System/Library/Frameworks/WebKit.framework/Versions/A/XPCServices/com.apple.WebKit.WebContent.xpc/Contents/MacOS/com.apple.WebKit.WebContent
   43863   2021-04-29  19:47:05        01:07    1.8    0.6     52460  106283060  /System/Library/Frameworks/WebKit.framework/Versions/A/XPCServices/com.apple.WebKit.WebContent.xpc/Contents/MacOS/com.apple.WebKit.WebContent
   43863   2021-04-29  19:47:06        01:08    0.0    0.6     49476  106283060  /System/Library/Frameworks/WebKit.framework/Versions/A/XPCServices/com.apple.WebKit.WebContent.xpc/Contents/MacOS/com.apple.WebKit.WebContent
   43863   2021-04-29  19:47:08        01:10    1.5    0.6     49476  106283060  /System/Library/Frameworks/WebKit.framework/Versions/A/XPCServices/com.apple.WebKit.WebContent.xpc/Contents/MacOS/com.apple.WebKit.WebContent
   43863   2021-04-29  19:47:09        01:11    0.0    0.6     49312  106281356  /System/Library/Frameworks/WebKit.framework/Versions/A/XPCServices/com.apple.WebKit.WebContent.xpc/Contents/MacOS/com.apple.WebKit.WebContent
   43863   2021-04-29  19:47:10        01:12    7.4    0.6     49508  106294036  /System/Library/Frameworks/WebKit.framework/Versions/A/XPCServices/com.apple.WebKit.WebContent.xpc/Contents/MacOS/com.apple.WebKit.WebContent
   43863   2021-04-29  19:47:11        01:13    9.0    0.6     50280  106296764  /System/Library/Frameworks/WebKit.framework/Versions/A/XPCServices/com.apple.WebKit.WebContent.xpc/Contents/MacOS/com.apple.WebKit.WebContent
   43863   2021-04-29  19:47:12        01:14    8.0    0.6     50668  106297788  /System/Library/Frameworks/WebKit.framework/Versions/A/XPCServices/com.apple.WebKit.WebContent.xpc/Contents/MacOS/com.apple.WebKit.WebContent
   43863   2021-04-29  19:47:13        01:15   14.0    0.6     50728  106297788  /System/Library/Frameworks/WebKit.framework/Versions/A/XPCServices/com.apple.WebKit.WebContent.xpc/Contents/MacOS/com.apple.WebKit.WebContent
   43863   2021-04-29  19:47:14        01:16   17.0    0.6     50936  106297788  /System/Library/Frameworks/WebKit.framework/Versions/A/XPCServices/com.apple.WebKit.WebContent.xpc/Contents/MacOS/com.apple.WebKit.WebContent
   43863   2021-04-29  19:47:15        01:17   18.5    0.6     50944  106297788  /System/Library/Frameworks/WebKit.framework/Versions/A/XPCServices/com.apple.WebKit.WebContent.xpc/Contents/MacOS/com.apple.WebKit.WebContent
   43863   2021-04-29  19:47:16        01:18   14.9    0.6     51172  106297788  /System/Library/Frameworks/WebKit.framework/Versions/A/XPCServices/com.apple.WebKit.WebContent.xpc/Contents/MacOS/com.apple.WebKit.WebContent
   43863   2021-04-29  19:47:17        01:19   12.3    0.6     51244  106297788  /System/Library/Frameworks/WebKit.framework/Versions/A/XPCServices/com.apple.WebKit.WebContent.xpc/Contents/MacOS/com.apple.WebKit.WebContent
   43863   2021-04-29  19:47:18        01:20    2.2    0.6     51244  106297788  /System/Library/Frameworks/WebKit.framework/Versions/A/XPCServices/com.apple.WebKit.WebContent.xpc/Contents/MacOS/com.apple.WebKit.WebContent
   43863   2021-04-29  19:47:19        01:21    1.5    0.6     51340  106297832  /System/Library/Frameworks/WebKit.framework/Versions/A/XPCServices/com.apple.WebKit.WebContent.xpc/Contents/MacOS/com.apple.WebKit.WebContent
   43863   2021-04-29  19:47:20        01:23   14.4    0.6     54288  106254808  /System/Library/Frameworks/WebKit.framework/Versions/A/XPCServices/com.apple.WebKit.WebContent.xpc/Contents/MacOS/com.apple.WebKit.WebContent
   43863   2021-04-29  19:47:22        01:24    0.4    0.6     54288  106254808  /System/Library/Frameworks/WebKit.framework/Versions/A/XPCServices/com.apple.WebKit.WebContent.xpc/Contents/MacOS/com.apple.WebKit.WebContent
   43863   2021-04-29  19:47:23        01:25    0.0    0.6     54288  106254808  /System/Library/Frameworks/WebKit.framework/Versions/A/XPCServices/com.apple.WebKit.WebContent.xpc/Contents/MacOS/com.apple.WebKit.WebContent
   43863   2021-04-29  19:47:24        01:26   30.9    0.7     55844  106255848  /System/Library/Frameworks/WebKit.framework/Versions/A/XPCServices/com.apple.WebKit.WebContent.xpc/Contents/MacOS/com.apple.WebKit.WebContent
   43863   2021-04-29  19:47:25        01:27   15.2    0.7     57840  106291976  /System/Library/Frameworks/WebKit.framework/Versions/A/XPCServices/com.apple.WebKit.WebContent.xpc/Contents/MacOS/com.apple.WebKit.WebContent
   43863   2021-04-29  19:47:26        01:28    5.3    0.7     58156  106291976  /System/Library/Frameworks/WebKit.framework/Versions/A/XPCServices/com.apple.WebKit.WebContent.xpc/Contents/MacOS/com.apple.WebKit.WebContent
   43863   2021-04-29  19:47:27        01:29    6.6    0.7     58180  106291976  /System/Library/Frameworks/WebKit.framework/Versions/A/XPCServices/com.apple.WebKit.WebContent.xpc/Contents/MacOS/com.apple.WebKit.WebContent
   43863   2021-04-29  19:47:28        01:30   16.0    0.7     58260  106291976  /System/Library/Frameworks/WebKit.framework/Versions/A/XPCServices/com.apple.WebKit.WebContent.xpc/Contents/MacOS/com.apple.WebKit.WebContent
   43863   2021-04-29  19:47:29        01:31   13.4    0.7     58340  106291976  /System/Library/Frameworks/WebKit.framework/Versions/A/XPCServices/com.apple.WebKit.WebContent.xpc/Contents/MacOS/com.apple.WebKit.WebContent
   43863   2021-04-29  19:47:30        01:32   12.0    0.7     58352  106291976  /System/Library/Frameworks/WebKit.framework/Versions/A/XPCServices/com.apple.WebKit.WebContent.xpc/Contents/MacOS/com.apple.WebKit.WebContent
   43863   2021-04-29  19:47:31        01:33   26.0    0.7     58880  106292008  /System/Library/Frameworks/WebKit.framework/Versions/A/XPCServices/com.apple.WebKit.WebContent.xpc/Contents/MacOS/com.apple.WebKit.WebContent
   43863   2021-04-29  19:47:32        01:34    1.1    0.7     58880  106292008  /System/Library/Frameworks/WebKit.framework/Versions/A/XPCServices/com.apple.WebKit.WebContent.xpc/Contents/MacOS/com.apple.WebKit.WebContent
   43863   2021-04-29  19:47:33        01:36    7.5    0.7     58888  106292008  /System/Library/Frameworks/WebKit.framework/Versions/A/XPCServices/com.apple.WebKit.WebContent.xpc/Contents/MacOS/com.apple.WebKit.WebContent
   43863   2021-04-29  19:47:35        01:37   18.6    0.7     58892  106292008  /System/Library/Frameworks/WebKit.framework/Versions/A/XPCServices/com.apple.WebKit.WebContent.xpc/Contents/MacOS/com.apple.WebKit.WebContent
   43863   2021-04-29  19:47:36        01:38   12.7    0.7     59432  106292616  /System/Library/Frameworks/WebKit.framework/Versions/A/XPCServices/com.apple.WebKit.WebContent.xpc/Contents/MacOS/com.apple.WebKit.WebContent
   43863   2021-04-29  19:47:37        01:39    7.6    0.7     60180  106449564  /System/Library/Frameworks/WebKit.framework/Versions/A/XPCServices/com.apple.WebKit.WebContent.xpc/Contents/MacOS/com.apple.WebKit.WebContent
   43863   2021-04-29  19:47:38        01:40    3.5    0.7     60536  106450020  /System/Library/Frameworks/WebKit.framework/Versions/A/XPCServices/com.apple.WebKit.WebContent.xpc/Contents/MacOS/com.apple.WebKit.WebContent
   43863   2021-04-29  19:47:39        01:41    3.6    0.7     60548  106450020  /System/Library/Frameworks/WebKit.framework/Versions/A/XPCServices/com.apple.WebKit.WebContent.xpc/Contents/MacOS/com.apple.WebKit.WebContent
   43863   2021-04-29  19:47:40        01:42   19.0    0.7     60964  106450052  /System/Library/Frameworks/WebKit.framework/Versions/A/XPCServices/com.apple.WebKit.WebContent.xpc/Contents/MacOS/com.apple.WebKit.WebContent
   43863   2021-04-29  19:47:41        01:43   13.0    0.7     60964  106450052  /System/Library/Frameworks/WebKit.framework/Versions/A/XPCServices/com.apple.WebKit.WebContent.xpc/Contents/MacOS/com.apple.WebKit.WebContent
   43863   2021-04-29  19:47:42        01:44    0.7    0.7     60976  106450096  /System/Library/Frameworks/WebKit.framework/Versions/A/XPCServices/com.apple.WebKit.WebContent.xpc/Contents/MacOS/com.apple.WebKit.WebContent
   43863   2021-04-29  19:47:43        01:45    0.6    0.7     60976  106450096  /System/Library/Frameworks/WebKit.framework/Versions/A/XPCServices/com.apple.WebKit.WebContent.xpc/Contents/MacOS/com.apple.WebKit.WebContent
   43863   2021-04-29  19:47:44        01:46    9.7    0.7     61292  106433140  /System/Library/Frameworks/WebKit.framework/Versions/A/XPCServices/com.apple.WebKit.WebContent.xpc/Contents/MacOS/com.apple.WebKit.WebContent
   43863   2021-04-29  19:47:45        01:47    0.5    0.7     61292  106433140  /System/Library/Frameworks/WebKit.framework/Versions/A/XPCServices/com.apple.WebKit.WebContent.xpc/Contents/MacOS/com.apple.WebKit.WebContent
   43863   2021-04-29  19:47:46        01:48    0.0    0.7     61292  106433140  /System/Library/Frameworks/WebKit.framework/Versions/A/XPCServices/com.apple.WebKit.WebContent.xpc/Contents/MacOS/com.apple.WebKit.WebContent
   43863   2021-04-29  19:47:47        01:50    5.2    0.7     61292  106433140  /System/Library/Frameworks/WebKit.framework/Versions/A/XPCServices/com.apple.WebKit.WebContent.xpc/Contents/MacOS/com.apple.WebKit.WebContent
   43863   2021-04-29  19:47:49        01:51    2.1    0.7     61300  106433140  /System/Library/Frameworks/WebKit.framework/Versions/A/XPCServices/com.apple.WebKit.WebContent.xpc/Contents/MacOS/com.apple.WebKit.WebContent
   43863   2021-04-29  19:47:50        01:52   13.1    0.8     66740  106444504  /System/Library/Frameworks/WebKit.framework/Versions/A/XPCServices/com.apple.WebKit.WebContent.xpc/Contents/MacOS/com.apple.WebKit.WebContent
   43863   2021-04-29  19:47:51        01:53    0.3    0.8     66748  106448608  /System/Library/Frameworks/WebKit.framework/Versions/A/XPCServices/com.apple.WebKit.WebContent.xpc/Contents/MacOS/com.apple.WebKit.WebContent
   43863   2021-04-29  19:47:52        01:54    0.0    0.8     66748  106448608  /System/Library/Frameworks/WebKit.framework/Versions/A/XPCServices/com.apple.WebKit.WebContent.xpc/Contents/MacOS/com.apple.WebKit.WebContent
   43863   2021-04-29  19:47:53        01:55    8.8    0.8     66748  106448608  /System/Library/Frameworks/WebKit.framework/Versions/A/XPCServices/com.apple.WebKit.WebContent.xpc/Contents/MacOS/com.apple.WebKit.WebContent
   43863   2021-04-29  19:47:54        01:56   21.8    0.8     68584  106433084  /System/Library/Frameworks/WebKit.framework/Versions/A/XPCServices/com.apple.WebKit.WebContent.xpc/Contents/MacOS/com.apple.WebKit.WebContent
   43863   2021-04-29  19:47:55        01:57   15.0    0.8     68688  106467724  /System/Library/Frameworks/WebKit.framework/Versions/A/XPCServices/com.apple.WebKit.WebContent.xpc/Contents/MacOS/com.apple.WebKit.WebContent
   43863   2021-04-29  19:47:56        01:58    5.7    0.8     68688  106467724  /System/Library/Frameworks/WebKit.framework/Versions/A/XPCServices/com.apple.WebKit.WebContent.xpc/Contents/MacOS/com.apple.WebKit.WebContent
   43863   2021-04-29  19:47:57        01:59    9.8    0.8     68696  106467724  /System/Library/Frameworks/WebKit.framework/Versions/A/XPCServices/com.apple.WebKit.WebContent.xpc/Contents/MacOS/com.apple.WebKit.WebContent
   43863   2021-04-29  19:47:58        02:00    0.7    0.8     68696  106467724  /System/Library/Frameworks/WebKit.framework/Versions/A/XPCServices/com.apple.WebKit.WebContent.xpc/Contents/MacOS/com.apple.WebKit.WebContent
   43863   2021-04-29  19:47:59        02:01   17.1    0.8     68964  106434220  /System/Library/Frameworks/WebKit.framework/Versions/A/XPCServices/com.apple.WebKit.WebContent.xpc/Contents/MacOS/com.apple.WebKit.WebContent
   43863   2021-04-29  19:48:00        02:02    0.6    0.8     68976  106434232  /System/Library/Frameworks/WebKit.framework/Versions/A/XPCServices/com.apple.WebKit.WebContent.xpc/Contents/MacOS/com.apple.WebKit.WebContent
   43863   2021-04-29  19:48:01        02:04    0.0    0.8     68976  106434232  /System/Library/Frameworks/WebKit.framework/Versions/A/XPCServices/com.apple.WebKit.WebContent.xpc/Contents/MacOS/com.apple.WebKit.WebContent
   43863   2021-04-29  19:48:03        02:05    0.0    0.8     68976  106434232  /System/Library/Frameworks/WebKit.framework/Versions/A/XPCServices/com.apple.WebKit.WebContent.xpc/Contents/MacOS/com.apple.WebKit.WebContent
   43863   2021-04-29  19:48:04        02:06    0.0    0.8     68976  106434232  /System/Library/Frameworks/WebKit.framework/Versions/A/XPCServices/com.apple.WebKit.WebContent.xpc/Contents/MacOS/com.apple.WebKit.WebContent
   43863   2021-04-29  19:48:05        02:07    1.3    0.8     68976  106434232  /System/Library/Frameworks/WebKit.framework/Versions/A/XPCServices/com.apple.WebKit.WebContent.xpc/Contents/MacOS/com.apple.WebKit.WebContent
   43863   2021-04-29  19:48:06        02:08    0.0    0.8     68732  106433096  /System/Library/Frameworks/WebKit.framework/Versions/A/XPCServices/com.apple.WebKit.WebContent.xpc/Contents/MacOS/com.apple.WebKit.WebContent
   43863   2021-04-29  19:48:07        02:09    0.0    0.8     68732  106433096  /System/Library/Frameworks/WebKit.framework/Versions/A/XPCServices/com.apple.WebKit.WebContent.xpc/Contents/MacOS/com.apple.WebKit.WebContent
   43863   2021-04-29  19:48:08        02:10    0.0    0.8     68660  106432528  /System/Library/Frameworks/WebKit.framework/Versions/A/XPCServices/com.apple.WebKit.WebContent.xpc/Contents/MacOS/com.apple.WebKit.WebContent
   43863   2021-04-29  19:48:09        02:11   14.7    0.8     68692  106466600  /System/Library/Frameworks/WebKit.framework/Versions/A/XPCServices/com.apple.WebKit.WebContent.xpc/Contents/MacOS/com.apple.WebKit.WebContent
   43863   2021-04-29  19:48:10        02:12   12.4    0.8     70552  106468388  /System/Library/Frameworks/WebKit.framework/Versions/A/XPCServices/com.apple.WebKit.WebContent.xpc/Contents/MacOS/com.apple.WebKit.WebContent
   43863   2021-04-29  19:48:11        02:13    0.8    0.8     70024  106468388  /System/Library/Frameworks/WebKit.framework/Versions/A/XPCServices/com.apple.WebKit.WebContent.xpc/Contents/MacOS/com.apple.WebKit.WebContent
   43863   2021-04-29  19:48:12        02:14    0.3    0.8     70032  106468352  /System/Library/Frameworks/WebKit.framework/Versions/A/XPCServices/com.apple.WebKit.WebContent.xpc/Contents/MacOS/com.apple.WebKit.WebContent
   43863   2021-04-29  19:48:13        02:15    0.0    0.8     69992  106468308  /System/Library/Frameworks/WebKit.framework/Versions/A/XPCServices/com.apple.WebKit.WebContent.xpc/Contents/MacOS/com.apple.WebKit.WebContent
   43863   2021-04-29  19:48:14        02:16    2.5    0.8     69996  106468308  /System/Library/Frameworks/WebKit.framework/Versions/A/XPCServices/com.apple.WebKit.WebContent.xpc/Contents/MacOS/com.apple.WebKit.WebContent
   43863   2021-04-29  19:48:15        02:18    0.0    0.8     69996  106468308  /System/Library/Frameworks/WebKit.framework/Versions/A/XPCServices/com.apple.WebKit.WebContent.xpc/Contents/MacOS/com.apple.WebKit.WebContent
   43863   2021-04-29  19:48:17        02:19    0.0    0.8     69704  106468308  /System/Library/Frameworks/WebKit.framework/Versions/A/XPCServices/com.apple.WebKit.WebContent.xpc/Contents/MacOS/com.apple.WebKit.WebContent
   43863   2021-04-29  19:48:18        02:20    0.0    0.8     68320  106467740  /System/Library/Frameworks/WebKit.framework/Versions/A/XPCServices/com.apple.WebKit.WebContent.xpc/Contents/MacOS/com.apple.WebKit.WebContent
   43863   2021-04-29  19:48:19        02:21    0.0    0.8     68276  106467172  /System/Library/Frameworks/WebKit.framework/Versions/A/XPCServices/com.apple.WebKit.WebContent.xpc/Contents/MacOS/com.apple.WebKit.WebContent
   43863   2021-04-29  19:48:20        02:22    0.0    0.8     67928  106464332  /System/Library/Frameworks/WebKit.framework/Versions/A/XPCServices/com.apple.WebKit.WebContent.xpc/Contents/MacOS/com.apple.WebKit.WebContent
   43863   2021-04-29  19:48:21        02:23    0.0    0.8     67904  106463764  /System/Library/Frameworks/WebKit.framework/Versions/A/XPCServices/com.apple.WebKit.WebContent.xpc/Contents/MacOS/com.apple.WebKit.WebContent
   43863   2021-04-29  19:48:22        02:24    0.0    0.8     67920  106430740  /System/Library/Frameworks/WebKit.framework/Versions/A/XPCServices/com.apple.WebKit.WebContent.xpc/Contents/MacOS/com.apple.WebKit.WebContent
   43863   2021-04-29  19:48:23        02:25    0.0    0.8     67920  106430740  /System/Library/Frameworks/WebKit.framework/Versions/A/XPCServices/com.apple.WebKit.WebContent.xpc/Contents/MacOS/com.apple.WebKit.WebContent
   43863   2021-04-29  19:48:24        02:26    0.3    0.8     67920  106430740  /System/Library/Frameworks/WebKit.framework/Versions/A/XPCServices/com.apple.WebKit.WebContent.xpc/Contents/MacOS/com.apple.WebKit.WebContent
   43863   2021-04-29  19:48:25        02:27    3.8    0.8     68028  106434924  /System/Library/Frameworks/WebKit.framework/Versions/A/XPCServices/com.apple.WebKit.WebContent.xpc/Contents/MacOS/com.apple.WebKit.WebContent
   43863   2021-04-29  19:48:26        02:28   28.1    0.8     68136  106433100  /System/Library/Frameworks/WebKit.framework/Versions/A/XPCServices/com.apple.WebKit.WebContent.xpc/Contents/MacOS/com.apple.WebKit.WebContent
   43863   2021-04-29  19:48:27        02:29   10.1    0.8     68400  106467184  /System/Library/Frameworks/WebKit.framework/Versions/A/XPCServices/com.apple.WebKit.WebContent.xpc/Contents/MacOS/com.apple.WebKit.WebContent
   43863   2021-04-29  19:48:28        02:30    5.2    0.8     68468  106467220  /System/Library/Frameworks/WebKit.framework/Versions/A/XPCServices/com.apple.WebKit.WebContent.xpc/Contents/MacOS/com.apple.WebKit.WebContent
   43863   2021-04-29  19:48:29        02:32    1.4    0.8     68432  106467184  /System/Library/Frameworks/WebKit.framework/Versions/A/XPCServices/com.apple.WebKit.WebContent.xpc/Contents/MacOS/com.apple.WebKit.WebContent
   43863   2021-04-29  19:48:31        02:33    0.1    0.8     68396  106467140  /System/Library/Frameworks/WebKit.framework/Versions/A/XPCServices/com.apple.WebKit.WebContent.xpc/Contents/MacOS/com.apple.WebKit.WebContent
   43863   2021-04-29  19:48:32        02:34    1.2    0.8     68608  106468844  /System/Library/Frameworks/WebKit.framework/Versions/A/XPCServices/com.apple.WebKit.WebContent.xpc/Contents/MacOS/com.apple.WebKit.WebContent
   43863   2021-04-29  19:48:33        02:35    9.6    0.8     68692  106477080  /System/Library/Frameworks/WebKit.framework/Versions/A/XPCServices/com.apple.WebKit.WebContent.xpc/Contents/MacOS/com.apple.WebKit.WebContent
   43863   2021-04-29  19:48:34        02:36   13.5    0.8     68976  106442644  /System/Library/Frameworks/WebKit.framework/Versions/A/XPCServices/com.apple.WebKit.WebContent.xpc/Contents/MacOS/com.apple.WebKit.WebContent
   43863   2021-04-29  19:48:35        02:37    0.4    0.8     68992  106442656  /System/Library/Frameworks/WebKit.framework/Versions/A/XPCServices/com.apple.WebKit.WebContent.xpc/Contents/MacOS/com.apple.WebKit.WebContent
   43863   2021-04-29  19:48:36        02:38    0.0    0.8     68992  106442656  /System/Library/Frameworks/WebKit.framework/Versions/A/XPCServices/com.apple.WebKit.WebContent.xpc/Contents/MacOS/com.apple.WebKit.WebContent
   43863   2021-04-29  19:48:37        02:39    0.0    0.8     68992  106442656  /System/Library/Frameworks/WebKit.framework/Versions/A/XPCServices/com.apple.WebKit.WebContent.xpc/Contents/MacOS/com.apple.WebKit.WebContent
   43863   2021-04-29  19:48:38        02:40    0.0    0.8     68992  106442656  /System/Library/Frameworks/WebKit.framework/Versions/A/XPCServices/com.apple.WebKit.WebContent.xpc/Contents/MacOS/com.apple.WebKit.WebContent
   43863   2021-04-29  19:48:39        02:41   14.5    0.8     68884  106476160  /System/Library/Frameworks/WebKit.framework/Versions/A/XPCServices/com.apple.WebKit.WebContent.xpc/Contents/MacOS/com.apple.WebKit.WebContent
   43863   2021-04-29  19:48:40        02:42   14.6    0.8     69584  106528576  /System/Library/Frameworks/WebKit.framework/Versions/A/XPCServices/com.apple.WebKit.WebContent.xpc/Contents/MacOS/com.apple.WebKit.WebContent
   43863   2021-04-29  19:48:41        02:43    5.8    0.8     69628  106528576  /System/Library/Frameworks/WebKit.framework/Versions/A/XPCServices/com.apple.WebKit.WebContent.xpc/Contents/MacOS/com.apple.WebKit.WebContent
   43863   2021-04-29  19:48:42        02:45    5.7    0.8     69636  106528576  /System/Library/Frameworks/WebKit.framework/Versions/A/XPCServices/com.apple.WebKit.WebContent.xpc/Contents/MacOS/com.apple.WebKit.WebContent
   43863   2021-04-29  19:48:44        02:46    7.3    0.8     69592  106519816  /System/Library/Frameworks/WebKit.framework/Versions/A/XPCServices/com.apple.WebKit.WebContent.xpc/Contents/MacOS/com.apple.WebKit.WebContent
   43863   2021-04-29  19:48:45        02:47   22.8    0.8     70108  106519816  /System/Library/Frameworks/WebKit.framework/Versions/A/XPCServices/com.apple.WebKit.WebContent.xpc/Contents/MacOS/com.apple.WebKit.WebContent
   43863   2021-04-29  19:48:46        02:48    0.5    0.8     70108  106519816  /System/Library/Frameworks/WebKit.framework/Versions/A/XPCServices/com.apple.WebKit.WebContent.xpc/Contents/MacOS/com.apple.WebKit.WebContent
   43863   2021-04-29  19:48:47        02:49    2.7    0.8     70752  106435788  /System/Library/Frameworks/WebKit.framework/Versions/A/XPCServices/com.apple.WebKit.WebContent.xpc/Contents/MacOS/com.apple.WebKit.WebContent
   43863   2021-04-29  19:48:48        02:50    0.0    0.8     70764  106435800  /System/Library/Frameworks/WebKit.framework/Versions/A/XPCServices/com.apple.WebKit.WebContent.xpc/Contents/MacOS/com.apple.WebKit.WebContent
   43863   2021-04-29  19:48:49        02:51    0.0    0.8     70604  106434096  /System/Library/Frameworks/WebKit.framework/Versions/A/XPCServices/com.apple.WebKit.WebContent.xpc/Contents/MacOS/com.apple.WebKit.WebContent
   43863   2021-04-29  19:48:50        02:52    0.0    0.8     70604  106434096  /System/Library/Frameworks/WebKit.framework/Versions/A/XPCServices/com.apple.WebKit.WebContent.xpc/Contents/MacOS/com.apple.WebKit.WebContent
   43863   2021-04-29  19:48:51        02:53    0.2    0.8     70628  106435232  /System/Library/Frameworks/WebKit.framework/Versions/A/XPCServices/com.apple.WebKit.WebContent.xpc/Contents/MacOS/com.apple.WebKit.WebContent
   43863   2021-04-29  19:48:52        02:54    0.0    0.8     70628  106435232  /System/Library/Frameworks/WebKit.framework/Versions/A/XPCServices/com.apple.WebKit.WebContent.xpc/Contents/MacOS/com.apple.WebKit.WebContent
   43863   2021-04-29  19:48:53        02:55    3.3    0.8     70628  106435232  /System/Library/Frameworks/WebKit.framework/Versions/A/XPCServices/com.apple.WebKit.WebContent.xpc/Contents/MacOS/com.apple.WebKit.WebContent
   43863   2021-04-29  19:48:54        02:56    6.5    0.8     70752  106435248  /System/Library/Frameworks/WebKit.framework/Versions/A/XPCServices/com.apple.WebKit.WebContent.xpc/Contents/MacOS/com.apple.WebKit.WebContent
   43863   2021-04-29  19:48:55        02:58    0.1    0.8     70752  106435248  /System/Library/Frameworks/WebKit.framework/Versions/A/XPCServices/com.apple.WebKit.WebContent.xpc/Contents/MacOS/com.apple.WebKit.WebContent
   43863   2021-04-29  19:48:57        02:59   19.8    0.8     70784  106486356  /System/Library/Frameworks/WebKit.framework/Versions/A/XPCServices/com.apple.WebKit.WebContent.xpc/Contents/MacOS/com.apple.WebKit.WebContent
   43863   2021-04-29  19:48:58        03:00    7.3    0.8     70564  106520428  /System/Library/Frameworks/WebKit.framework/Versions/A/XPCServices/com.apple.WebKit.WebContent.xpc/Contents/MacOS/com.apple.WebKit.WebContent
   43863   2021-04-29  19:48:59        03:01   13.8    0.8     70624  106469320  /System/Library/Frameworks/WebKit.framework/Versions/A/XPCServices/com.apple.WebKit.WebContent.xpc/Contents/MacOS/com.apple.WebKit.WebContent
   43863   2021-04-29  19:49:00        03:02    0.4    0.8     70624  106469320  /System/Library/Frameworks/WebKit.framework/Versions/A/XPCServices/com.apple.WebKit.WebContent.xpc/Contents/MacOS/com.apple.WebKit.WebContent
   43863   2021-04-29  19:49:01        03:03    0.6    0.8     70624  106469320  /System/Library/Frameworks/WebKit.framework/Versions/A/XPCServices/com.apple.WebKit.WebContent.xpc/Contents/MacOS/com.apple.WebKit.WebContent
   43863   2021-04-29  19:49:02        03:04    0.0    0.8     70624  106469320  /System/Library/Frameworks/WebKit.framework/Versions/A/XPCServices/com.apple.WebKit.WebContent.xpc/Contents/MacOS/com.apple.WebKit.WebContent
   43863   2021-04-29  19:49:03        03:05    0.0    0.8     70624  106469320  /System/Library/Frameworks/WebKit.framework/Versions/A/XPCServices/com.apple.WebKit.WebContent.xpc/Contents/MacOS/com.apple.WebKit.WebContent
   43863   2021-04-29  19:49:04        03:06    0.0    0.8     70624  106469320  /System/Library/Frameworks/WebKit.framework/Versions/A/XPCServices/com.apple.WebKit.WebContent.xpc/Contents/MacOS/com.apple.WebKit.WebContent
   43863   2021-04-29  19:49:05        03:07    0.0    0.8     70492  106468752  /System/Library/Frameworks/WebKit.framework/Versions/A/XPCServices/com.apple.WebKit.WebContent.xpc/Contents/MacOS/com.apple.WebKit.WebContent
   43863   2021-04-29  19:49:06        03:08    0.0    0.8     70208  106466480  /System/Library/Frameworks/WebKit.framework/Versions/A/XPCServices/com.apple.WebKit.WebContent.xpc/Contents/MacOS/com.apple.WebKit.WebContent
   43863   2021-04-29  19:49:07        03:09    0.0    0.8     70208  106466480  /System/Library/Frameworks/WebKit.framework/Versions/A/XPCServices/com.apple.WebKit.WebContent.xpc/Contents/MacOS/com.apple.WebKit.WebContent
   43863   2021-04-29  19:49:08        03:10    0.4    0.8     70208  106466480  /System/Library/Frameworks/WebKit.framework/Versions/A/XPCServices/com.apple.WebKit.WebContent.xpc/Contents/MacOS/com.apple.WebKit.WebContent
   43863   2021-04-29  19:49:09        03:12   11.5    0.8     70144  106448876  /System/Library/Frameworks/WebKit.framework/Versions/A/XPCServices/com.apple.WebKit.WebContent.xpc/Contents/MacOS/com.apple.WebKit.WebContent
   43863   2021-04-29  19:49:11        03:13   15.0    0.9     71812  106441528  /System/Library/Frameworks/WebKit.framework/Versions/A/XPCServices/com.apple.WebKit.WebContent.xpc/Contents/MacOS/com.apple.WebKit.WebContent
   43863   2021-04-29  19:49:12        03:14    0.3    0.9     71820  106452924  /System/Library/Frameworks/WebKit.framework/Versions/A/XPCServices/com.apple.WebKit.WebContent.xpc/Contents/MacOS/com.apple.WebKit.WebContent
   43863   2021-04-29  19:49:13        03:15    0.0    0.9     71820  106452924  /System/Library/Frameworks/WebKit.framework/Versions/A/XPCServices/com.apple.WebKit.WebContent.xpc/Contents/MacOS/com.apple.WebKit.WebContent
   43863   2021-04-29  19:49:14        03:16    4.7    0.9     71824  106452924  /System/Library/Frameworks/WebKit.framework/Versions/A/XPCServices/com.apple.WebKit.WebContent.xpc/Contents/MacOS/com.apple.WebKit.WebContent
   43863   2021-04-29  19:49:15        03:17    9.1    0.9     71884  106453304  /System/Library/Frameworks/WebKit.framework/Versions/A/XPCServices/com.apple.WebKit.WebContent.xpc/Contents/MacOS/com.apple.WebKit.WebContent
   43863   2021-04-29  19:49:16        03:18   21.9    0.9     72504  106436500  /System/Library/Frameworks/WebKit.framework/Versions/A/XPCServices/com.apple.WebKit.WebContent.xpc/Contents/MacOS/com.apple.WebKit.WebContent
   43863   2021-04-29  19:49:17        03:19    9.7    0.9     72664  106471148  /System/Library/Frameworks/WebKit.framework/Versions/A/XPCServices/com.apple.WebKit.WebContent.xpc/Contents/MacOS/com.apple.WebKit.WebContent
   43863   2021-04-29  19:49:18        03:20    1.8    0.9     72664  106471148  /System/Library/Frameworks/WebKit.framework/Versions/A/XPCServices/com.apple.WebKit.WebContent.xpc/Contents/MacOS/com.apple.WebKit.WebContent
   43863   2021-04-29  19:49:19        03:21    1.5    0.9     72664  106471148  /System/Library/Frameworks/WebKit.framework/Versions/A/XPCServices/com.apple.WebKit.WebContent.xpc/Contents/MacOS/com.apple.WebKit.WebContent
   43863   2021-04-29  19:49:20        03:22    0.6    0.9     72664  106471148  /System/Library/Frameworks/WebKit.framework/Versions/A/XPCServices/com.apple.WebKit.WebContent.xpc/Contents/MacOS/com.apple.WebKit.WebContent
   43863   2021-04-29  19:49:21        03:23    4.3    0.9     72676  106471148  /System/Library/Frameworks/WebKit.framework/Versions/A/XPCServices/com.apple.WebKit.WebContent.xpc/Contents/MacOS/com.apple.WebKit.WebContent
   43863   2021-04-29  19:49:22        03:24    4.2    0.9     72680  106471148  /System/Library/Frameworks/WebKit.framework/Versions/A/XPCServices/com.apple.WebKit.WebContent.xpc/Contents/MacOS/com.apple.WebKit.WebContent
   43863   2021-04-29  19:49:23        03:26    3.2    0.9     72680  106471148  /System/Library/Frameworks/WebKit.framework/Versions/A/XPCServices/com.apple.WebKit.WebContent.xpc/Contents/MacOS/com.apple.WebKit.WebContent
   43863   2021-04-29  19:49:25        03:27    7.3    0.9     72684  106471148  /System/Library/Frameworks/WebKit.framework/Versions/A/XPCServices/com.apple.WebKit.WebContent.xpc/Contents/MacOS/com.apple.WebKit.WebContent
   43863   2021-04-29  19:49:26        03:28    4.5    0.9     72872  106471208  /System/Library/Frameworks/WebKit.framework/Versions/A/XPCServices/com.apple.WebKit.WebContent.xpc/Contents/MacOS/com.apple.WebKit.WebContent
   43863   2021-04-29  19:49:27        03:29   23.4    0.9     72944  106470828  /System/Library/Frameworks/WebKit.framework/Versions/A/XPCServices/com.apple.WebKit.WebContent.xpc/Contents/MacOS/com.apple.WebKit.WebContent
   43863   2021-04-29  19:49:28        03:30    2.0    0.9     72944  106470828  /System/Library/Frameworks/WebKit.framework/Versions/A/XPCServices/com.apple.WebKit.WebContent.xpc/Contents/MacOS/com.apple.WebKit.WebContent
   43863   2021-04-29  19:49:29        03:31    5.3    0.9     72944  106470828  /System/Library/Frameworks/WebKit.framework/Versions/A/XPCServices/com.apple.WebKit.WebContent.xpc/Contents/MacOS/com.apple.WebKit.WebContent
   43863   2021-04-29  19:49:30        03:32    3.3    0.9     72956  106470828  /System/Library/Frameworks/WebKit.framework/Versions/A/XPCServices/com.apple.WebKit.WebContent.xpc/Contents/MacOS/com.apple.WebKit.WebContent
   43863   2021-04-29  19:49:31        03:33    0.5    0.9     72884  106470260  /System/Library/Frameworks/WebKit.framework/Versions/A/XPCServices/com.apple.WebKit.WebContent.xpc/Contents/MacOS/com.apple.WebKit.WebContent
   43863   2021-04-29  19:49:32        03:34   10.5    0.9     72908  106441436  /System/Library/Frameworks/WebKit.framework/Versions/A/XPCServices/com.apple.WebKit.WebContent.xpc/Contents/MacOS/com.apple.WebKit.WebContent
   43863   2021-04-29  19:49:33        03:35    0.5    0.9     72916  106452832  /System/Library/Frameworks/WebKit.framework/Versions/A/XPCServices/com.apple.WebKit.WebContent.xpc/Contents/MacOS/com.apple.WebKit.WebContent
   43863   2021-04-29  19:49:34        03:36    0.0    0.9     72916  106452832  /System/Library/Frameworks/WebKit.framework/Versions/A/XPCServices/com.apple.WebKit.WebContent.xpc/Contents/MacOS/com.apple.WebKit.WebContent
   43863   2021-04-29  19:49:35        03:37    0.0    0.9     72916  106452832  /System/Library/Frameworks/WebKit.framework/Versions/A/XPCServices/com.apple.WebKit.WebContent.xpc/Contents/MacOS/com.apple.WebKit.WebContent
   43863   2021-04-29  19:49:36        03:38    0.0    0.9     72916  106452832  /System/Library/Frameworks/WebKit.framework/Versions/A/XPCServices/com.apple.WebKit.WebContent.xpc/Contents/MacOS/com.apple.WebKit.WebContent
   43863   2021-04-29  19:49:37        03:40    0.6    0.9     73092  106454536  /System/Library/Frameworks/WebKit.framework/Versions/A/XPCServices/com.apple.WebKit.WebContent.xpc/Contents/MacOS/com.apple.WebKit.WebContent
   43863   2021-04-29  19:49:39        03:41    9.3    0.8     71020  106437376  /System/Library/Frameworks/WebKit.framework/Versions/A/XPCServices/com.apple.WebKit.WebContent.xpc/Contents/MacOS/com.apple.WebKit.WebContent
   43863   2021-04-29  19:49:40        03:42   11.2    0.9     71968  106471728  /System/Library/Frameworks/WebKit.framework/Versions/A/XPCServices/com.apple.WebKit.WebContent.xpc/Contents/MacOS/com.apple.WebKit.WebContent
   43863   2021-04-29  19:49:41        03:43    8.6    0.9     72008  106471728  /System/Library/Frameworks/WebKit.framework/Versions/A/XPCServices/com.apple.WebKit.WebContent.xpc/Contents/MacOS/com.apple.WebKit.WebContent
   43863   2021-04-29  19:49:42        03:44    2.8    0.9     72056  106471728  /System/Library/Frameworks/WebKit.framework/Versions/A/XPCServices/com.apple.WebKit.WebContent.xpc/Contents/MacOS/com.apple.WebKit.WebContent
   43863   2021-04-29  19:49:43        03:45    0.5    0.9     72056  106471728  /System/Library/Frameworks/WebKit.framework/Versions/A/XPCServices/com.apple.WebKit.WebContent.xpc/Contents/MacOS/com.apple.WebKit.WebContent
   43863   2021-04-29  19:49:44        03:46    0.6    0.9     72056  106471728  /System/Library/Frameworks/WebKit.framework/Versions/A/XPCServices/com.apple.WebKit.WebContent.xpc/Contents/MacOS/com.apple.WebKit.WebContent
   43863   2021-04-29  19:49:45        03:47    5.2    0.9     72056  106471728  /System/Library/Frameworks/WebKit.framework/Versions/A/XPCServices/com.apple.WebKit.WebContent.xpc/Contents/MacOS/com.apple.WebKit.WebContent
   43863   2021-04-29  19:49:46        03:48    1.5    0.9     72212  106455452  /System/Library/Frameworks/WebKit.framework/Versions/A/XPCServices/com.apple.WebKit.WebContent.xpc/Contents/MacOS/com.apple.WebKit.WebContent
   43863   2021-04-29  19:49:47        03:49    0.0    0.9     72212  106455452  /System/Library/Frameworks/WebKit.framework/Versions/A/XPCServices/com.apple.WebKit.WebContent.xpc/Contents/MacOS/com.apple.WebKit.WebContent
   43863   2021-04-29  19:49:48        03:50    1.2    0.9     72212  106455452  /System/Library/Frameworks/WebKit.framework/Versions/A/XPCServices/com.apple.WebKit.WebContent.xpc/Contents/MacOS/com.apple.WebKit.WebContent
   43863   2021-04-29  19:49:49        03:51    0.2    0.9     72212  106455452  /System/Library/Frameworks/WebKit.framework/Versions/A/XPCServices/com.apple.WebKit.WebContent.xpc/Contents/MacOS/com.apple.WebKit.WebContent
   43863   2021-04-29  19:49:50        03:53    2.8    0.9     72252  106455452  /System/Library/Frameworks/WebKit.framework/Versions/A/XPCServices/com.apple.WebKit.WebContent.xpc/Contents/MacOS/com.apple.WebKit.WebContent
   43863   2021-04-29  19:49:52        03:54    0.4    0.9     72180  106454884  /System/Library/Frameworks/WebKit.framework/Versions/A/XPCServices/com.apple.WebKit.WebContent.xpc/Contents/MacOS/com.apple.WebKit.WebContent
   43863   2021-04-29  19:49:53        03:55    0.0    0.9     72036  106454316  /System/Library/Frameworks/WebKit.framework/Versions/A/XPCServices/com.apple.WebKit.WebContent.xpc/Contents/MacOS/com.apple.WebKit.WebContent
   43863   2021-04-29  19:49:54        03:56    0.1    0.9     72036  106454316  /System/Library/Frameworks/WebKit.framework/Versions/A/XPCServices/com.apple.WebKit.WebContent.xpc/Contents/MacOS/com.apple.WebKit.WebContent
   43863   2021-04-29  19:49:55        03:57    0.0    0.9     72036  106454316  /System/Library/Frameworks/WebKit.framework/Versions/A/XPCServices/com.apple.WebKit.WebContent.xpc/Contents/MacOS/com.apple.WebKit.WebContent
   43863   2021-04-29  19:49:56        03:58    0.0    0.9     71796  106452612  /System/Library/Frameworks/WebKit.framework/Versions/A/XPCServices/com.apple.WebKit.WebContent.xpc/Contents/MacOS/com.apple.WebKit.WebContent
   43863   2021-04-29  19:49:57        03:59    0.0    0.9     71796  106452612  /System/Library/Frameworks/WebKit.framework/Versions/A/XPCServices/com.apple.WebKit.WebContent.xpc/Contents/MacOS/com.apple.WebKit.WebContent
   43863   2021-04-29  19:49:58        04:00    0.1    0.9     71796  106452612  /System/Library/Frameworks/WebKit.framework/Versions/A/XPCServices/com.apple.WebKit.WebContent.xpc/Contents/MacOS/com.apple.WebKit.WebContent
   43863   2021-04-29  19:49:59        04:01    0.0    0.9     71796  106452612  /System/Library/Frameworks/WebKit.framework/Versions/A/XPCServices/com.apple.WebKit.WebContent.xpc/Contents/MacOS/com.apple.WebKit.WebContent
   43863   2021-04-29  19:50:00        04:02    0.0    0.9     71676  106450952  /System/Library/Frameworks/WebKit.framework/Versions/A/XPCServices/com.apple.WebKit.WebContent.xpc/Contents/MacOS/com.apple.WebKit.WebContent
   43863   2021-04-29  19:50:01        04:03    0.0    0.9     71676  106450952  /System/Library/Frameworks/WebKit.framework/Versions/A/XPCServices/com.apple.WebKit.WebContent.xpc/Contents/MacOS/com.apple.WebKit.WebContent
   43863   2021-04-29  19:50:02        04:04    1.7    0.9     71676  106450952  /System/Library/Frameworks/WebKit.framework/Versions/A/XPCServices/com.apple.WebKit.WebContent.xpc/Contents/MacOS/com.apple.WebKit.WebContent
   43863   2021-04-29  19:50:03        04:05    0.0    0.9     71676  106450952  /System/Library/Frameworks/WebKit.framework/Versions/A/XPCServices/com.apple.WebKit.WebContent.xpc/Contents/MacOS/com.apple.WebKit.WebContent
   43863   2021-04-29  19:50:04        04:07    0.0    0.9     71676  106450952  /System/Library/Frameworks/WebKit.framework/Versions/A/XPCServices/com.apple.WebKit.WebContent.xpc/Contents/MacOS/com.apple.WebKit.WebContent
   43863   2021-04-29  19:50:06        04:08    0.0    0.9     71540  106450384  /System/Library/Frameworks/WebKit.framework/Versions/A/XPCServices/com.apple.WebKit.WebContent.xpc/Contents/MacOS/com.apple.WebKit.WebContent
   43863   2021-04-29  19:50:07        04:09    0.0    0.9     71540  106450384  /System/Library/Frameworks/WebKit.framework/Versions/A/XPCServices/com.apple.WebKit.WebContent.xpc/Contents/MacOS/com.apple.WebKit.WebContent
   43863   2021-04-29  19:50:08        04:10    1.0    0.9     71540  106450384  /System/Library/Frameworks/WebKit.framework/Versions/A/XPCServices/com.apple.WebKit.WebContent.xpc/Contents/MacOS/com.apple.WebKit.WebContent
   43863   2021-04-29  19:50:09        04:11    0.0    0.9     71540  106450384  /System/Library/Frameworks/WebKit.framework/Versions/A/XPCServices/com.apple.WebKit.WebContent.xpc/Contents/MacOS/com.apple.WebKit.WebContent
   43863   2021-04-29  19:50:10        04:12    0.0    0.9     71540  106450384  /System/Library/Frameworks/WebKit.framework/Versions/A/XPCServices/com.apple.WebKit.WebContent.xpc/Contents/MacOS/com.apple.WebKit.WebContent
   43863   2021-04-29  19:50:11        04:13    0.0    0.9     71540  106450384  /System/Library/Frameworks/WebKit.framework/Versions/A/XPCServices/com.apple.WebKit.WebContent.xpc/Contents/MacOS/com.apple.WebKit.WebContent
   43863   2021-04-29  19:50:12        04:14    0.0    0.9     71540  106450384  /System/Library/Frameworks/WebKit.framework/Versions/A/XPCServices/com.apple.WebKit.WebContent.xpc/Contents/MacOS/com.apple.WebKit.WebContent
   43863   2021-04-29  19:50:13        04:15    0.0    0.9     71540  106450384  /System/Library/Frameworks/WebKit.framework/Versions/A/XPCServices/com.apple.WebKit.WebContent.xpc/Contents/MacOS/com.apple.WebKit.WebContent
   43863   2021-04-29  19:50:14        04:16    0.0    0.9     71540  106450384  /System/Library/Frameworks/WebKit.framework/Versions/A/XPCServices/com.apple.WebKit.WebContent.xpc/Contents/MacOS/com.apple.WebKit.WebContent
   43863   2021-04-29  19:50:15        04:17    0.0    0.9     71540  106450384  /System/Library/Frameworks/WebKit.framework/Versions/A/XPCServices/com.apple.WebKit.WebContent.xpc/Contents/MacOS/com.apple.WebKit.WebContent
   43863   2021-04-29  19:50:16        04:18    0.0    0.9     71540  106450384  /System/Library/Frameworks/WebKit.framework/Versions/A/XPCServices/com.apple.WebKit.WebContent.xpc/Contents/MacOS/com.apple.WebKit.WebContent
   43863   2021-04-29  19:50:17        04:19    0.0    0.9     71540  106450384  /System/Library/Frameworks/WebKit.framework/Versions/A/XPCServices/com.apple.WebKit.WebContent.xpc/Contents/MacOS/com.apple.WebKit.WebContent
   43863   2021-04-29  19:50:18        04:20    0.0    0.9     71540  106450384  /System/Library/Frameworks/WebKit.framework/Versions/A/XPCServices/com.apple.WebKit.WebContent.xpc/Contents/MacOS/com.apple.WebKit.WebContent
   43863   2021-04-29  19:50:20        04:22    0.0    0.9     71540  106450384  /System/Library/Frameworks/WebKit.framework/Versions/A/XPCServices/com.apple.WebKit.WebContent.xpc/Contents/MacOS/com.apple.WebKit.WebContent
   43863   2021-04-29  19:50:21        04:23    0.0    0.9     71540  106450384  /System/Library/Frameworks/WebKit.framework/Versions/A/XPCServices/com.apple.WebKit.WebContent.xpc/Contents/MacOS/com.apple.WebKit.WebContent
   43863   2021-04-29  19:50:22        04:24    0.0    0.9     71540  106450384  /System/Library/Frameworks/WebKit.framework/Versions/A/XPCServices/com.apple.WebKit.WebContent.xpc/Contents/MacOS/com.apple.WebKit.WebContent
   43863   2021-04-29  19:50:23        04:25    0.0    0.9     71540  106450384  /System/Library/Frameworks/WebKit.framework/Versions/A/XPCServices/com.apple.WebKit.WebContent.xpc/Contents/MacOS/com.apple.WebKit.WebContent
   43863   2021-04-29  19:50:24        04:26    0.0    0.9     71540  106450384  /System/Library/Frameworks/WebKit.framework/Versions/A/XPCServices/com.apple.WebKit.WebContent.xpc/Contents/MacOS/com.apple.WebKit.WebContent
   43863   2021-04-29  19:50:25        04:27    0.0    0.9     71540  106450384  /System/Library/Frameworks/WebKit.framework/Versions/A/XPCServices/com.apple.WebKit.WebContent.xpc/Contents/MacOS/com.apple.WebKit.WebContent
   43863   2021-04-29  19:50:26        04:28   21.7    0.9     72104  106437112  /System/Library/Frameworks/WebKit.framework/Versions/A/XPCServices/com.apple.WebKit.WebContent.xpc/Contents/MacOS/com.apple.WebKit.WebContent
   43863   2021-04-29  19:50:27        04:29    3.1    0.9     72116  106437120  /System/Library/Frameworks/WebKit.framework/Versions/A/XPCServices/com.apple.WebKit.WebContent.xpc/Contents/MacOS/com.apple.WebKit.WebContent
   43863   2021-04-29  19:50:28        04:30    0.0    0.9     72116  106437120  /System/Library/Frameworks/WebKit.framework/Versions/A/XPCServices/com.apple.WebKit.WebContent.xpc/Contents/MacOS/com.apple.WebKit.WebContent
   43863   2021-04-29  19:50:29        04:31   10.4    0.9     72152  106471192  /System/Library/Frameworks/WebKit.framework/Versions/A/XPCServices/com.apple.WebKit.WebContent.xpc/Contents/MacOS/com.apple.WebKit.WebContent
   43863   2021-04-29  19:50:30        04:32    1.8    0.9     72224  106471760  /System/Library/Frameworks/WebKit.framework/Versions/A/XPCServices/com.apple.WebKit.WebContent.xpc/Contents/MacOS/com.apple.WebKit.WebContent
   43863   2021-04-29  19:50:31        04:33    1.0    0.9     72224  106471760  /System/Library/Frameworks/WebKit.framework/Versions/A/XPCServices/com.apple.WebKit.WebContent.xpc/Contents/MacOS/com.apple.WebKit.WebContent
   43863   2021-04-29  19:50:32        04:35    2.3    0.9     72228  106471760  /System/Library/Frameworks/WebKit.framework/Versions/A/XPCServices/com.apple.WebKit.WebContent.xpc/Contents/MacOS/com.apple.WebKit.WebContent
   43863   2021-04-29  19:50:34        04:36    8.8    0.9     72232  106471760  /System/Library/Frameworks/WebKit.framework/Versions/A/XPCServices/com.apple.WebKit.WebContent.xpc/Contents/MacOS/com.apple.WebKit.WebContent
   43863   2021-04-29  19:50:35        04:37   22.9    0.9     72284  106471760  /System/Library/Frameworks/WebKit.framework/Versions/A/XPCServices/com.apple.WebKit.WebContent.xpc/Contents/MacOS/com.apple.WebKit.WebContent
   43863   2021-04-29  19:50:36        04:38    0.4    0.9     72124  106470056  /System/Library/Frameworks/WebKit.framework/Versions/A/XPCServices/com.apple.WebKit.WebContent.xpc/Contents/MacOS/com.apple.WebKit.WebContent
   43863   2021-04-29  19:50:37        04:39    0.4    0.9     72124  106470056  /System/Library/Frameworks/WebKit.framework/Versions/A/XPCServices/com.apple.WebKit.WebContent.xpc/Contents/MacOS/com.apple.WebKit.WebContent
   43863   2021-04-29  19:50:38        04:40    1.1    0.9     72128  106470056  /System/Library/Frameworks/WebKit.framework/Versions/A/XPCServices/com.apple.WebKit.WebContent.xpc/Contents/MacOS/com.apple.WebKit.WebContent
   43863   2021-04-29  19:50:39        04:41    0.6    0.9     72128  106470056  /System/Library/Frameworks/WebKit.framework/Versions/A/XPCServices/com.apple.WebKit.WebContent.xpc/Contents/MacOS/com.apple.WebKit.WebContent
   43863   2021-04-29  19:50:40        04:42    0.4    0.9     72056  106469488  /System/Library/Frameworks/WebKit.framework/Versions/A/XPCServices/com.apple.WebKit.WebContent.xpc/Contents/MacOS/com.apple.WebKit.WebContent
   43863   2021-04-29  19:50:41        04:43    4.7    0.9     72216  106471184  /System/Library/Frameworks/WebKit.framework/Versions/A/XPCServices/com.apple.WebKit.WebContent.xpc/Contents/MacOS/com.apple.WebKit.WebContent
   43863   2021-04-29  19:50:42        04:44    0.3    0.9     72216  106471184  /System/Library/Frameworks/WebKit.framework/Versions/A/XPCServices/com.apple.WebKit.WebContent.xpc/Contents/MacOS/com.apple.WebKit.WebContent
   43863   2021-04-29  19:50:43        04:45    2.1    0.9     72216  106471184  /System/Library/Frameworks/WebKit.framework/Versions/A/XPCServices/com.apple.WebKit.WebContent.xpc/Contents/MacOS/com.apple.WebKit.WebContent
   43863   2021-04-29  19:50:44        04:46    1.4    0.9     72216  106471184  /System/Library/Frameworks/WebKit.framework/Versions/A/XPCServices/com.apple.WebKit.WebContent.xpc/Contents/MacOS/com.apple.WebKit.WebContent
   43863   2021-04-29  19:50:45        04:47    1.0    0.9     72092  106470048  /System/Library/Frameworks/WebKit.framework/Versions/A/XPCServices/com.apple.WebKit.WebContent.xpc/Contents/MacOS/com.apple.WebKit.WebContent
   43863   2021-04-29  19:50:46        04:49    2.4    0.9     72092  106470048  /System/Library/Frameworks/WebKit.framework/Versions/A/XPCServices/com.apple.WebKit.WebContent.xpc/Contents/MacOS/com.apple.WebKit.WebContent
   43863   2021-04-29  19:50:48        04:50    0.4    0.9     72092  106453012  /System/Library/Frameworks/WebKit.framework/Versions/A/XPCServices/com.apple.WebKit.WebContent.xpc/Contents/MacOS/com.apple.WebKit.WebContent
   43863   2021-04-29  19:50:49        04:51    7.3    0.9     72092  106453012  /System/Library/Frameworks/WebKit.framework/Versions/A/XPCServices/com.apple.WebKit.WebContent.xpc/Contents/MacOS/com.apple.WebKit.WebContent
   43863   2021-04-29  19:50:50        04:52    0.5    0.9     72144  106453580  /System/Library/Frameworks/WebKit.framework/Versions/A/XPCServices/com.apple.WebKit.WebContent.xpc/Contents/MacOS/com.apple.WebKit.WebContent
   43863   2021-04-29  19:50:51        04:53    0.4    0.9     72144  106453580  /System/Library/Frameworks/WebKit.framework/Versions/A/XPCServices/com.apple.WebKit.WebContent.xpc/Contents/MacOS/com.apple.WebKit.WebContent
   43863   2021-04-29  19:50:52        04:54    1.1    0.9     71992  106468912  /System/Library/Frameworks/WebKit.framework/Versions/A/XPCServices/com.apple.WebKit.WebContent.xpc/Contents/MacOS/com.apple.WebKit.WebContent
   43863   2021-04-29  19:50:53        04:55    0.8    0.9     72084  106468956  /System/Library/Frameworks/WebKit.framework/Versions/A/XPCServices/com.apple.WebKit.WebContent.xpc/Contents/MacOS/com.apple.WebKit.WebContent
   43863   2021-04-29  19:50:54        04:56    0.4    0.9     72088  106468956  /System/Library/Frameworks/WebKit.framework/Versions/A/XPCServices/com.apple.WebKit.WebContent.xpc/Contents/MacOS/com.apple.WebKit.WebContent
   43863   2021-04-29  19:50:55        04:57    0.5    0.9     72088  106468956  /System/Library/Frameworks/WebKit.framework/Versions/A/XPCServices/com.apple.WebKit.WebContent.xpc/Contents/MacOS/com.apple.WebKit.WebContent
   43863   2021-04-29  19:50:56        04:58    0.9    0.9     72088  106468956  /System/Library/Frameworks/WebKit.framework/Versions/A/XPCServices/com.apple.WebKit.WebContent.xpc/Contents/MacOS/com.apple.WebKit.WebContent
   43863   2021-04-29  19:50:57        04:59    1.2    0.9     72088  106468956  /System/Library/Frameworks/WebKit.framework/Versions/A/XPCServices/com.apple.WebKit.WebContent.xpc/Contents/MacOS/com.apple.WebKit.WebContent
   43863   2021-04-29  19:50:58        05:00    1.5    0.9     72088  106468956  /System/Library/Frameworks/WebKit.framework/Versions/A/XPCServices/com.apple.WebKit.WebContent.xpc/Contents/MacOS/com.apple.WebKit.WebContent
   43863   2021-04-29  19:50:59        05:01    1.5    0.9     72036  106468388  /System/Library/Frameworks/WebKit.framework/Versions/A/XPCServices/com.apple.WebKit.WebContent.xpc/Contents/MacOS/com.apple.WebKit.WebContent
   43863   2021-04-29  19:51:00        05:03    0.6    0.9     72036  106468388  /System/Library/Frameworks/WebKit.framework/Versions/A/XPCServices/com.apple.WebKit.WebContent.xpc/Contents/MacOS/com.apple.WebKit.WebContent
   43863   2021-04-29  19:51:02        05:04    1.9    0.9     72044  106476980  /System/Library/Frameworks/WebKit.framework/Versions/A/XPCServices/com.apple.WebKit.WebContent.xpc/Contents/MacOS/com.apple.WebKit.WebContent
   43863   2021-04-29  19:51:03        05:05    3.2    0.9     72052  106476980  /System/Library/Frameworks/WebKit.framework/Versions/A/XPCServices/com.apple.WebKit.WebContent.xpc/Contents/MacOS/com.apple.WebKit.WebContent
   43863   2021-04-29  19:51:04        05:06    1.6    0.9     72088  106476980  /System/Library/Frameworks/WebKit.framework/Versions/A/XPCServices/com.apple.WebKit.WebContent.xpc/Contents/MacOS/com.apple.WebKit.WebContent
   43863   2021-04-29  19:51:05        05:07    1.6    0.8     69276  106476980  /System/Library/Frameworks/WebKit.framework/Versions/A/XPCServices/com.apple.WebKit.WebContent.xpc/Contents/MacOS/com.apple.WebKit.WebContent
   43863   2021-04-29  19:51:06        05:08    0.6    0.8     69276  106476980  /System/Library/Frameworks/WebKit.framework/Versions/A/XPCServices/com.apple.WebKit.WebContent.xpc/Contents/MacOS/com.apple.WebKit.WebContent
   43863   2021-04-29  19:51:07        05:09    0.5    0.8     69276  106476980  /System/Library/Frameworks/WebKit.framework/Versions/A/XPCServices/com.apple.WebKit.WebContent.xpc/Contents/MacOS/com.apple.WebKit.WebContent
   43863   2021-04-29  19:51:08        05:10    7.6    0.8     69284  106476980  /System/Library/Frameworks/WebKit.framework/Versions/A/XPCServices/com.apple.WebKit.WebContent.xpc/Contents/MacOS/com.apple.WebKit.WebContent
   43863   2021-04-29  19:51:09        05:11   14.1    0.8     69608  106480724  /System/Library/Frameworks/WebKit.framework/Versions/A/XPCServices/com.apple.WebKit.WebContent.xpc/Contents/MacOS/com.apple.WebKit.WebContent
   43863   2021-04-29  19:51:10        05:12    1.2    0.8     69608  106480724  /System/Library/Frameworks/WebKit.framework/Versions/A/XPCServices/com.apple.WebKit.WebContent.xpc/Contents/MacOS/com.apple.WebKit.WebContent
   43863   2021-04-29  19:51:11        05:13    0.8    0.8     69608  106480596  /System/Library/Frameworks/WebKit.framework/Versions/A/XPCServices/com.apple.WebKit.WebContent.xpc/Contents/MacOS/com.apple.WebKit.WebContent
   43863   2021-04-29  19:51:12        05:14    0.5    0.8     69608  106480596  /System/Library/Frameworks/WebKit.framework/Versions/A/XPCServices/com.apple.WebKit.WebContent.xpc/Contents/MacOS/com.apple.WebKit.WebContent
   43863   2021-04-29  19:51:13        05:15    4.6    0.8     69612  106480596  /System/Library/Frameworks/WebKit.framework/Versions/A/XPCServices/com.apple.WebKit.WebContent.xpc/Contents/MacOS/com.apple.WebKit.WebContent
   43863   2021-04-29  19:51:14        05:16   15.2    0.8     69624  106480852  /System/Library/Frameworks/WebKit.framework/Versions/A/XPCServices/com.apple.WebKit.WebContent.xpc/Contents/MacOS/com.apple.WebKit.WebContent
   43863   2021-04-29  19:51:15        05:17   11.5    0.8     69624  106480852  /System/Library/Frameworks/WebKit.framework/Versions/A/XPCServices/com.apple.WebKit.WebContent.xpc/Contents/MacOS/com.apple.WebKit.WebContent
   43863   2021-04-29  19:51:16        05:18    2.2    0.8     69624  106480852  /System/Library/Frameworks/WebKit.framework/Versions/A/XPCServices/com.apple.WebKit.WebContent.xpc/Contents/MacOS/com.apple.WebKit.WebContent
   43863   2021-04-29  19:51:18        05:20    9.5    0.8     69624  106480852  /System/Library/Frameworks/WebKit.framework/Versions/A/XPCServices/com.apple.WebKit.WebContent.xpc/Contents/MacOS/com.apple.WebKit.WebContent
   43863   2021-04-29  19:51:19        05:21    7.2    0.8     69564  106480284  /System/Library/Frameworks/WebKit.framework/Versions/A/XPCServices/com.apple.WebKit.WebContent.xpc/Contents/MacOS/com.apple.WebKit.WebContent
   43863   2021-04-29  19:51:20        05:22    3.4    0.8     69492  106462680  /System/Library/Frameworks/WebKit.framework/Versions/A/XPCServices/com.apple.WebKit.WebContent.xpc/Contents/MacOS/com.apple.WebKit.WebContent
   43863   2021-04-29  19:51:21        05:23    0.9    0.8     69492  106462680  /System/Library/Frameworks/WebKit.framework/Versions/A/XPCServices/com.apple.WebKit.WebContent.xpc/Contents/MacOS/com.apple.WebKit.WebContent
   43863   2021-04-29  19:51:22        05:24    0.1    0.8     69496  106462680  /System/Library/Frameworks/WebKit.framework/Versions/A/XPCServices/com.apple.WebKit.WebContent.xpc/Contents/MacOS/com.apple.WebKit.WebContent
   43863   2021-04-29  19:51:23        05:25    0.5    0.8     69496  106462680  /System/Library/Frameworks/WebKit.framework/Versions/A/XPCServices/com.apple.WebKit.WebContent.xpc/Contents/MacOS/com.apple.WebKit.WebContent
   43863   2021-04-29  19:51:24        05:26    2.8    0.8     69496  106462680  /System/Library/Frameworks/WebKit.framework/Versions/A/XPCServices/com.apple.WebKit.WebContent.xpc/Contents/MacOS/com.apple.WebKit.WebContent
   43863   2021-04-29  19:51:25        05:27    5.2    0.8     69504  106462680  /System/Library/Frameworks/WebKit.framework/Versions/A/XPCServices/com.apple.WebKit.WebContent.xpc/Contents/MacOS/com.apple.WebKit.WebContent
   43863   2021-04-29  19:51:26        05:28    3.3    0.8     69504  106462680  /System/Library/Frameworks/WebKit.framework/Versions/A/XPCServices/com.apple.WebKit.WebContent.xpc/Contents/MacOS/com.apple.WebKit.WebContent
   43863   2021-04-29  19:51:27        05:29    0.4    0.8     69504  106462680  /System/Library/Frameworks/WebKit.framework/Versions/A/XPCServices/com.apple.WebKit.WebContent.xpc/Contents/MacOS/com.apple.WebKit.WebContent
   43863   2021-04-29  19:51:28        05:30    0.5    0.8     69504  106462680  /System/Library/Frameworks/WebKit.framework/Versions/A/XPCServices/com.apple.WebKit.WebContent.xpc/Contents/MacOS/com.apple.WebKit.WebContent
   43863   2021-04-29  19:51:29        05:31    3.1    0.8     69504  106462424  /System/Library/Frameworks/WebKit.framework/Versions/A/XPCServices/com.apple.WebKit.WebContent.xpc/Contents/MacOS/com.apple.WebKit.WebContent
   43863   2021-04-29  19:51:30        05:33    1.3    0.8     69512  106462424  /System/Library/Frameworks/WebKit.framework/Versions/A/XPCServices/com.apple.WebKit.WebContent.xpc/Contents/MacOS/com.apple.WebKit.WebContent
   43863   2021-04-29  19:51:32        05:34    2.2    0.8     69600  106462992  /System/Library/Frameworks/WebKit.framework/Versions/A/XPCServices/com.apple.WebKit.WebContent.xpc/Contents/MacOS/com.apple.WebKit.WebContent
   43863   2021-04-29  19:51:33        05:35    3.8    0.8     69936  106480596  /System/Library/Frameworks/WebKit.framework/Versions/A/XPCServices/com.apple.WebKit.WebContent.xpc/Contents/MacOS/com.apple.WebKit.WebContent
   43863   2021-04-29  19:51:34        05:36    8.1    0.8     70052  106481164  /System/Library/Frameworks/WebKit.framework/Versions/A/XPCServices/com.apple.WebKit.WebContent.xpc/Contents/MacOS/com.apple.WebKit.WebContent
   43863   2021-04-29  19:51:35        05:37    8.5    0.8     70208  106481180  /System/Library/Frameworks/WebKit.framework/Versions/A/XPCServices/com.apple.WebKit.WebContent.xpc/Contents/MacOS/com.apple.WebKit.WebContent
   43863   2021-04-29  19:51:36        05:38    6.0    0.8     70212  106481180  /System/Library/Frameworks/WebKit.framework/Versions/A/XPCServices/com.apple.WebKit.WebContent.xpc/Contents/MacOS/com.apple.WebKit.WebContent
   43863   2021-04-29  19:51:37        05:39    6.6    0.8     70220  106481180  /System/Library/Frameworks/WebKit.framework/Versions/A/XPCServices/com.apple.WebKit.WebContent.xpc/Contents/MacOS/com.apple.WebKit.WebContent
   43863   2021-04-29  19:51:38        05:40   13.8    0.8     70268  106483156  /System/Library/Frameworks/WebKit.framework/Versions/A/XPCServices/com.apple.WebKit.WebContent.xpc/Contents/MacOS/com.apple.WebKit.WebContent
   43863   2021-04-29  19:51:39        05:41    0.2    0.8     70268  106483156  /System/Library/Frameworks/WebKit.framework/Versions/A/XPCServices/com.apple.WebKit.WebContent.xpc/Contents/MacOS/com.apple.WebKit.WebContent
   43863   2021-04-29  19:51:40        05:42    0.7    0.8     70268  106483156  /System/Library/Frameworks/WebKit.framework/Versions/A/XPCServices/com.apple.WebKit.WebContent.xpc/Contents/MacOS/com.apple.WebKit.WebContent
   43863   2021-04-29  19:51:41        05:43    0.1    0.8     70268  106483156  /System/Library/Frameworks/WebKit.framework/Versions/A/XPCServices/com.apple.WebKit.WebContent.xpc/Contents/MacOS/com.apple.WebKit.WebContent
   43863   2021-04-29  19:51:42        05:44    0.0    0.8     70268  106483156  /System/Library/Frameworks/WebKit.framework/Versions/A/XPCServices/com.apple.WebKit.WebContent.xpc/Contents/MacOS/com.apple.WebKit.WebContent
   43863   2021-04-29  19:51:43        05:45    0.4    0.8     70136  106482588  /System/Library/Frameworks/WebKit.framework/Versions/A/XPCServices/com.apple.WebKit.WebContent.xpc/Contents/MacOS/com.apple.WebKit.WebContent
   43863   2021-04-29  19:51:44        05:47    0.0    0.8     70064  106482020  /System/Library/Frameworks/WebKit.framework/Versions/A/XPCServices/com.apple.WebKit.WebContent.xpc/Contents/MacOS/com.apple.WebKit.WebContent
   43863   2021-04-29  19:51:46        05:48    0.0    0.8     69848  106480884  /System/Library/Frameworks/WebKit.framework/Versions/A/XPCServices/com.apple.WebKit.WebContent.xpc/Contents/MacOS/com.apple.WebKit.WebContent
   43863   2021-04-29  19:51:47        05:49    0.0    0.8     69796  106480316  /System/Library/Frameworks/WebKit.framework/Versions/A/XPCServices/com.apple.WebKit.WebContent.xpc/Contents/MacOS/com.apple.WebKit.WebContent
   43863   2021-04-29  19:51:48        05:50    0.0    0.8     69796  106480316  /System/Library/Frameworks/WebKit.framework/Versions/A/XPCServices/com.apple.WebKit.WebContent.xpc/Contents/MacOS/com.apple.WebKit.WebContent
   43863   2021-04-29  19:51:49        05:51    0.0    0.8     69804  106446768  /System/Library/Frameworks/WebKit.framework/Versions/A/XPCServices/com.apple.WebKit.WebContent.xpc/Contents/MacOS/com.apple.WebKit.WebContent
   43863   2021-04-29  19:51:50        05:52    0.4    0.8     69804  106446768  /System/Library/Frameworks/WebKit.framework/Versions/A/XPCServices/com.apple.WebKit.WebContent.xpc/Contents/MacOS/com.apple.WebKit.WebContent
   43863   2021-04-29  19:51:51        05:53    0.4    0.8     69852  106446812  /System/Library/Frameworks/WebKit.framework/Versions/A/XPCServices/com.apple.WebKit.WebContent.xpc/Contents/MacOS/com.apple.WebKit.WebContent
   43863   2021-04-29  19:51:52        05:54    0.0    0.8     69852  106446812  /System/Library/Frameworks/WebKit.framework/Versions/A/XPCServices/com.apple.WebKit.WebContent.xpc/Contents/MacOS/com.apple.WebKit.WebContent
   43863   2021-04-29  19:51:53        05:55    0.0    0.8     69720  106446244  /System/Library/Frameworks/WebKit.framework/Versions/A/XPCServices/com.apple.WebKit.WebContent.xpc/Contents/MacOS/com.apple.WebKit.WebContent
   43863   2021-04-29  19:51:54        05:56    0.0    0.8     69720  106446244  /System/Library/Frameworks/WebKit.framework/Versions/A/XPCServices/com.apple.WebKit.WebContent.xpc/Contents/MacOS/com.apple.WebKit.WebContent
   43863   2021-04-29  19:51:55        05:57    0.4    0.8     69584  106445676  /System/Library/Frameworks/WebKit.framework/Versions/A/XPCServices/com.apple.WebKit.WebContent.xpc/Contents/MacOS/com.apple.WebKit.WebContent
   43863   2021-04-29  19:51:56        05:58    0.1    0.8     69584  106445676  /System/Library/Frameworks/WebKit.framework/Versions/A/XPCServices/com.apple.WebKit.WebContent.xpc/Contents/MacOS/com.apple.WebKit.WebContent
   43863   2021-04-29  19:51:57        05:59   15.7    0.8     69836  106480884  /System/Library/Frameworks/WebKit.framework/Versions/A/XPCServices/com.apple.WebKit.WebContent.xpc/Contents/MacOS/com.apple.WebKit.WebContent
   43863   2021-04-29  19:51:58        06:00    3.9    0.8     70012  106481452  /System/Library/Frameworks/WebKit.framework/Versions/A/XPCServices/com.apple.WebKit.WebContent.xpc/Contents/MacOS/com.apple.WebKit.WebContent
   43863   2021-04-29  19:51:59        06:02    5.1    0.8     70128  106482020  /System/Library/Frameworks/WebKit.framework/Versions/A/XPCServices/com.apple.WebKit.WebContent.xpc/Contents/MacOS/com.apple.WebKit.WebContent
   43863   2021-04-29  19:52:01        06:03    7.5    0.8     70212  106482020  /System/Library/Frameworks/WebKit.framework/Versions/A/XPCServices/com.apple.WebKit.WebContent.xpc/Contents/MacOS/com.apple.WebKit.WebContent
   43863   2021-04-29  19:52:02        06:04   18.6    0.8     70336  106484340  /System/Library/Frameworks/WebKit.framework/Versions/A/XPCServices/com.apple.WebKit.WebContent.xpc/Contents/MacOS/com.apple.WebKit.WebContent
   43863   2021-04-29  19:52:03        06:05    0.1    0.8     70336  106484340  /System/Library/Frameworks/WebKit.framework/Versions/A/XPCServices/com.apple.WebKit.WebContent.xpc/Contents/MacOS/com.apple.WebKit.WebContent
   43863   2021-04-29  19:52:04        06:06    0.0    0.8     70336  106484340  /System/Library/Frameworks/WebKit.framework/Versions/A/XPCServices/com.apple.WebKit.WebContent.xpc/Contents/MacOS/com.apple.WebKit.WebContent
   43863   2021-04-29  19:52:05        06:07    0.2    0.8     70336  106484340  /System/Library/Frameworks/WebKit.framework/Versions/A/XPCServices/com.apple.WebKit.WebContent.xpc/Contents/MacOS/com.apple.WebKit.WebContent
   43863   2021-04-29  19:52:06        06:08   12.9    0.8     70388  106484340  /System/Library/Frameworks/WebKit.framework/Versions/A/XPCServices/com.apple.WebKit.WebContent.xpc/Contents/MacOS/com.apple.WebKit.WebContent
   43863   2021-04-29  19:52:07        06:09    0.8    0.8     70424  106484864  /System/Library/Frameworks/WebKit.framework/Versions/A/XPCServices/com.apple.WebKit.WebContent.xpc/Contents/MacOS/com.apple.WebKit.WebContent
   43863   2021-04-29  19:52:08        06:10    3.0    0.8     70492  106484864  /System/Library/Frameworks/WebKit.framework/Versions/A/XPCServices/com.apple.WebKit.WebContent.xpc/Contents/MacOS/com.apple.WebKit.WebContent
   43863   2021-04-29  19:52:09        06:11    2.8    0.8     70548  106484864  /System/Library/Frameworks/WebKit.framework/Versions/A/XPCServices/com.apple.WebKit.WebContent.xpc/Contents/MacOS/com.apple.WebKit.WebContent
   43863   2021-04-29  19:52:10        06:12    0.7    0.8     70552  106484864  /System/Library/Frameworks/WebKit.framework/Versions/A/XPCServices/com.apple.WebKit.WebContent.xpc/Contents/MacOS/com.apple.WebKit.WebContent
   43863   2021-04-29  19:52:11        06:13   21.6    0.8     70652  106487016  /System/Library/Frameworks/WebKit.framework/Versions/A/XPCServices/com.apple.WebKit.WebContent.xpc/Contents/MacOS/com.apple.WebKit.WebContent
   43863   2021-04-29  19:52:12        06:15    0.3    0.8     70652  106486888  /System/Library/Frameworks/WebKit.framework/Versions/A/XPCServices/com.apple.WebKit.WebContent.xpc/Contents/MacOS/com.apple.WebKit.WebContent
   43863   2021-04-29  19:52:14        06:16    0.0    0.8     70652  106486888  /System/Library/Frameworks/WebKit.framework/Versions/A/XPCServices/com.apple.WebKit.WebContent.xpc/Contents/MacOS/com.apple.WebKit.WebContent
   43863   2021-04-29  19:52:15        06:17    0.0    0.8     70652  106486888  /System/Library/Frameworks/WebKit.framework/Versions/A/XPCServices/com.apple.WebKit.WebContent.xpc/Contents/MacOS/com.apple.WebKit.WebContent
   43863   2021-04-29  19:52:16        06:18    0.4    0.8     70652  106486888  /System/Library/Frameworks/WebKit.framework/Versions/A/XPCServices/com.apple.WebKit.WebContent.xpc/Contents/MacOS/com.apple.WebKit.WebContent
   43863   2021-04-29  19:52:17        06:19    0.0    0.8     70652  106486888  /System/Library/Frameworks/WebKit.framework/Versions/A/XPCServices/com.apple.WebKit.WebContent.xpc/Contents/MacOS/com.apple.WebKit.WebContent
   43863   2021-04-29  19:52:18        06:20    0.0    0.8     70508  106485752  /System/Library/Frameworks/WebKit.framework/Versions/A/XPCServices/com.apple.WebKit.WebContent.xpc/Contents/MacOS/com.apple.WebKit.WebContent
   43863   2021-04-29  19:52:19        06:21    0.0    0.8     70376  106485184  /System/Library/Frameworks/WebKit.framework/Versions/A/XPCServices/com.apple.WebKit.WebContent.xpc/Contents/MacOS/com.apple.WebKit.WebContent
   43863   2021-04-29  19:52:20        06:22    1.1    0.8     70376  106485184  /System/Library/Frameworks/WebKit.framework/Versions/A/XPCServices/com.apple.WebKit.WebContent.xpc/Contents/MacOS/com.apple.WebKit.WebContent
   43863   2021-04-29  19:52:21        06:23    3.0    0.8     70540  106487708  /System/Library/Frameworks/WebKit.framework/Versions/A/XPCServices/com.apple.WebKit.WebContent.xpc/Contents/MacOS/com.apple.WebKit.WebContent
   43863   2021-04-29  19:52:22        06:24    0.0    0.8     70540  106453508  /System/Library/Frameworks/WebKit.framework/Versions/A/XPCServices/com.apple.WebKit.WebContent.xpc/Contents/MacOS/com.apple.WebKit.WebContent
   43863   2021-04-29  19:52:23        06:25    0.0    0.8     70540  106453508  /System/Library/Frameworks/WebKit.framework/Versions/A/XPCServices/com.apple.WebKit.WebContent.xpc/Contents/MacOS/com.apple.WebKit.WebContent
   43863   2021-04-29  19:52:24        06:26    0.0    0.8     70540  106453508  /System/Library/Frameworks/WebKit.framework/Versions/A/XPCServices/com.apple.WebKit.WebContent.xpc/Contents/MacOS/com.apple.WebKit.WebContent
   43863   2021-04-29  19:52:25        06:27    0.2    0.8     70540  106453508  /System/Library/Frameworks/WebKit.framework/Versions/A/XPCServices/com.apple.WebKit.WebContent.xpc/Contents/MacOS/com.apple.WebKit.WebContent
   43863   2021-04-29  19:52:26        06:29   10.5    0.8     70564  106487596  /System/Library/Frameworks/WebKit.framework/Versions/A/XPCServices/com.apple.WebKit.WebContent.xpc/Contents/MacOS/com.apple.WebKit.WebContent
   43863   2021-04-29  19:52:28        06:30    8.0    0.9     71664  106443400  /System/Library/Frameworks/WebKit.framework/Versions/A/XPCServices/com.apple.WebKit.WebContent.xpc/Contents/MacOS/com.apple.WebKit.WebContent
   43863   2021-04-29  19:52:29        06:31    0.2    0.9     71672  106454796  /System/Library/Frameworks/WebKit.framework/Versions/A/XPCServices/com.apple.WebKit.WebContent.xpc/Contents/MacOS/com.apple.WebKit.WebContent
   43863   2021-04-29  19:52:30        06:32    0.0    0.9     71672  106454796  /System/Library/Frameworks/WebKit.framework/Versions/A/XPCServices/com.apple.WebKit.WebContent.xpc/Contents/MacOS/com.apple.WebKit.WebContent
   43863   2021-04-29  19:52:31        06:33   19.5    0.9     72056  106477836  /System/Library/Frameworks/WebKit.framework/Versions/A/XPCServices/com.apple.WebKit.WebContent.xpc/Contents/MacOS/com.apple.WebKit.WebContent
   43863   2021-04-29  19:52:32        06:34    2.0    0.9     73980  106440496  /System/Library/Frameworks/WebKit.framework/Versions/A/XPCServices/com.apple.WebKit.WebContent.xpc/Contents/MacOS/com.apple.WebKit.WebContent
   43863   2021-04-29  19:52:33        06:35    5.3    0.9     73980  106440496  /System/Library/Frameworks/WebKit.framework/Versions/A/XPCServices/com.apple.WebKit.WebContent.xpc/Contents/MacOS/com.apple.WebKit.WebContent
   43863   2021-04-29  19:52:34        06:36    7.0    0.9     74096  106457576  /System/Library/Frameworks/WebKit.framework/Versions/A/XPCServices/com.apple.WebKit.WebContent.xpc/Contents/MacOS/com.apple.WebKit.WebContent
   43863   2021-04-29  19:52:35        06:37    0.0    0.9     74096  106457576  /System/Library/Frameworks/WebKit.framework/Versions/A/XPCServices/com.apple.WebKit.WebContent.xpc/Contents/MacOS/com.apple.WebKit.WebContent
   43863   2021-04-29  19:52:36        06:38    0.7    0.9     74204  106457576  /System/Library/Frameworks/WebKit.framework/Versions/A/XPCServices/com.apple.WebKit.WebContent.xpc/Contents/MacOS/com.apple.WebKit.WebContent
   43863   2021-04-29  19:52:37        06:39    0.0    0.9     74204  106457576  /System/Library/Frameworks/WebKit.framework/Versions/A/XPCServices/com.apple.WebKit.WebContent.xpc/Contents/MacOS/com.apple.WebKit.WebContent
   43863   2021-04-29  19:52:38        06:40    0.0    0.9     74204  106457576  /System/Library/Frameworks/WebKit.framework/Versions/A/XPCServices/com.apple.WebKit.WebContent.xpc/Contents/MacOS/com.apple.WebKit.WebContent
   43863   2021-04-29  19:52:39        06:42    0.0    0.9     74204  106457576  /System/Library/Frameworks/WebKit.framework/Versions/A/XPCServices/com.apple.WebKit.WebContent.xpc/Contents/MacOS/com.apple.WebKit.WebContent
   43863   2021-04-29  19:52:41        06:43    0.1    0.9     74088  106457008  /System/Library/Frameworks/WebKit.framework/Versions/A/XPCServices/com.apple.WebKit.WebContent.xpc/Contents/MacOS/com.apple.WebKit.WebContent
   43863   2021-04-29  19:52:42        06:44    0.0    0.9     73616  106453032  /System/Library/Frameworks/WebKit.framework/Versions/A/XPCServices/com.apple.WebKit.WebContent.xpc/Contents/MacOS/com.apple.WebKit.WebContent
   43863   2021-04-29  19:52:43        06:45    0.0    0.9     73044  106453032  /System/Library/Frameworks/WebKit.framework/Versions/A/XPCServices/com.apple.WebKit.WebContent.xpc/Contents/MacOS/com.apple.WebKit.WebContent
   43863   2021-04-29  19:52:44        06:46    0.0    0.9     72072  106453032  /System/Library/Frameworks/WebKit.framework/Versions/A/XPCServices/com.apple.WebKit.WebContent.xpc/Contents/MacOS/com.apple.WebKit.WebContent
   43863   2021-04-29  19:52:45        06:47    0.4    0.8     71276  106436520  /System/Library/Frameworks/WebKit.framework/Versions/A/XPCServices/com.apple.WebKit.WebContent.xpc/Contents/MacOS/com.apple.WebKit.WebContent
   43863   2021-04-29  19:52:46        06:48    9.3    0.9     71560  106445684  /System/Library/Frameworks/WebKit.framework/Versions/A/XPCServices/com.apple.WebKit.WebContent.xpc/Contents/MacOS/com.apple.WebKit.WebContent
   43863   2021-04-29  19:52:47        06:49    6.3    0.9     72044  106481460  /System/Library/Frameworks/WebKit.framework/Versions/A/XPCServices/com.apple.WebKit.WebContent.xpc/Contents/MacOS/com.apple.WebKit.WebContent
   43863   2021-04-29  19:52:48        06:50    9.3    0.9     72048  106481460  /System/Library/Frameworks/WebKit.framework/Versions/A/XPCServices/com.apple.WebKit.WebContent.xpc/Contents/MacOS/com.apple.WebKit.WebContent
   43863   2021-04-29  19:52:49        06:51    0.3    0.9     72048  106481984  /System/Library/Frameworks/WebKit.framework/Versions/A/XPCServices/com.apple.WebKit.WebContent.xpc/Contents/MacOS/com.apple.WebKit.WebContent
   43863   2021-04-29  19:52:50        06:52   19.6    0.9     72432  106497124  /System/Library/Frameworks/WebKit.framework/Versions/A/XPCServices/com.apple.WebKit.WebContent.xpc/Contents/MacOS/com.apple.WebKit.WebContent
   43863   2021-04-29  19:52:51        06:53   26.7    0.9     72524  106497124  /System/Library/Frameworks/WebKit.framework/Versions/A/XPCServices/com.apple.WebKit.WebContent.xpc/Contents/MacOS/com.apple.WebKit.WebContent
   43863   2021-04-29  19:52:52        06:55    3.9    0.9     72532  106497124  /System/Library/Frameworks/WebKit.framework/Versions/A/XPCServices/com.apple.WebKit.WebContent.xpc/Contents/MacOS/com.apple.WebKit.WebContent
   43863   2021-04-29  19:52:54        06:56    6.5    0.9     72596  106497124  /System/Library/Frameworks/WebKit.framework/Versions/A/XPCServices/com.apple.WebKit.WebContent.xpc/Contents/MacOS/com.apple.WebKit.WebContent
   43863   2021-04-29  19:52:55        06:57    5.0    0.9     72628  106497124  /System/Library/Frameworks/WebKit.framework/Versions/A/XPCServices/com.apple.WebKit.WebContent.xpc/Contents/MacOS/com.apple.WebKit.WebContent
   43863   2021-04-29  19:52:56        06:58    8.8    0.9     73020  106497124  /System/Library/Frameworks/WebKit.framework/Versions/A/XPCServices/com.apple.WebKit.WebContent.xpc/Contents/MacOS/com.apple.WebKit.WebContent
   43863   2021-04-29  19:52:57        06:59   34.0    0.9     73216  106495420  /System/Library/Frameworks/WebKit.framework/Versions/A/XPCServices/com.apple.WebKit.WebContent.xpc/Contents/MacOS/com.apple.WebKit.WebContent
   43863   2021-04-29  19:52:58        07:00   11.8    0.9     73220  106495420  /System/Library/Frameworks/WebKit.framework/Versions/A/XPCServices/com.apple.WebKit.WebContent.xpc/Contents/MacOS/com.apple.WebKit.WebContent
   43863   2021-04-29  19:52:59        07:01    0.6    0.9     73220  106495420  /System/Library/Frameworks/WebKit.framework/Versions/A/XPCServices/com.apple.WebKit.WebContent.xpc/Contents/MacOS/com.apple.WebKit.WebContent
   43863   2021-04-29  19:53:00        07:02   26.6    0.9     73436  106495420  /System/Library/Frameworks/WebKit.framework/Versions/A/XPCServices/com.apple.WebKit.WebContent.xpc/Contents/MacOS/com.apple.WebKit.WebContent
   43863   2021-04-29  19:53:01        07:03    7.5    0.9     73516  106472920  /System/Library/Frameworks/WebKit.framework/Versions/A/XPCServices/com.apple.WebKit.WebContent.xpc/Contents/MacOS/com.apple.WebKit.WebContent
   43863   2021-04-29  19:53:02        07:04    0.0    0.9     73516  106472920  /System/Library/Frameworks/WebKit.framework/Versions/A/XPCServices/com.apple.WebKit.WebContent.xpc/Contents/MacOS/com.apple.WebKit.WebContent
   43863   2021-04-29  19:53:03        07:05    1.0    0.9     73524  106472920  /System/Library/Frameworks/WebKit.framework/Versions/A/XPCServices/com.apple.WebKit.WebContent.xpc/Contents/MacOS/com.apple.WebKit.WebContent
   43863   2021-04-29  19:53:04        07:06    0.9    0.9     73532  106472920  /System/Library/Frameworks/WebKit.framework/Versions/A/XPCServices/com.apple.WebKit.WebContent.xpc/Contents/MacOS/com.apple.WebKit.WebContent
   43863   2021-04-29  19:53:05        07:08   14.5    0.9     73648  106472920  /System/Library/Frameworks/WebKit.framework/Versions/A/XPCServices/com.apple.WebKit.WebContent.xpc/Contents/MacOS/com.apple.WebKit.WebContent
   43863   2021-04-29  19:53:07        07:09    0.6    0.9     73652  106472920  /System/Library/Frameworks/WebKit.framework/Versions/A/XPCServices/com.apple.WebKit.WebContent.xpc/Contents/MacOS/com.apple.WebKit.WebContent
   43863   2021-04-29  19:53:08        07:10    0.7    0.9     73664  106472920  /System/Library/Frameworks/WebKit.framework/Versions/A/XPCServices/com.apple.WebKit.WebContent.xpc/Contents/MacOS/com.apple.WebKit.WebContent
   43863   2021-04-29  19:53:09        07:11    2.2    0.9     74676  106491684  /System/Library/Frameworks/WebKit.framework/Versions/A/XPCServices/com.apple.WebKit.WebContent.xpc/Contents/MacOS/com.apple.WebKit.WebContent
   43863   2021-04-29  19:53:10        07:12    1.1    0.9     74776  106440564  /System/Library/Frameworks/WebKit.framework/Versions/A/XPCServices/com.apple.WebKit.WebContent.xpc/Contents/MacOS/com.apple.WebKit.WebContent
   43863   2021-04-29  19:53:11        07:13    0.0    0.9     74776  106440564  /System/Library/Frameworks/WebKit.framework/Versions/A/XPCServices/com.apple.WebKit.WebContent.xpc/Contents/MacOS/com.apple.WebKit.WebContent
   43863   2021-04-29  19:53:12        07:14    0.0    0.9     74776  106440564  /System/Library/Frameworks/WebKit.framework/Versions/A/XPCServices/com.apple.WebKit.WebContent.xpc/Contents/MacOS/com.apple.WebKit.WebContent
   43863   2021-04-29  19:53:13        07:15    0.0    0.9     74776  106440564  /System/Library/Frameworks/WebKit.framework/Versions/A/XPCServices/com.apple.WebKit.WebContent.xpc/Contents/MacOS/com.apple.WebKit.WebContent
   43863   2021-04-29  19:53:14        07:16    0.6    0.9     74856  106440564  /System/Library/Frameworks/WebKit.framework/Versions/A/XPCServices/com.apple.WebKit.WebContent.xpc/Contents/MacOS/com.apple.WebKit.WebContent
   43863   2021-04-29  19:53:15        07:17    0.0    0.9     74856  106440564  /System/Library/Frameworks/WebKit.framework/Versions/A/XPCServices/com.apple.WebKit.WebContent.xpc/Contents/MacOS/com.apple.WebKit.WebContent
   43863   2021-04-29  19:53:16        07:18    0.0    0.9     74640  106439428  /System/Library/Frameworks/WebKit.framework/Versions/A/XPCServices/com.apple.WebKit.WebContent.xpc/Contents/MacOS/com.apple.WebKit.WebContent
   43863   2021-04-29  19:53:17        07:19    0.0    0.9     74640  106439428  /System/Library/Frameworks/WebKit.framework/Versions/A/XPCServices/com.apple.WebKit.WebContent.xpc/Contents/MacOS/com.apple.WebKit.WebContent
   43863   2021-04-29  19:53:18        07:20    0.2    0.9     74640  106439428  /System/Library/Frameworks/WebKit.framework/Versions/A/XPCServices/com.apple.WebKit.WebContent.xpc/Contents/MacOS/com.apple.WebKit.WebContent
   43863   2021-04-29  19:53:19        07:22    3.9    0.9     74216  106436020  /System/Library/Frameworks/WebKit.framework/Versions/A/XPCServices/com.apple.WebKit.WebContent.xpc/Contents/MacOS/com.apple.WebKit.WebContent
   43863   2021-04-29  19:53:21        07:23   18.2    0.9     75076  106469076  /System/Library/Frameworks/WebKit.framework/Versions/A/XPCServices/com.apple.WebKit.WebContent.xpc/Contents/MacOS/com.apple.WebKit.WebContent
   43863   2021-04-29  19:53:22        07:24   21.8    1.0     80796  106489556  /System/Library/Frameworks/WebKit.framework/Versions/A/XPCServices/com.apple.WebKit.WebContent.xpc/Contents/MacOS/com.apple.WebKit.WebContent
   43863   2021-04-29  19:53:23        07:25   10.4    1.0     81132  106504332  /System/Library/Frameworks/WebKit.framework/Versions/A/XPCServices/com.apple.WebKit.WebContent.xpc/Contents/MacOS/com.apple.WebKit.WebContent
   43863   2021-04-29  19:53:24        07:26    4.9    1.0     81412  106504380  /System/Library/Frameworks/WebKit.framework/Versions/A/XPCServices/com.apple.WebKit.WebContent.xpc/Contents/MacOS/com.apple.WebKit.WebContent
   43863   2021-04-29  19:53:25        07:27    0.0    1.0     81412  106504380  /System/Library/Frameworks/WebKit.framework/Versions/A/XPCServices/com.apple.WebKit.WebContent.xpc/Contents/MacOS/com.apple.WebKit.WebContent
   43863   2021-04-29  19:53:26        07:28   11.0    1.0     81492  106504380  /System/Library/Frameworks/WebKit.framework/Versions/A/XPCServices/com.apple.WebKit.WebContent.xpc/Contents/MacOS/com.apple.WebKit.WebContent
   43863   2021-04-29  19:53:27        07:29   10.2    1.0     83056  106508164  /System/Library/Frameworks/WebKit.framework/Versions/A/XPCServices/com.apple.WebKit.WebContent.xpc/Contents/MacOS/com.apple.WebKit.WebContent
   43863   2021-04-29  19:53:28        07:30    4.8    1.0     83080  106508544  /System/Library/Frameworks/WebKit.framework/Versions/A/XPCServices/com.apple.WebKit.WebContent.xpc/Contents/MacOS/com.apple.WebKit.WebContent
   43863   2021-04-29  19:53:29        07:31    7.1    1.0     83080  106508544  /System/Library/Frameworks/WebKit.framework/Versions/A/XPCServices/com.apple.WebKit.WebContent.xpc/Contents/MacOS/com.apple.WebKit.WebContent
   43863   2021-04-29  19:53:30        07:32   10.4    1.0     83104  106508544  /System/Library/Frameworks/WebKit.framework/Versions/A/XPCServices/com.apple.WebKit.WebContent.xpc/Contents/MacOS/com.apple.WebKit.WebContent
   43863   2021-04-29  19:53:31        07:33    3.4    1.0     83104  106508544  /System/Library/Frameworks/WebKit.framework/Versions/A/XPCServices/com.apple.WebKit.WebContent.xpc/Contents/MacOS/com.apple.WebKit.WebContent
   43863   2021-04-29  19:53:32        07:35   13.6    1.0     84504  106503664  /System/Library/Frameworks/WebKit.framework/Versions/A/XPCServices/com.apple.WebKit.WebContent.xpc/Contents/MacOS/com.apple.WebKit.WebContent
   43863   2021-04-29  19:53:34        07:36    0.3    1.0     84340  106501960  /System/Library/Frameworks/WebKit.framework/Versions/A/XPCServices/com.apple.WebKit.WebContent.xpc/Contents/MacOS/com.apple.WebKit.WebContent
   43863   2021-04-29  19:53:35        07:37   10.8    1.0     84340  106501960  /System/Library/Frameworks/WebKit.framework/Versions/A/XPCServices/com.apple.WebKit.WebContent.xpc/Contents/MacOS/com.apple.WebKit.WebContent
   43863   2021-04-29  19:53:36        07:38   39.5    1.0     84776  106452324  /System/Library/Frameworks/WebKit.framework/Versions/A/XPCServices/com.apple.WebKit.WebContent.xpc/Contents/MacOS/com.apple.WebKit.WebContent
   43863   2021-04-29  19:53:37        07:39    1.4    1.0     84724  106485836  /System/Library/Frameworks/WebKit.framework/Versions/A/XPCServices/com.apple.WebKit.WebContent.xpc/Contents/MacOS/com.apple.WebKit.WebContent
   43863   2021-04-29  19:53:38        07:40    0.1    1.0     84724  106485836  /System/Library/Frameworks/WebKit.framework/Versions/A/XPCServices/com.apple.WebKit.WebContent.xpc/Contents/MacOS/com.apple.WebKit.WebContent
